#
# There is insufficient memory for the Java Runtime Environment to continue.
# Native memory allocation (malloc) failed to allocate 1688496 bytes for Chunk::new
# Possible reasons:
#   The system is out of physical RAM or swap space
#   The process is running with CompressedOops enabled, and the Java Heap may be blocking the growth of the native heap
# Possible solutions:
#   Reduce memory load on the system
#   Increase physical memory or swap space
#   Check if swap backing store is full
#   Decrease Java heap size (-Xmx/-Xms)
#   Decrease number of Java threads
#   Decrease Java thread stack sizes (-Xss)
#   Set larger code cache with -XX:ReservedCodeCacheSize=
#   JVM is running with Unscaled Compressed Oops mode in which the Java heap is
#     placed in the first 4GB address space. The Java Heap base address is the
#     maximum limit for the native heap growth. Please use -XX:HeapBaseMinAddress
#     to set the Java Heap base and to place the Java Heap above 4GB virtual address.
# This output file may be truncated or incomplete.
#
#  Out of Memory Error (arena.cpp:189), pid=25800, tid=26260
#
# JRE version: Java(TM) SE Runtime Environment (17.0.11+7) (build 17.0.11+7-LTS-207)
# Java VM: Java HotSpot(TM) 64-Bit Server VM (17.0.11+7-LTS-207, mixed mode, sharing, tiered, compressed oops, compressed class ptrs, g1 gc, windows-amd64)
# No core dump will be written. Minidumps are not enabled by default on client versions of Windows
#

---------------  S U M M A R Y ------------

Command Line: --add-opens=java.base/java.util=ALL-UNNAMED --add-opens=java.base/java.lang=ALL-UNNAMED --add-opens=java.base/java.lang.invoke=ALL-UNNAMED --add-opens=java.prefs/java.util.prefs=ALL-UNNAMED --add-opens=java.base/java.nio.charset=ALL-UNNAMED --add-opens=java.base/java.net=ALL-UNNAMED --add-opens=java.base/java.util.concurrent.atomic=ALL-UNNAMED -XX:MaxMetaspaceSize=256m -XX:+HeapDumpOnOutOfMemoryError -Xms256m -Xmx512m -Dfile.encoding=windows-1252 -Duser.country=GB -Duser.language=en -Duser.variant org.gradle.launcher.daemon.bootstrap.GradleDaemon 7.6.3

Host: AMD Ryzen 5 3500U with Radeon Vega Mobile Gfx  , 8 cores, 5G,  Windows 11 , 64 bit Build 22621 (10.0.22621.3958)
Time: Mon Sep 16 06:56:48 2024 GMT Summer Time elapsed time: 279.881792 seconds (0d 0h 4m 39s)

---------------  T H R E A D  ---------------

Current thread (0x00000191c1b209d0):  JavaThread "C2 CompilerThread0" daemon [_thread_in_native, id=26260, stack(0x0000004c96a00000,0x0000004c96b00000)]


Current CompileTask:
C2: 279882 12977       4       org.gradle.api.internal.attributes.DefaultAttributesSchema$DefaultAttributeMatcher::matches (17 bytes)

Stack: [0x0000004c96a00000,0x0000004c96b00000]
Native frames: (J=compiled Java code, j=interpreted, Vv=VM code, C=native code)
V  [jvm.dll+0x679cca]
V  [jvm.dll+0x7da13d]
V  [jvm.dll+0x7dba83]
V  [jvm.dll+0x7dc0f3]
V  [jvm.dll+0x2449af]
V  [jvm.dll+0xab83b]
V  [jvm.dll+0xabe1c]
V  [jvm.dll+0x36155f]
V  [jvm.dll+0x32bd61]
V  [jvm.dll+0x32b1fa]
V  [jvm.dll+0x2161df]
V  [jvm.dll+0x21560f]
V  [jvm.dll+0x1a2040]
V  [jvm.dll+0x225a2b]
V  [jvm.dll+0x223bcb]
V  [jvm.dll+0x7903ec]
V  [jvm.dll+0x78a85a]
V  [jvm.dll+0x678bb5]
C  [ucrtbase.dll+0x29333]
C  [KERNEL32.DLL+0x1257d]
C  [ntdll.dll+0x5af28]


---------------  P R O C E S S  ---------------

Threads class SMR info:
_java_thread_list=0x00000191d844a970, length=135, elements={
0x00000191a71f2260, 0x00000191c1b00a70, 0x00000191c1b016f0, 0x00000191c1b1a860,
0x00000191c1b1b220, 0x00000191c1b1bbe0, 0x00000191c1b1d5b0, 0x00000191c1b209d0,
0x00000191c1b2dcc0, 0x00000191c1b315f0, 0x00000191d40f3800, 0x00000191d40f7f20,
0x00000191d54ec210, 0x00000191d5861ab0, 0x00000191d585e4d0, 0x00000191d5a360f0,
0x00000191d5a33360, 0x00000191d5a33870, 0x00000191d5a33d80, 0x00000191d5a34290,
0x00000191d5e1e300, 0x00000191d5e1f230, 0x00000191d5e1f740, 0x00000191d5e1fc50,
0x00000191d5e1cec0, 0x00000191d5e1c9b0, 0x00000191d5e1bf90, 0x00000191d5e20160,
0x00000191d5e1d8e0, 0x00000191d5ba54a0, 0x00000191d5ba9160, 0x00000191d88b77d0,
0x00000191d88b9630, 0x00000191d88b8700, 0x00000191d88b8c10, 0x00000191d88b9b40,
0x00000191d88ba050, 0x00000191d88baf80, 0x00000191d88ba560, 0x00000191d88baa70,
0x00000191d84520b0, 0x00000191d8455d70, 0x00000191d844f830, 0x00000191d8451ba0,
0x00000191d8453f10, 0x00000191d844fd40, 0x00000191d8452ad0, 0x00000191d8454420,
0x00000191d84525c0, 0x00000191d8452fe0, 0x00000191d8450250, 0x00000191d8455860,
0x00000191d8454930, 0x00000191d84534f0, 0x00000191d8450760, 0x00000191d8450c70,
0x00000191d8451180, 0x00000191d8453a00, 0x00000191d844f320, 0x00000191d8454e40,
0x00000191d8455350, 0x00000191d8456280, 0x00000191d8456790, 0x00000191d8456ca0,
0x00000191d7cac330, 0x00000191d7ca6300, 0x00000191d7ca8b80, 0x00000191d7ca9ab0,
0x00000191d7ca9090, 0x00000191d7ca58e0, 0x00000191d7cab910, 0x00000191d7cac840,
0x00000191d7ca7230, 0x00000191d7ca95a0, 0x00000191d7ca53d0, 0x00000191d7cab400,
0x00000191d7cacd50, 0x00000191d7ca5df0, 0x00000191d7caa4d0, 0x00000191d7caa9e0,
0x00000191d7ca7740, 0x00000191d7ca7c50, 0x00000191d7ca8160, 0x00000191d7ca9fc0,
0x00000191d7cabe20, 0x00000191d7ca8670, 0x00000191d7caaef0, 0x00000191d5baafc0,
0x00000191d5ba8740, 0x00000191d5ba59b0, 0x00000191d5ba9670, 0x00000191d5ba4a80,
0x00000191d5baaab0, 0x00000191d5bab4d0, 0x00000191d5ba7810, 0x00000191d5ba8c50,
0x00000191d5ba9b80, 0x00000191d5ba5ec0, 0x00000191d5baa090, 0x00000191d5baa5a0,
0x00000191d5ba63d0, 0x00000191d5ba68e0, 0x00000191d5ba6df0, 0x00000191d5ba7300,
0x00000191d5ba4060, 0x00000191d5bab9e0, 0x00000191d5ba7d20, 0x00000191d5ba8230,
0x00000191d5e1a130, 0x00000191d5e1c4a0, 0x00000191d5e19710, 0x00000191d5e1d3d0,
0x00000191d5e1ddf0, 0x00000191d5e1e810, 0x00000191d5e1ed20, 0x00000191d5e1ba80,
0x00000191d5e20670, 0x00000191d5e1b060, 0x00000191d5e1a640, 0x00000191d5e20b80,
0x00000191d5e21090, 0x00000191d5e19c20, 0x00000191d5e1ab50, 0x00000191d76a0090,
0x00000191d76a05a0, 0x00000191d76a2e20, 0x00000191d76a3330, 0x00000191d76a14d0,
0x00000191d76a0ab0, 0x00000191d76a0fc0, 0x00000191d76a19e0, 0x00000191d76a1ef0,
0x00000191d76a2400, 0x00000191d9683c20, 0x00000191d6201750
}

Java Threads: ( => current thread )
  0x00000191a71f2260 JavaThread "main" [_thread_blocked, id=17856, stack(0x0000004c95d00000,0x0000004c95e00000)]
  0x00000191c1b00a70 JavaThread "Reference Handler" daemon [_thread_blocked, id=14388, stack(0x0000004c96400000,0x0000004c96500000)]
  0x00000191c1b016f0 JavaThread "Finalizer" daemon [_thread_blocked, id=23796, stack(0x0000004c96500000,0x0000004c96600000)]
  0x00000191c1b1a860 JavaThread "Signal Dispatcher" daemon [_thread_blocked, id=17032, stack(0x0000004c96600000,0x0000004c96700000)]
  0x00000191c1b1b220 JavaThread "Attach Listener" daemon [_thread_blocked, id=26448, stack(0x0000004c96700000,0x0000004c96800000)]
  0x00000191c1b1bbe0 JavaThread "Service Thread" daemon [_thread_blocked, id=23084, stack(0x0000004c96800000,0x0000004c96900000)]
  0x00000191c1b1d5b0 JavaThread "Monitor Deflation Thread" daemon [_thread_blocked, id=26488, stack(0x0000004c96900000,0x0000004c96a00000)]
=>0x00000191c1b209d0 JavaThread "C2 CompilerThread0" daemon [_thread_in_native, id=26260, stack(0x0000004c96a00000,0x0000004c96b00000)]
  0x00000191c1b2dcc0 JavaThread "C1 CompilerThread0" daemon [_thread_blocked, id=12524, stack(0x0000004c96b00000,0x0000004c96c00000)]
  0x00000191c1b315f0 JavaThread "Sweeper thread" daemon [_thread_blocked, id=26952, stack(0x0000004c96c00000,0x0000004c96d00000)]
  0x00000191d40f3800 JavaThread "Common-Cleaner" daemon [_thread_blocked, id=2336, stack(0x0000004c96d00000,0x0000004c96e00000)]
  0x00000191d40f7f20 JavaThread "Notification Thread" daemon [_thread_blocked, id=23436, stack(0x0000004c96e00000,0x0000004c96f00000)]
  0x00000191d54ec210 JavaThread "Daemon health stats" [_thread_blocked, id=19208, stack(0x0000004c97500000,0x0000004c97600000)]
  0x00000191d5861ab0 JavaThread "Incoming local TCP Connector on port 58906" [_thread_in_native, id=18100, stack(0x0000004c97600000,0x0000004c97700000)]
  0x00000191d585e4d0 JavaThread "Daemon periodic checks" [_thread_blocked, id=6044, stack(0x0000004c97700000,0x0000004c97800000)]
  0x00000191d5a360f0 JavaThread "Cache worker for journal cache (C:\gradle\gradle-8.4\caches\journal-1)" [_thread_blocked, id=7912, stack(0x0000004c97f00000,0x0000004c98000000)]
  0x00000191d5a33360 JavaThread "File lock request listener" [_thread_in_native, id=27384, stack(0x0000004c98000000,0x0000004c98100000)]
  0x00000191d5a33870 JavaThread "Cache worker for file hash cache (C:\gradle\gradle-8.4\caches\7.6.3\fileHashes)" [_thread_blocked, id=26912, stack(0x0000004c98100000,0x0000004c98200000)]
  0x00000191d5a33d80 JavaThread "File watcher server" daemon [_thread_in_native, id=12272, stack(0x0000004c98200000,0x0000004c98300000)]
  0x00000191d5a34290 JavaThread "File watcher consumer" daemon [_thread_blocked, id=27336, stack(0x0000004c98300000,0x0000004c98400000)]
  0x00000191d5e1e300 JavaThread "Cache worker for file content cache (C:\gradle\gradle-8.4\caches\7.6.3\fileContent)" [_thread_blocked, id=14916, stack(0x0000004c98600000,0x0000004c98700000)]
  0x00000191d5e1f230 JavaThread "Cache worker for execution history cache (C:\gradle\gradle-8.4\caches\7.6.3\executionHistory)" [_thread_blocked, id=14824, stack(0x0000004c98c00000,0x0000004c98d00000)]
  0x00000191d5e1f740 JavaThread "jar transforms" [_thread_blocked, id=26972, stack(0x0000004c98d00000,0x0000004c98e00000)]
  0x00000191d5e1fc50 JavaThread "jar transforms Thread 2" [_thread_blocked, id=24772, stack(0x0000004c98e00000,0x0000004c98f00000)]
  0x00000191d5e1cec0 JavaThread "jar transforms Thread 3" [_thread_blocked, id=18584, stack(0x0000004c98f00000,0x0000004c99000000)]
  0x00000191d5e1c9b0 JavaThread "jar transforms Thread 4" [_thread_blocked, id=26724, stack(0x0000004c99000000,0x0000004c99100000)]
  0x00000191d5e1bf90 JavaThread "jar transforms Thread 5" [_thread_blocked, id=26456, stack(0x0000004c99100000,0x0000004c99200000)]
  0x00000191d5e20160 JavaThread "jar transforms Thread 6" [_thread_blocked, id=18056, stack(0x0000004c99200000,0x0000004c99300000)]
  0x00000191d5e1d8e0 JavaThread "jar transforms Thread 7" [_thread_blocked, id=25436, stack(0x0000004c99400000,0x0000004c99500000)]
  0x00000191d5ba54a0 JavaThread "jar transforms Thread 8" [_thread_blocked, id=14320, stack(0x0000004c9a900000,0x0000004c9aa00000)]
  0x00000191d5ba9160 JavaThread "Memory manager" [_thread_blocked, id=24420, stack(0x0000004c9aa00000,0x0000004c9ab00000)]
  0x00000191d88b77d0 JavaThread "Daemon Thread 2" [_thread_blocked, id=2176, stack(0x0000004c95a00000,0x0000004c95b00000)]
  0x00000191d88b9630 JavaThread "Handler for socket connection from /127.0.0.1:58906 to /127.0.0.1:60273" [_thread_in_native, id=13464, stack(0x0000004c95b00000,0x0000004c95c00000)]
  0x00000191d88b8700 JavaThread "Cancel handler" [_thread_blocked, id=11920, stack(0x0000004c95c00000,0x0000004c95d00000)]
  0x00000191d88b8c10 JavaThread "Daemon worker Thread 2" [_thread_blocked, id=10364, stack(0x0000004c97800000,0x0000004c97900000)]
  0x00000191d88b9b40 JavaThread "Asynchronous log dispatcher for DefaultDaemonConnection: socket connection from /127.0.0.1:58906 to /127.0.0.1:60273" [_thread_blocked, id=13876, stack(0x0000004c97900000,0x0000004c97a00000)]
  0x00000191d88ba050 JavaThread "Stdin handler" [_thread_blocked, id=3656, stack(0x0000004c97a00000,0x0000004c97b00000)]
  0x00000191d88baf80 JavaThread "Daemon client event forwarder" [_thread_blocked, id=19360, stack(0x0000004c97b00000,0x0000004c97c00000)]
  0x00000191d88ba560 JavaThread "Cache worker for checksums cache (C:\Users\barry\src\SmokPromNew\.gradle\7.6.3\checksums)" [_thread_blocked, id=22808, stack(0x0000004c97c00000,0x0000004c97d00000)]
  0x00000191d88baa70 JavaThread "Cache worker for cache directory md-rule (C:\gradle\gradle-8.4\caches\7.6.3\md-rule)" [_thread_blocked, id=27472, stack(0x0000004c97d00000,0x0000004c97e00000)]
  0x00000191d84520b0 JavaThread "Cache worker for file hash cache (C:\Users\barry\src\SmokPromNew\.gradle\7.6.3\fileHashes)" [_thread_blocked, id=12920, stack(0x0000004c97e00000,0x0000004c97f00000)]
  0x00000191d8455d70 JavaThread "Cache worker for cache directory md-supplier (C:\gradle\gradle-8.4\caches\7.6.3\md-supplier)" [_thread_blocked, id=26640, stack(0x0000004c98400000,0x0000004c98500000)]
  0x00000191d844f830 JavaThread "Cache worker for dependencies-accessors (C:\Users\barry\src\SmokPromNew\.gradle\7.6.3\dependencies-accessors)" [_thread_blocked, id=1088, stack(0x0000004c98500000,0x0000004c98600000)]
  0x00000191d8451ba0 JavaThread "Cache worker for Build Output Cleanup Cache (C:\Users\barry\src\SmokPromNew\.gradle\buildOutputCleanup)" [_thread_blocked, id=26256, stack(0x0000004c98a00000,0x0000004c98b00000)]
  0x00000191d8453f10 JavaThread "Unconstrained build operations" [_thread_blocked, id=2440, stack(0x0000004c98b00000,0x0000004c98c00000)]
  0x00000191d844fd40 JavaThread "Unconstrained build operations Thread 2" [_thread_blocked, id=27444, stack(0x0000004c99300000,0x0000004c99400000)]
  0x00000191d8452ad0 JavaThread "Unconstrained build operations Thread 3" [_thread_blocked, id=20060, stack(0x0000004c99500000,0x0000004c99600000)]
  0x00000191d8454420 JavaThread "Unconstrained build operations Thread 4" [_thread_blocked, id=18412, stack(0x0000004c99600000,0x0000004c99700000)]
  0x00000191d84525c0 JavaThread "Unconstrained build operations Thread 5" [_thread_blocked, id=26292, stack(0x0000004c99700000,0x0000004c99800000)]
  0x00000191d8452fe0 JavaThread "Unconstrained build operations Thread 6" [_thread_blocked, id=26516, stack(0x0000004c99800000,0x0000004c99900000)]
  0x00000191d8450250 JavaThread "Unconstrained build operations Thread 7" [_thread_blocked, id=13844, stack(0x0000004c99900000,0x0000004c99a00000)]
  0x00000191d8455860 JavaThread "Unconstrained build operations Thread 8" [_thread_blocked, id=26368, stack(0x0000004c99a00000,0x0000004c99b00000)]
  0x00000191d8454930 JavaThread "Unconstrained build operations Thread 9" [_thread_blocked, id=11668, stack(0x0000004c99b00000,0x0000004c99c00000)]
  0x00000191d84534f0 JavaThread "Unconstrained build operations Thread 10" [_thread_blocked, id=24792, stack(0x0000004c99c00000,0x0000004c99d00000)]
  0x00000191d8450760 JavaThread "Unconstrained build operations Thread 11" [_thread_blocked, id=20012, stack(0x0000004c99d00000,0x0000004c99e00000)]
  0x00000191d8450c70 JavaThread "Unconstrained build operations Thread 12" [_thread_blocked, id=25572, stack(0x0000004c99e00000,0x0000004c99f00000)]
  0x00000191d8451180 JavaThread "Unconstrained build operations Thread 13" [_thread_blocked, id=18532, stack(0x0000004c99f00000,0x0000004c9a000000)]
  0x00000191d8453a00 JavaThread "Unconstrained build operations Thread 14" [_thread_blocked, id=25868, stack(0x0000004c9a000000,0x0000004c9a100000)]
  0x00000191d844f320 JavaThread "Unconstrained build operations Thread 15" [_thread_blocked, id=18936, stack(0x0000004c9a100000,0x0000004c9a200000)]
  0x00000191d8454e40 JavaThread "Unconstrained build operations Thread 16" [_thread_blocked, id=27584, stack(0x0000004c9a200000,0x0000004c9a300000)]
  0x00000191d8455350 JavaThread "Unconstrained build operations Thread 17" [_thread_blocked, id=13692, stack(0x0000004c9a300000,0x0000004c9a400000)]
  0x00000191d8456280 JavaThread "Unconstrained build operations Thread 18" [_thread_blocked, id=20744, stack(0x0000004c9a400000,0x0000004c9a500000)]
  0x00000191d8456790 JavaThread "Unconstrained build operations Thread 19" [_thread_blocked, id=10284, stack(0x0000004c9a500000,0x0000004c9a600000)]
  0x00000191d8456ca0 JavaThread "included builds" [_thread_in_Java, id=13404, stack(0x0000004c9a600000,0x0000004c9a700000)]
  0x00000191d7cac330 JavaThread "Execution worker" [_thread_blocked, id=5256, stack(0x0000004c9a700000,0x0000004c9a800000)]
  0x00000191d7ca6300 JavaThread "Execution worker Thread 2" [_thread_blocked, id=24152, stack(0x0000004c9a800000,0x0000004c9a900000)]
  0x00000191d7ca8b80 JavaThread "Execution worker Thread 3" [_thread_blocked, id=10100, stack(0x0000004c9ab00000,0x0000004c9ac00000)]
  0x00000191d7ca9ab0 JavaThread "Execution worker Thread 4" [_thread_blocked, id=26212, stack(0x0000004c9ac00000,0x0000004c9ad00000)]
  0x00000191d7ca9090 JavaThread "Execution worker Thread 5" [_thread_blocked, id=20776, stack(0x0000004c9ad00000,0x0000004c9ae00000)]
  0x00000191d7ca58e0 JavaThread "Execution worker Thread 6" [_thread_blocked, id=17980, stack(0x0000004c9ae00000,0x0000004c9af00000)]
  0x00000191d7cab910 JavaThread "Execution worker Thread 7" [_thread_blocked, id=5520, stack(0x0000004c9af00000,0x0000004c9b000000)]
  0x00000191d7cac840 JavaThread "Cache worker for execution history cache (C:\Users\barry\src\SmokPromNew\.gradle\7.6.3\executionHistory)" [_thread_blocked, id=23300, stack(0x0000004c9b000000,0x0000004c9b100000)]
  0x00000191d7ca7230 JavaThread "Unconstrained build operations Thread 20" [_thread_blocked, id=25844, stack(0x0000004c9b100000,0x0000004c9b200000)]
  0x00000191d7ca95a0 JavaThread "Unconstrained build operations Thread 21" [_thread_blocked, id=19516, stack(0x0000004c9b200000,0x0000004c9b300000)]
  0x00000191d7ca53d0 JavaThread "Unconstrained build operations Thread 22" [_thread_blocked, id=14256, stack(0x0000004c9b300000,0x0000004c9b400000)]
  0x00000191d7cab400 JavaThread "Unconstrained build operations Thread 23" [_thread_blocked, id=13904, stack(0x0000004c9b400000,0x0000004c9b500000)]
  0x00000191d7cacd50 JavaThread "Unconstrained build operations Thread 24" [_thread_blocked, id=21856, stack(0x0000004c9b600000,0x0000004c9b700000)]
  0x00000191d7ca5df0 JavaThread "Unconstrained build operations Thread 25" [_thread_blocked, id=25892, stack(0x0000004c9b700000,0x0000004c9b800000)]
  0x00000191d7caa4d0 JavaThread "Unconstrained build operations Thread 26" [_thread_blocked, id=25852, stack(0x0000004c9b800000,0x0000004c9b900000)]
  0x00000191d7caa9e0 JavaThread "Unconstrained build operations Thread 27" [_thread_blocked, id=9836, stack(0x0000004c9b900000,0x0000004c9ba00000)]
  0x00000191d7ca7740 JavaThread "Unconstrained build operations Thread 28" [_thread_blocked, id=18580, stack(0x0000004c9ba00000,0x0000004c9bb00000)]
  0x00000191d7ca7c50 JavaThread "Unconstrained build operations Thread 29" [_thread_blocked, id=17196, stack(0x0000004c9bb00000,0x0000004c9bc00000)]
  0x00000191d7ca8160 JavaThread "Unconstrained build operations Thread 30" [_thread_blocked, id=17996, stack(0x0000004c9bc00000,0x0000004c9bd00000)]
  0x00000191d7ca9fc0 JavaThread "Unconstrained build operations Thread 31" [_thread_blocked, id=26056, stack(0x0000004c9bd00000,0x0000004c9be00000)]
  0x00000191d7cabe20 JavaThread "Unconstrained build operations Thread 32" [_thread_blocked, id=27596, stack(0x0000004c9be00000,0x0000004c9bf00000)]
  0x00000191d7ca8670 JavaThread "Unconstrained build operations Thread 33" [_thread_blocked, id=5108, stack(0x0000004c9bf00000,0x0000004c9c000000)]
  0x00000191d7caaef0 JavaThread "Unconstrained build operations Thread 34" [_thread_blocked, id=18504, stack(0x0000004c9c000000,0x0000004c9c100000)]
  0x00000191d5baafc0 JavaThread "Unconstrained build operations Thread 35" [_thread_blocked, id=25872, stack(0x0000004c9c100000,0x0000004c9c200000)]
  0x00000191d5ba8740 JavaThread "Unconstrained build operations Thread 36" [_thread_blocked, id=26228, stack(0x0000004c9c200000,0x0000004c9c300000)]
  0x00000191d5ba59b0 JavaThread "Unconstrained build operations Thread 37" [_thread_blocked, id=26924, stack(0x0000004c9c300000,0x0000004c9c400000)]
  0x00000191d5ba9670 JavaThread "Unconstrained build operations Thread 38" [_thread_blocked, id=2980, stack(0x0000004c9c400000,0x0000004c9c500000)]
  0x00000191d5ba4a80 JavaThread "Unconstrained build operations Thread 39" [_thread_blocked, id=27524, stack(0x0000004c9c500000,0x0000004c9c600000)]
  0x00000191d5baaab0 JavaThread "Unconstrained build operations Thread 40" [_thread_blocked, id=27244, stack(0x0000004c9c600000,0x0000004c9c700000)]
  0x00000191d5bab4d0 JavaThread "Unconstrained build operations Thread 41" [_thread_blocked, id=11836, stack(0x0000004c9c700000,0x0000004c9c800000)]
  0x00000191d5ba7810 JavaThread "Unconstrained build operations Thread 42" [_thread_blocked, id=25424, stack(0x0000004c9c800000,0x0000004c9c900000)]
  0x00000191d5ba8c50 JavaThread "Unconstrained build operations Thread 43" [_thread_blocked, id=21508, stack(0x0000004c9c900000,0x0000004c9ca00000)]
  0x00000191d5ba9b80 JavaThread "Unconstrained build operations Thread 44" [_thread_blocked, id=24076, stack(0x0000004c9ca00000,0x0000004c9cb00000)]
  0x00000191d5ba5ec0 JavaThread "Unconstrained build operations Thread 45" [_thread_blocked, id=25520, stack(0x0000004c9cb00000,0x0000004c9cc00000)]
  0x00000191d5baa090 JavaThread "Unconstrained build operations Thread 46" [_thread_blocked, id=22936, stack(0x0000004c9cc00000,0x0000004c9cd00000)]
  0x00000191d5baa5a0 JavaThread "Unconstrained build operations Thread 47" [_thread_blocked, id=25372, stack(0x0000004c9cd00000,0x0000004c9ce00000)]
  0x00000191d5ba63d0 JavaThread "Unconstrained build operations Thread 48" [_thread_blocked, id=10128, stack(0x0000004c9ce00000,0x0000004c9cf00000)]
  0x00000191d5ba68e0 JavaThread "Unconstrained build operations Thread 49" [_thread_blocked, id=25440, stack(0x0000004c9cf00000,0x0000004c9d000000)]
  0x00000191d5ba6df0 JavaThread "Unconstrained build operations Thread 50" [_thread_blocked, id=21528, stack(0x0000004c9d000000,0x0000004c9d100000)]
  0x00000191d5ba7300 JavaThread "Unconstrained build operations Thread 51" [_thread_blocked, id=24676, stack(0x0000004c9d100000,0x0000004c9d200000)]
  0x00000191d5ba4060 JavaThread "Unconstrained build operations Thread 52" [_thread_blocked, id=25280, stack(0x0000004c9d200000,0x0000004c9d300000)]
  0x00000191d5bab9e0 JavaThread "Unconstrained build operations Thread 53" [_thread_blocked, id=13540, stack(0x0000004c9d300000,0x0000004c9d400000)]
  0x00000191d5ba7d20 JavaThread "Unconstrained build operations Thread 54" [_thread_blocked, id=19952, stack(0x0000004c9d400000,0x0000004c9d500000)]
  0x00000191d5ba8230 JavaThread "Unconstrained build operations Thread 55" [_thread_blocked, id=20736, stack(0x0000004c9d500000,0x0000004c9d600000)]
  0x00000191d5e1a130 JavaThread "Unconstrained build operations Thread 56" [_thread_blocked, id=25568, stack(0x0000004c9d600000,0x0000004c9d700000)]
  0x00000191d5e1c4a0 JavaThread "Unconstrained build operations Thread 57" [_thread_blocked, id=21312, stack(0x0000004c9d700000,0x0000004c9d800000)]
  0x00000191d5e19710 JavaThread "Unconstrained build operations Thread 58" [_thread_blocked, id=20544, stack(0x0000004c9d800000,0x0000004c9d900000)]
  0x00000191d5e1d3d0 JavaThread "Unconstrained build operations Thread 59" [_thread_blocked, id=9188, stack(0x0000004c9d900000,0x0000004c9da00000)]
  0x00000191d5e1ddf0 JavaThread "Unconstrained build operations Thread 60" [_thread_blocked, id=2200, stack(0x0000004c9da00000,0x0000004c9db00000)]
  0x00000191d5e1e810 JavaThread "Unconstrained build operations Thread 61" [_thread_blocked, id=20724, stack(0x0000004c9db00000,0x0000004c9dc00000)]
  0x00000191d5e1ed20 JavaThread "Unconstrained build operations Thread 62" [_thread_blocked, id=21488, stack(0x0000004c9dc00000,0x0000004c9dd00000)]
  0x00000191d5e1ba80 JavaThread "Unconstrained build operations Thread 63" [_thread_blocked, id=8872, stack(0x0000004c9dd00000,0x0000004c9de00000)]
  0x00000191d5e20670 JavaThread "Unconstrained build operations Thread 64" [_thread_blocked, id=4668, stack(0x0000004c9de00000,0x0000004c9df00000)]
  0x00000191d5e1b060 JavaThread "Unconstrained build operations Thread 65" [_thread_blocked, id=2724, stack(0x0000004c9df00000,0x0000004c9e000000)]
  0x00000191d5e1a640 JavaThread "Unconstrained build operations Thread 66" [_thread_blocked, id=25412, stack(0x0000004c9e000000,0x0000004c9e100000)]
  0x00000191d5e20b80 JavaThread "Unconstrained build operations Thread 67" [_thread_blocked, id=9792, stack(0x0000004c9e100000,0x0000004c9e200000)]
  0x00000191d5e21090 JavaThread "Unconstrained build operations Thread 68" [_thread_blocked, id=26612, stack(0x0000004c9e200000,0x0000004c9e300000)]
  0x00000191d5e19c20 JavaThread "Unconstrained build operations Thread 69" [_thread_blocked, id=11912, stack(0x0000004c9e300000,0x0000004c9e400000)]
  0x00000191d5e1ab50 JavaThread "Unconstrained build operations Thread 70" [_thread_blocked, id=13152, stack(0x0000004c9e400000,0x0000004c9e500000)]
  0x00000191d76a0090 JavaThread "Unconstrained build operations Thread 71" [_thread_blocked, id=13144, stack(0x0000004c9e500000,0x0000004c9e600000)]
  0x00000191d76a05a0 JavaThread "Unconstrained build operations Thread 72" [_thread_blocked, id=27088, stack(0x0000004c9e600000,0x0000004c9e700000)]
  0x00000191d76a2e20 JavaThread "Unconstrained build operations Thread 73" [_thread_blocked, id=27216, stack(0x0000004c9e700000,0x0000004c9e800000)]
  0x00000191d76a3330 JavaThread "Unconstrained build operations Thread 74" [_thread_blocked, id=26632, stack(0x0000004c9e800000,0x0000004c9e900000)]
  0x00000191d76a14d0 JavaThread "Unconstrained build operations Thread 75" [_thread_blocked, id=260, stack(0x0000004c9ea00000,0x0000004c9eb00000)]
  0x00000191d76a0ab0 JavaThread "Unconstrained build operations Thread 76" [_thread_blocked, id=25408, stack(0x0000004c9eb00000,0x0000004c9ec00000)]
  0x00000191d76a0fc0 JavaThread "Unconstrained build operations Thread 77" [_thread_blocked, id=22820, stack(0x0000004c9ec00000,0x0000004c9ed00000)]
  0x00000191d76a19e0 JavaThread "Unconstrained build operations Thread 78" [_thread_blocked, id=4004, stack(0x0000004c9ed00000,0x0000004c9ee00000)]
  0x00000191d76a1ef0 JavaThread "Unconstrained build operations Thread 79" [_thread_blocked, id=23508, stack(0x0000004c9ee00000,0x0000004c9ef00000)]
  0x00000191d76a2400 JavaThread "Unconstrained build operations Thread 80" [_thread_blocked, id=4328, stack(0x0000004c9ef00000,0x0000004c9f000000)]
  0x00000191d9683c20 JavaThread "C2 CompilerThread1" daemon [_thread_in_native, id=14956, stack(0x0000004c9e900000,0x0000004c9ea00000)]
  0x00000191d6201750 JavaThread "C2 CompilerThread2" daemon [_thread_in_native, id=12988, stack(0x0000004c9f000000,0x0000004c9f100000)]

Other Threads:
  0x00000191c1af4e90 VMThread "VM Thread" [stack: 0x0000004c96300000,0x0000004c96400000] [id=20772]
  0x00000191a723db90 WatcherThread [stack: 0x0000004c96f00000,0x0000004c97000000] [id=5928]
  0x00000191a7224900 GCTaskThread "GC Thread#0" [stack: 0x0000004c95e00000,0x0000004c95f00000] [id=27180]
  0x00000191d41ff1e0 GCTaskThread "GC Thread#1" [stack: 0x0000004c97000000,0x0000004c97100000] [id=23332]
  0x00000191d4bb5570 GCTaskThread "GC Thread#2" [stack: 0x0000004c97100000,0x0000004c97200000] [id=13252]
  0x00000191d4bb5830 GCTaskThread "GC Thread#3" [stack: 0x0000004c97200000,0x0000004c97300000] [id=23076]
  0x00000191d4fb03f0 GCTaskThread "GC Thread#4" [stack: 0x0000004c97300000,0x0000004c97400000] [id=22196]
  0x00000191d4fb06b0 GCTaskThread "GC Thread#5" [stack: 0x0000004c97400000,0x0000004c97500000] [id=20420]
  0x00000191d6020c50 GCTaskThread "GC Thread#6" [stack: 0x0000004c98700000,0x0000004c98800000] [id=18812]
  0x00000191d63f5cf0 GCTaskThread "GC Thread#7" [stack: 0x0000004c98800000,0x0000004c98900000] [id=13120]
  0x00000191a7229750 ConcurrentGCThread "G1 Main Marker" [stack: 0x0000004c95f00000,0x0000004c96000000] [id=27548]
  0x00000191a722a060 ConcurrentGCThread "G1 Conc#0" [stack: 0x0000004c96000000,0x0000004c96100000] [id=23652]
  0x00000191d7140ca0 ConcurrentGCThread "G1 Conc#1" [stack: 0x0000004c98900000,0x0000004c98a00000] [id=27032]
  0x00000191a72bd9d0 ConcurrentGCThread "G1 Refine#0" [stack: 0x0000004c96100000,0x0000004c96200000] [id=4304]
  0x00000191d5fcf7f0 ConcurrentGCThread "G1 Refine#1" [stack: 0x0000004c9b500000,0x0000004c9b600000] [id=8008]
  0x00000191a72be300 ConcurrentGCThread "G1 Service" [stack: 0x0000004c96200000,0x0000004c96300000] [id=15760]

Threads with active compile tasks:
C2 CompilerThread0   279953 12977       4       org.gradle.api.internal.attributes.DefaultAttributesSchema$DefaultAttributeMatcher::matches (17 bytes)
C2 CompilerThread1   279953 12978       4       org.gradle.internal.component.model.ComponentAttributeMatcher::match (284 bytes)
C2 CompilerThread2   279953 13004       4       java.util.HashMap::keysToArray (81 bytes)

VM state: not at safepoint (normal execution)

VM Mutex/Monitor currently owned by a thread: None

Heap address: 0x00000000e0000000, size: 512 MB, Compressed Oops mode: 32-bit

CDS archive(s) mapped at: [0x00000191c2000000-0x00000191c2bd0000-0x00000191c2bd0000), size 12386304, SharedBaseAddress: 0x00000191c2000000, ArchiveRelocationMode: 1.
Compressed class space mapped at: 0x00000191c3000000-0x00000191d0000000, reserved size: 218103808
Narrow klass base: 0x00000191c2000000, Narrow klass shift: 0, Narrow klass range: 0x100000000

GC Precious Log:
 CPUs: 8 total, 8 available
 Memory: 6090M
 Large Page Support: Disabled
 NUMA Support: Disabled
 Compressed Oops: Enabled (32-bit)
 Heap Region Size: 1M
 Heap Min Capacity: 256M
 Heap Initial Capacity: 256M
 Heap Max Capacity: 512M
 Pre-touch: Disabled
 Parallel Workers: 8
 Concurrent Workers: 2
 Concurrent Refinement Workers: 8
 Periodic GC: Disabled

Heap:
 garbage-first heap   total 262144K, used 90526K [0x00000000e0000000, 0x0000000100000000)
  region size 1024K, 41 young (41984K), 9 survivors (9216K)
 Metaspace       used 55051K, committed 55744K, reserved 278528K
  class space    used 7393K, committed 7744K, reserved 212992K

Heap Regions: E=young(eden), S=young(survivor), O=old, HS=humongous(starts), HC=humongous(continues), CS=collection set, F=free, OA=open archive, CA=closed archive, TAMS=top-at-mark-start (previous, next)
|   0|0x00000000e0000000, 0x00000000e0100000, 0x00000000e0100000|100%|HS|  |TAMS 0x00000000e0100000, 0x00000000e0000000| Complete 
|   1|0x00000000e0100000, 0x00000000e0200000, 0x00000000e0200000|100%|HC|  |TAMS 0x00000000e0200000, 0x00000000e0100000| Complete 
|   2|0x00000000e0200000, 0x00000000e0300000, 0x00000000e0300000|100%|HC|  |TAMS 0x00000000e0300000, 0x00000000e0200000| Complete 
|   3|0x00000000e0300000, 0x00000000e0400000, 0x00000000e0400000|100%| O|  |TAMS 0x00000000e0400000, 0x00000000e0300000| Untracked 
|   4|0x00000000e0400000, 0x00000000e0500000, 0x00000000e0500000|100%| O|  |TAMS 0x00000000e0500000, 0x00000000e0400000| Untracked 
|   5|0x00000000e0500000, 0x00000000e0600000, 0x00000000e0600000|100%| O|  |TAMS 0x00000000e0600000, 0x00000000e0500000| Untracked 
|   6|0x00000000e0600000, 0x00000000e0700000, 0x00000000e0700000|100%| O|  |TAMS 0x00000000e0700000, 0x00000000e0600000| Untracked 
|   7|0x00000000e0700000, 0x00000000e0800000, 0x00000000e0800000|100%| O|  |TAMS 0x00000000e0800000, 0x00000000e0700000| Untracked 
|   8|0x00000000e0800000, 0x00000000e0900000, 0x00000000e0900000|100%| O|  |TAMS 0x00000000e0800000, 0x00000000e0800000| Untracked 
|   9|0x00000000e0900000, 0x00000000e0a00000, 0x00000000e0a00000|100%| O|  |TAMS 0x00000000e0a00000, 0x00000000e0900000| Untracked 
|  10|0x00000000e0a00000, 0x00000000e0b00000, 0x00000000e0b00000|100%| O|  |TAMS 0x00000000e0b00000, 0x00000000e0a00000| Untracked 
|  11|0x00000000e0b00000, 0x00000000e0c00000, 0x00000000e0c00000|100%| O|  |TAMS 0x00000000e0c00000, 0x00000000e0b00000| Untracked 
|  12|0x00000000e0c00000, 0x00000000e0d00000, 0x00000000e0d00000|100%| O|  |TAMS 0x00000000e0d00000, 0x00000000e0c00000| Untracked 
|  13|0x00000000e0d00000, 0x00000000e0e00000, 0x00000000e0e00000|100%| O|  |TAMS 0x00000000e0d00000, 0x00000000e0d00000| Untracked 
|  14|0x00000000e0e00000, 0x00000000e0f00000, 0x00000000e0f00000|100%| O|  |TAMS 0x00000000e0f00000, 0x00000000e0e00000| Untracked 
|  15|0x00000000e0f00000, 0x00000000e1000000, 0x00000000e1000000|100%| O|  |TAMS 0x00000000e1000000, 0x00000000e0f00000| Untracked 
|  16|0x00000000e1000000, 0x00000000e1100000, 0x00000000e1100000|100%| O|  |TAMS 0x00000000e1100000, 0x00000000e1000000| Untracked 
|  17|0x00000000e1100000, 0x00000000e1200000, 0x00000000e1200000|100%| O|  |TAMS 0x00000000e1200000, 0x00000000e1100000| Untracked 
|  18|0x00000000e1200000, 0x00000000e1300000, 0x00000000e1300000|100%| O|  |TAMS 0x00000000e1300000, 0x00000000e1200000| Untracked 
|  19|0x00000000e1300000, 0x00000000e1400000, 0x00000000e1400000|100%| O|  |TAMS 0x00000000e1400000, 0x00000000e1300000| Untracked 
|  20|0x00000000e1400000, 0x00000000e1500000, 0x00000000e1500000|100%| O|  |TAMS 0x00000000e1500000, 0x00000000e1400000| Untracked 
|  21|0x00000000e1500000, 0x00000000e1600000, 0x00000000e1600000|100%| O|  |TAMS 0x00000000e1600000, 0x00000000e1500000| Untracked 
|  22|0x00000000e1600000, 0x00000000e1700000, 0x00000000e1700000|100%| O|  |TAMS 0x00000000e1700000, 0x00000000e1600000| Untracked 
|  23|0x00000000e1700000, 0x00000000e1800000, 0x00000000e1800000|100%| O|  |TAMS 0x00000000e1800000, 0x00000000e1700000| Untracked 
|  24|0x00000000e1800000, 0x00000000e1900000, 0x00000000e1900000|100%| O|  |TAMS 0x00000000e1900000, 0x00000000e1800000| Untracked 
|  25|0x00000000e1900000, 0x00000000e1a00000, 0x00000000e1a00000|100%| O|  |TAMS 0x00000000e1a00000, 0x00000000e1900000| Untracked 
|  26|0x00000000e1a00000, 0x00000000e1b00000, 0x00000000e1b00000|100%| O|  |TAMS 0x00000000e1b00000, 0x00000000e1a00000| Untracked 
|  27|0x00000000e1b00000, 0x00000000e1c00000, 0x00000000e1c00000|100%| O|  |TAMS 0x00000000e1c00000, 0x00000000e1b00000| Untracked 
|  28|0x00000000e1c00000, 0x00000000e1d00000, 0x00000000e1d00000|100%| O|  |TAMS 0x00000000e1d00000, 0x00000000e1c00000| Untracked 
|  29|0x00000000e1d00000, 0x00000000e1e00000, 0x00000000e1e00000|100%| O|  |TAMS 0x00000000e1e00000, 0x00000000e1d00000| Untracked 
|  30|0x00000000e1e00000, 0x00000000e1f00000, 0x00000000e1f00000|100%| O|  |TAMS 0x00000000e1f00000, 0x00000000e1e00000| Untracked 
|  31|0x00000000e1f00000, 0x00000000e2000000, 0x00000000e2000000|100%| O|  |TAMS 0x00000000e1f54800, 0x00000000e1f00000| Untracked 
|  32|0x00000000e2000000, 0x00000000e2100000, 0x00000000e2100000|100%| O|  |TAMS 0x00000000e2000000, 0x00000000e2000000| Untracked 
|  33|0x00000000e2100000, 0x00000000e2200000, 0x00000000e2200000|100%| O|  |TAMS 0x00000000e2100000, 0x00000000e2100000| Untracked 
|  34|0x00000000e2200000, 0x00000000e2300000, 0x00000000e2300000|100%| O|  |TAMS 0x00000000e2200000, 0x00000000e2200000| Untracked 
|  35|0x00000000e2300000, 0x00000000e2400000, 0x00000000e2400000|100%| O|  |TAMS 0x00000000e2300000, 0x00000000e2300000| Untracked 
|  36|0x00000000e2400000, 0x00000000e2500000, 0x00000000e2500000|100%| O|  |TAMS 0x00000000e2400000, 0x00000000e2400000| Untracked 
|  37|0x00000000e2500000, 0x00000000e2600000, 0x00000000e2600000|100%| O|  |TAMS 0x00000000e2500000, 0x00000000e2500000| Untracked 
|  38|0x00000000e2600000, 0x00000000e2700000, 0x00000000e2700000|100%| O|  |TAMS 0x00000000e2600000, 0x00000000e2600000| Untracked 
|  39|0x00000000e2700000, 0x00000000e2800000, 0x00000000e2800000|100%| O|  |TAMS 0x00000000e2700000, 0x00000000e2700000| Untracked 
|  40|0x00000000e2800000, 0x00000000e2900000, 0x00000000e2900000|100%| O|  |TAMS 0x00000000e2800000, 0x00000000e2800000| Untracked 
|  41|0x00000000e2900000, 0x00000000e2a00000, 0x00000000e2a00000|100%| O|  |TAMS 0x00000000e2900000, 0x00000000e2900000| Untracked 
|  42|0x00000000e2a00000, 0x00000000e2b00000, 0x00000000e2b00000|100%| O|  |TAMS 0x00000000e2a00000, 0x00000000e2a00000| Untracked 
|  43|0x00000000e2b00000, 0x00000000e2c00000, 0x00000000e2c00000|100%| O|  |TAMS 0x00000000e2b00000, 0x00000000e2b00000| Untracked 
|  44|0x00000000e2c00000, 0x00000000e2d00000, 0x00000000e2d00000|100%| O|  |TAMS 0x00000000e2c00000, 0x00000000e2c00000| Untracked 
|  45|0x00000000e2d00000, 0x00000000e2e00000, 0x00000000e2e00000|100%| O|  |TAMS 0x00000000e2d00000, 0x00000000e2d00000| Untracked 
|  46|0x00000000e2e00000, 0x00000000e2f00000, 0x00000000e2f00000|100%| O|  |TAMS 0x00000000e2e00000, 0x00000000e2e00000| Untracked 
|  47|0x00000000e2f00000, 0x00000000e3000000, 0x00000000e3000000|100%| O|  |TAMS 0x00000000e2f00000, 0x00000000e2f00000| Untracked 
|  48|0x00000000e3000000, 0x00000000e3088400, 0x00000000e3100000| 53%| O|  |TAMS 0x00000000e3000000, 0x00000000e3000000| Untracked 
|  49|0x00000000e3100000, 0x00000000e3100000, 0x00000000e3200000|  0%| F|  |TAMS 0x00000000e3100000, 0x00000000e3100000| Untracked 
|  50|0x00000000e3200000, 0x00000000e3200000, 0x00000000e3300000|  0%| F|  |TAMS 0x00000000e3200000, 0x00000000e3200000| Untracked 
|  51|0x00000000e3300000, 0x00000000e3300000, 0x00000000e3400000|  0%| F|  |TAMS 0x00000000e3300000, 0x00000000e3300000| Untracked 
|  52|0x00000000e3400000, 0x00000000e3400000, 0x00000000e3500000|  0%| F|  |TAMS 0x00000000e3400000, 0x00000000e3400000| Untracked 
|  53|0x00000000e3500000, 0x00000000e3500000, 0x00000000e3600000|  0%| F|  |TAMS 0x00000000e3500000, 0x00000000e3500000| Untracked 
|  54|0x00000000e3600000, 0x00000000e3600000, 0x00000000e3700000|  0%| F|  |TAMS 0x00000000e3600000, 0x00000000e3600000| Untracked 
|  55|0x00000000e3700000, 0x00000000e3700000, 0x00000000e3800000|  0%| F|  |TAMS 0x00000000e3700000, 0x00000000e3700000| Untracked 
|  56|0x00000000e3800000, 0x00000000e3800000, 0x00000000e3900000|  0%| F|  |TAMS 0x00000000e3800000, 0x00000000e3800000| Untracked 
|  57|0x00000000e3900000, 0x00000000e3900000, 0x00000000e3a00000|  0%| F|  |TAMS 0x00000000e3900000, 0x00000000e3900000| Untracked 
|  58|0x00000000e3a00000, 0x00000000e3a00000, 0x00000000e3b00000|  0%| F|  |TAMS 0x00000000e3a00000, 0x00000000e3a00000| Untracked 
|  59|0x00000000e3b00000, 0x00000000e3b00000, 0x00000000e3c00000|  0%| F|  |TAMS 0x00000000e3b00000, 0x00000000e3b00000| Untracked 
|  60|0x00000000e3c00000, 0x00000000e3c00000, 0x00000000e3d00000|  0%| F|  |TAMS 0x00000000e3c00000, 0x00000000e3c00000| Untracked 
|  61|0x00000000e3d00000, 0x00000000e3d00000, 0x00000000e3e00000|  0%| F|  |TAMS 0x00000000e3d00000, 0x00000000e3d00000| Untracked 
|  62|0x00000000e3e00000, 0x00000000e3e00000, 0x00000000e3f00000|  0%| F|  |TAMS 0x00000000e3e00000, 0x00000000e3e00000| Untracked 
|  63|0x00000000e3f00000, 0x00000000e3f00000, 0x00000000e4000000|  0%| F|  |TAMS 0x00000000e3f00000, 0x00000000e3f00000| Untracked 
|  64|0x00000000e4000000, 0x00000000e4000000, 0x00000000e4100000|  0%| F|  |TAMS 0x00000000e4000000, 0x00000000e4000000| Untracked 
|  65|0x00000000e4100000, 0x00000000e4100000, 0x00000000e4200000|  0%| F|  |TAMS 0x00000000e4100000, 0x00000000e4100000| Untracked 
|  66|0x00000000e4200000, 0x00000000e4200000, 0x00000000e4300000|  0%| F|  |TAMS 0x00000000e4200000, 0x00000000e4200000| Untracked 
|  67|0x00000000e4300000, 0x00000000e4300000, 0x00000000e4400000|  0%| F|  |TAMS 0x00000000e4300000, 0x00000000e4300000| Untracked 
|  68|0x00000000e4400000, 0x00000000e4400000, 0x00000000e4500000|  0%| F|  |TAMS 0x00000000e4400000, 0x00000000e4400000| Untracked 
|  69|0x00000000e4500000, 0x00000000e4500000, 0x00000000e4600000|  0%| F|  |TAMS 0x00000000e4500000, 0x00000000e4500000| Untracked 
|  70|0x00000000e4600000, 0x00000000e4600000, 0x00000000e4700000|  0%| F|  |TAMS 0x00000000e4600000, 0x00000000e4600000| Untracked 
|  71|0x00000000e4700000, 0x00000000e4700000, 0x00000000e4800000|  0%| F|  |TAMS 0x00000000e4700000, 0x00000000e4700000| Untracked 
|  72|0x00000000e4800000, 0x00000000e4800000, 0x00000000e4900000|  0%| F|  |TAMS 0x00000000e4800000, 0x00000000e4800000| Untracked 
|  73|0x00000000e4900000, 0x00000000e4900000, 0x00000000e4a00000|  0%| F|  |TAMS 0x00000000e4900000, 0x00000000e4900000| Untracked 
|  74|0x00000000e4a00000, 0x00000000e4a00000, 0x00000000e4b00000|  0%| F|  |TAMS 0x00000000e4a00000, 0x00000000e4a00000| Untracked 
|  75|0x00000000e4b00000, 0x00000000e4b00000, 0x00000000e4c00000|  0%| F|  |TAMS 0x00000000e4b00000, 0x00000000e4b00000| Untracked 
|  76|0x00000000e4c00000, 0x00000000e4c00000, 0x00000000e4d00000|  0%| F|  |TAMS 0x00000000e4c00000, 0x00000000e4c00000| Untracked 
|  77|0x00000000e4d00000, 0x00000000e4d00000, 0x00000000e4e00000|  0%| F|  |TAMS 0x00000000e4d00000, 0x00000000e4d00000| Untracked 
|  78|0x00000000e4e00000, 0x00000000e4e00000, 0x00000000e4f00000|  0%| F|  |TAMS 0x00000000e4e00000, 0x00000000e4e00000| Untracked 
|  79|0x00000000e4f00000, 0x00000000e4f00000, 0x00000000e5000000|  0%| F|  |TAMS 0x00000000e4f00000, 0x00000000e4f00000| Untracked 
|  80|0x00000000e5000000, 0x00000000e5000000, 0x00000000e5100000|  0%| F|  |TAMS 0x00000000e5000000, 0x00000000e5000000| Untracked 
|  81|0x00000000e5100000, 0x00000000e5100000, 0x00000000e5200000|  0%| F|  |TAMS 0x00000000e5100000, 0x00000000e5100000| Untracked 
|  82|0x00000000e5200000, 0x00000000e5200000, 0x00000000e5300000|  0%| F|  |TAMS 0x00000000e5200000, 0x00000000e5200000| Untracked 
|  83|0x00000000e5300000, 0x00000000e5300000, 0x00000000e5400000|  0%| F|  |TAMS 0x00000000e5300000, 0x00000000e5300000| Untracked 
|  84|0x00000000e5400000, 0x00000000e5400000, 0x00000000e5500000|  0%| F|  |TAMS 0x00000000e5400000, 0x00000000e5400000| Untracked 
|  85|0x00000000e5500000, 0x00000000e5500000, 0x00000000e5600000|  0%| F|  |TAMS 0x00000000e5500000, 0x00000000e5500000| Untracked 
|  86|0x00000000e5600000, 0x00000000e5600000, 0x00000000e5700000|  0%| F|  |TAMS 0x00000000e5600000, 0x00000000e5600000| Untracked 
|  87|0x00000000e5700000, 0x00000000e5700000, 0x00000000e5800000|  0%| F|  |TAMS 0x00000000e5700000, 0x00000000e5700000| Untracked 
|  88|0x00000000e5800000, 0x00000000e5800000, 0x00000000e5900000|  0%| F|  |TAMS 0x00000000e5800000, 0x00000000e5800000| Untracked 
|  89|0x00000000e5900000, 0x00000000e5900000, 0x00000000e5a00000|  0%| F|  |TAMS 0x00000000e5900000, 0x00000000e5900000| Untracked 
|  90|0x00000000e5a00000, 0x00000000e5a00000, 0x00000000e5b00000|  0%| F|  |TAMS 0x00000000e5a00000, 0x00000000e5a00000| Untracked 
|  91|0x00000000e5b00000, 0x00000000e5b00000, 0x00000000e5c00000|  0%| F|  |TAMS 0x00000000e5b00000, 0x00000000e5b00000| Untracked 
|  92|0x00000000e5c00000, 0x00000000e5c00000, 0x00000000e5d00000|  0%| F|  |TAMS 0x00000000e5c00000, 0x00000000e5c00000| Untracked 
|  93|0x00000000e5d00000, 0x00000000e5d00000, 0x00000000e5e00000|  0%| F|  |TAMS 0x00000000e5d00000, 0x00000000e5d00000| Untracked 
|  94|0x00000000e5e00000, 0x00000000e5e00000, 0x00000000e5f00000|  0%| F|  |TAMS 0x00000000e5e00000, 0x00000000e5e00000| Untracked 
|  95|0x00000000e5f00000, 0x00000000e5f00000, 0x00000000e6000000|  0%| F|  |TAMS 0x00000000e5f00000, 0x00000000e5f00000| Untracked 
|  96|0x00000000e6000000, 0x00000000e6000000, 0x00000000e6100000|  0%| F|  |TAMS 0x00000000e6000000, 0x00000000e6000000| Untracked 
|  97|0x00000000e6100000, 0x00000000e6100000, 0x00000000e6200000|  0%| F|  |TAMS 0x00000000e6100000, 0x00000000e6100000| Untracked 
|  98|0x00000000e6200000, 0x00000000e6200000, 0x00000000e6300000|  0%| F|  |TAMS 0x00000000e6200000, 0x00000000e6200000| Untracked 
|  99|0x00000000e6300000, 0x00000000e6300000, 0x00000000e6400000|  0%| F|  |TAMS 0x00000000e6300000, 0x00000000e6300000| Untracked 
| 100|0x00000000e6400000, 0x00000000e6400000, 0x00000000e6500000|  0%| F|  |TAMS 0x00000000e6400000, 0x00000000e6400000| Untracked 
| 101|0x00000000e6500000, 0x00000000e6500000, 0x00000000e6600000|  0%| F|  |TAMS 0x00000000e6500000, 0x00000000e6500000| Untracked 
| 102|0x00000000e6600000, 0x00000000e6600000, 0x00000000e6700000|  0%| F|  |TAMS 0x00000000e6600000, 0x00000000e6600000| Untracked 
| 103|0x00000000e6700000, 0x00000000e6700000, 0x00000000e6800000|  0%| F|  |TAMS 0x00000000e6700000, 0x00000000e6700000| Untracked 
| 104|0x00000000e6800000, 0x00000000e6800000, 0x00000000e6900000|  0%| F|  |TAMS 0x00000000e6800000, 0x00000000e6800000| Untracked 
| 105|0x00000000e6900000, 0x00000000e6900000, 0x00000000e6a00000|  0%| F|  |TAMS 0x00000000e6900000, 0x00000000e6900000| Untracked 
| 106|0x00000000e6a00000, 0x00000000e6a00000, 0x00000000e6b00000|  0%| F|  |TAMS 0x00000000e6a00000, 0x00000000e6a00000| Untracked 
| 107|0x00000000e6b00000, 0x00000000e6b00000, 0x00000000e6c00000|  0%| F|  |TAMS 0x00000000e6b00000, 0x00000000e6b00000| Untracked 
| 108|0x00000000e6c00000, 0x00000000e6c00000, 0x00000000e6d00000|  0%| F|  |TAMS 0x00000000e6c00000, 0x00000000e6c00000| Untracked 
| 109|0x00000000e6d00000, 0x00000000e6ddf740, 0x00000000e6e00000| 87%| S|CS|TAMS 0x00000000e6d00000, 0x00000000e6d00000| Complete 
| 110|0x00000000e6e00000, 0x00000000e6f00000, 0x00000000e6f00000|100%| S|CS|TAMS 0x00000000e6e00000, 0x00000000e6e00000| Complete 
| 111|0x00000000e6f00000, 0x00000000e7000000, 0x00000000e7000000|100%| S|CS|TAMS 0x00000000e6f00000, 0x00000000e6f00000| Complete 
| 112|0x00000000e7000000, 0x00000000e7100000, 0x00000000e7100000|100%| S|CS|TAMS 0x00000000e7000000, 0x00000000e7000000| Complete 
| 113|0x00000000e7100000, 0x00000000e7200000, 0x00000000e7200000|100%| S|CS|TAMS 0x00000000e7100000, 0x00000000e7100000| Complete 
| 114|0x00000000e7200000, 0x00000000e7300000, 0x00000000e7300000|100%| S|CS|TAMS 0x00000000e7200000, 0x00000000e7200000| Complete 
| 115|0x00000000e7300000, 0x00000000e7400000, 0x00000000e7400000|100%| S|CS|TAMS 0x00000000e7300000, 0x00000000e7300000| Complete 
| 116|0x00000000e7400000, 0x00000000e7500000, 0x00000000e7500000|100%| S|CS|TAMS 0x00000000e7400000, 0x00000000e7400000| Complete 
| 117|0x00000000e7500000, 0x00000000e7600000, 0x00000000e7600000|100%| S|CS|TAMS 0x00000000e7500000, 0x00000000e7500000| Complete 
| 118|0x00000000e7600000, 0x00000000e7600000, 0x00000000e7700000|  0%| F|  |TAMS 0x00000000e7600000, 0x00000000e7600000| Untracked 
| 119|0x00000000e7700000, 0x00000000e7700000, 0x00000000e7800000|  0%| F|  |TAMS 0x00000000e7700000, 0x00000000e7700000| Untracked 
| 120|0x00000000e7800000, 0x00000000e7800000, 0x00000000e7900000|  0%| F|  |TAMS 0x00000000e7800000, 0x00000000e7800000| Untracked 
| 121|0x00000000e7900000, 0x00000000e7900000, 0x00000000e7a00000|  0%| F|  |TAMS 0x00000000e7900000, 0x00000000e7900000| Untracked 
| 122|0x00000000e7a00000, 0x00000000e7a00000, 0x00000000e7b00000|  0%| F|  |TAMS 0x00000000e7a00000, 0x00000000e7a00000| Untracked 
| 123|0x00000000e7b00000, 0x00000000e7b00000, 0x00000000e7c00000|  0%| F|  |TAMS 0x00000000e7b00000, 0x00000000e7b00000| Untracked 
| 124|0x00000000e7c00000, 0x00000000e7c00000, 0x00000000e7d00000|  0%| F|  |TAMS 0x00000000e7c00000, 0x00000000e7c00000| Untracked 
| 125|0x00000000e7d00000, 0x00000000e7d00000, 0x00000000e7e00000|  0%| F|  |TAMS 0x00000000e7d00000, 0x00000000e7d00000| Untracked 
| 126|0x00000000e7e00000, 0x00000000e7e00000, 0x00000000e7f00000|  0%| F|  |TAMS 0x00000000e7e00000, 0x00000000e7e00000| Untracked 
| 127|0x00000000e7f00000, 0x00000000e7f00000, 0x00000000e8000000|  0%| F|  |TAMS 0x00000000e7f00000, 0x00000000e7f00000| Untracked 
| 128|0x00000000e8000000, 0x00000000e8000000, 0x00000000e8100000|  0%| F|  |TAMS 0x00000000e8000000, 0x00000000e8000000| Untracked 
| 129|0x00000000e8100000, 0x00000000e8100000, 0x00000000e8200000|  0%| F|  |TAMS 0x00000000e8100000, 0x00000000e8100000| Untracked 
| 130|0x00000000e8200000, 0x00000000e8200000, 0x00000000e8300000|  0%| F|  |TAMS 0x00000000e8200000, 0x00000000e8200000| Untracked 
| 131|0x00000000e8300000, 0x00000000e8300000, 0x00000000e8400000|  0%| F|  |TAMS 0x00000000e8300000, 0x00000000e8300000| Untracked 
| 132|0x00000000e8400000, 0x00000000e8400000, 0x00000000e8500000|  0%| F|  |TAMS 0x00000000e8400000, 0x00000000e8400000| Untracked 
| 133|0x00000000e8500000, 0x00000000e8500000, 0x00000000e8600000|  0%| F|  |TAMS 0x00000000e8500000, 0x00000000e8500000| Untracked 
| 134|0x00000000e8600000, 0x00000000e8600000, 0x00000000e8700000|  0%| F|  |TAMS 0x00000000e8600000, 0x00000000e8600000| Untracked 
| 135|0x00000000e8700000, 0x00000000e8700000, 0x00000000e8800000|  0%| F|  |TAMS 0x00000000e8700000, 0x00000000e8700000| Untracked 
| 136|0x00000000e8800000, 0x00000000e8800000, 0x00000000e8900000|  0%| F|  |TAMS 0x00000000e8800000, 0x00000000e8800000| Untracked 
| 137|0x00000000e8900000, 0x00000000e8900000, 0x00000000e8a00000|  0%| F|  |TAMS 0x00000000e8900000, 0x00000000e8900000| Untracked 
| 138|0x00000000e8a00000, 0x00000000e8a00000, 0x00000000e8b00000|  0%| F|  |TAMS 0x00000000e8a00000, 0x00000000e8a00000| Untracked 
| 139|0x00000000e8b00000, 0x00000000e8b00000, 0x00000000e8c00000|  0%| F|  |TAMS 0x00000000e8b00000, 0x00000000e8b00000| Untracked 
| 140|0x00000000e8c00000, 0x00000000e8c00000, 0x00000000e8d00000|  0%| F|  |TAMS 0x00000000e8c00000, 0x00000000e8c00000| Untracked 
| 141|0x00000000e8d00000, 0x00000000e8d00000, 0x00000000e8e00000|  0%| F|  |TAMS 0x00000000e8d00000, 0x00000000e8d00000| Untracked 
| 142|0x00000000e8e00000, 0x00000000e8e00000, 0x00000000e8f00000|  0%| F|  |TAMS 0x00000000e8e00000, 0x00000000e8e00000| Untracked 
| 143|0x00000000e8f00000, 0x00000000e8f00000, 0x00000000e9000000|  0%| F|  |TAMS 0x00000000e8f00000, 0x00000000e8f00000| Untracked 
| 144|0x00000000e9000000, 0x00000000e9000000, 0x00000000e9100000|  0%| F|  |TAMS 0x00000000e9000000, 0x00000000e9000000| Untracked 
| 145|0x00000000e9100000, 0x00000000e9100000, 0x00000000e9200000|  0%| F|  |TAMS 0x00000000e9100000, 0x00000000e9100000| Untracked 
| 146|0x00000000e9200000, 0x00000000e9200000, 0x00000000e9300000|  0%| F|  |TAMS 0x00000000e9200000, 0x00000000e9200000| Untracked 
| 147|0x00000000e9300000, 0x00000000e9300000, 0x00000000e9400000|  0%| F|  |TAMS 0x00000000e9300000, 0x00000000e9300000| Untracked 
| 148|0x00000000e9400000, 0x00000000e9400000, 0x00000000e9500000|  0%| F|  |TAMS 0x00000000e9400000, 0x00000000e9400000| Untracked 
| 149|0x00000000e9500000, 0x00000000e9500000, 0x00000000e9600000|  0%| F|  |TAMS 0x00000000e9500000, 0x00000000e9500000| Untracked 
| 150|0x00000000e9600000, 0x00000000e9600000, 0x00000000e9700000|  0%| F|  |TAMS 0x00000000e9600000, 0x00000000e9600000| Untracked 
| 151|0x00000000e9700000, 0x00000000e9700000, 0x00000000e9800000|  0%| F|  |TAMS 0x00000000e9700000, 0x00000000e9700000| Untracked 
| 152|0x00000000e9800000, 0x00000000e9800000, 0x00000000e9900000|  0%| F|  |TAMS 0x00000000e9800000, 0x00000000e9800000| Untracked 
| 153|0x00000000e9900000, 0x00000000e9900000, 0x00000000e9a00000|  0%| F|  |TAMS 0x00000000e9900000, 0x00000000e9900000| Untracked 
| 154|0x00000000e9a00000, 0x00000000e9a00000, 0x00000000e9b00000|  0%| F|  |TAMS 0x00000000e9a00000, 0x00000000e9a00000| Untracked 
| 155|0x00000000e9b00000, 0x00000000e9b00000, 0x00000000e9c00000|  0%| F|  |TAMS 0x00000000e9b00000, 0x00000000e9b00000| Untracked 
| 156|0x00000000e9c00000, 0x00000000e9c00000, 0x00000000e9d00000|  0%| F|  |TAMS 0x00000000e9c00000, 0x00000000e9c00000| Untracked 
| 157|0x00000000e9d00000, 0x00000000e9d00000, 0x00000000e9e00000|  0%| F|  |TAMS 0x00000000e9d00000, 0x00000000e9d00000| Untracked 
| 158|0x00000000e9e00000, 0x00000000e9e00000, 0x00000000e9f00000|  0%| F|  |TAMS 0x00000000e9e00000, 0x00000000e9e00000| Untracked 
| 159|0x00000000e9f00000, 0x00000000e9f00000, 0x00000000ea000000|  0%| F|  |TAMS 0x00000000e9f00000, 0x00000000e9f00000| Untracked 
| 160|0x00000000ea000000, 0x00000000ea000000, 0x00000000ea100000|  0%| F|  |TAMS 0x00000000ea000000, 0x00000000ea000000| Untracked 
| 161|0x00000000ea100000, 0x00000000ea100000, 0x00000000ea200000|  0%| F|  |TAMS 0x00000000ea100000, 0x00000000ea100000| Untracked 
| 162|0x00000000ea200000, 0x00000000ea200000, 0x00000000ea300000|  0%| F|  |TAMS 0x00000000ea200000, 0x00000000ea200000| Untracked 
| 163|0x00000000ea300000, 0x00000000ea300000, 0x00000000ea400000|  0%| F|  |TAMS 0x00000000ea300000, 0x00000000ea300000| Untracked 
| 164|0x00000000ea400000, 0x00000000ea400000, 0x00000000ea500000|  0%| F|  |TAMS 0x00000000ea400000, 0x00000000ea400000| Untracked 
| 165|0x00000000ea500000, 0x00000000ea500000, 0x00000000ea600000|  0%| F|  |TAMS 0x00000000ea500000, 0x00000000ea500000| Untracked 
| 166|0x00000000ea600000, 0x00000000ea600000, 0x00000000ea700000|  0%| F|  |TAMS 0x00000000ea600000, 0x00000000ea600000| Untracked 
| 167|0x00000000ea700000, 0x00000000ea700000, 0x00000000ea800000|  0%| F|  |TAMS 0x00000000ea700000, 0x00000000ea700000| Untracked 
| 168|0x00000000ea800000, 0x00000000ea800000, 0x00000000ea900000|  0%| F|  |TAMS 0x00000000ea800000, 0x00000000ea800000| Untracked 
| 169|0x00000000ea900000, 0x00000000ea900000, 0x00000000eaa00000|  0%| F|  |TAMS 0x00000000ea900000, 0x00000000ea900000| Untracked 
| 170|0x00000000eaa00000, 0x00000000eaa00000, 0x00000000eab00000|  0%| F|  |TAMS 0x00000000eaa00000, 0x00000000eaa00000| Untracked 
| 171|0x00000000eab00000, 0x00000000eab00000, 0x00000000eac00000|  0%| F|  |TAMS 0x00000000eab00000, 0x00000000eab00000| Untracked 
| 172|0x00000000eac00000, 0x00000000eac00000, 0x00000000ead00000|  0%| F|  |TAMS 0x00000000eac00000, 0x00000000eac00000| Untracked 
| 173|0x00000000ead00000, 0x00000000ead00000, 0x00000000eae00000|  0%| F|  |TAMS 0x00000000ead00000, 0x00000000ead00000| Untracked 
| 174|0x00000000eae00000, 0x00000000eae00000, 0x00000000eaf00000|  0%| F|  |TAMS 0x00000000eae00000, 0x00000000eae00000| Untracked 
| 175|0x00000000eaf00000, 0x00000000eaf00000, 0x00000000eb000000|  0%| F|  |TAMS 0x00000000eaf00000, 0x00000000eaf00000| Untracked 
| 176|0x00000000eb000000, 0x00000000eb000000, 0x00000000eb100000|  0%| F|  |TAMS 0x00000000eb000000, 0x00000000eb000000| Untracked 
| 177|0x00000000eb100000, 0x00000000eb100000, 0x00000000eb200000|  0%| F|  |TAMS 0x00000000eb100000, 0x00000000eb100000| Untracked 
| 178|0x00000000eb200000, 0x00000000eb200000, 0x00000000eb300000|  0%| F|  |TAMS 0x00000000eb200000, 0x00000000eb200000| Untracked 
| 179|0x00000000eb300000, 0x00000000eb300000, 0x00000000eb400000|  0%| F|  |TAMS 0x00000000eb300000, 0x00000000eb300000| Untracked 
| 180|0x00000000eb400000, 0x00000000eb400000, 0x00000000eb500000|  0%| F|  |TAMS 0x00000000eb400000, 0x00000000eb400000| Untracked 
| 181|0x00000000eb500000, 0x00000000eb500000, 0x00000000eb600000|  0%| F|  |TAMS 0x00000000eb500000, 0x00000000eb500000| Untracked 
| 182|0x00000000eb600000, 0x00000000eb600000, 0x00000000eb700000|  0%| F|  |TAMS 0x00000000eb600000, 0x00000000eb600000| Untracked 
| 183|0x00000000eb700000, 0x00000000eb700000, 0x00000000eb800000|  0%| F|  |TAMS 0x00000000eb700000, 0x00000000eb700000| Untracked 
| 184|0x00000000eb800000, 0x00000000eb800000, 0x00000000eb900000|  0%| F|  |TAMS 0x00000000eb800000, 0x00000000eb800000| Untracked 
| 185|0x00000000eb900000, 0x00000000eb900000, 0x00000000eba00000|  0%| F|  |TAMS 0x00000000eb900000, 0x00000000eb900000| Untracked 
| 186|0x00000000eba00000, 0x00000000eba00000, 0x00000000ebb00000|  0%| F|  |TAMS 0x00000000eba00000, 0x00000000eba00000| Untracked 
| 187|0x00000000ebb00000, 0x00000000ebb00000, 0x00000000ebc00000|  0%| F|  |TAMS 0x00000000ebb00000, 0x00000000ebb00000| Untracked 
| 188|0x00000000ebc00000, 0x00000000ebc00000, 0x00000000ebd00000|  0%| F|  |TAMS 0x00000000ebc00000, 0x00000000ebc00000| Untracked 
| 189|0x00000000ebd00000, 0x00000000ebd00000, 0x00000000ebe00000|  0%| F|  |TAMS 0x00000000ebd00000, 0x00000000ebd00000| Untracked 
| 190|0x00000000ebe00000, 0x00000000ebe00000, 0x00000000ebf00000|  0%| F|  |TAMS 0x00000000ebe00000, 0x00000000ebe00000| Untracked 
| 191|0x00000000ebf00000, 0x00000000ebf00000, 0x00000000ec000000|  0%| F|  |TAMS 0x00000000ebf00000, 0x00000000ebf00000| Untracked 
| 192|0x00000000ec000000, 0x00000000ec000000, 0x00000000ec100000|  0%| F|  |TAMS 0x00000000ec000000, 0x00000000ec000000| Untracked 
| 193|0x00000000ec100000, 0x00000000ec100000, 0x00000000ec200000|  0%| F|  |TAMS 0x00000000ec100000, 0x00000000ec100000| Untracked 
| 194|0x00000000ec200000, 0x00000000ec200000, 0x00000000ec300000|  0%| F|  |TAMS 0x00000000ec200000, 0x00000000ec200000| Untracked 
| 195|0x00000000ec300000, 0x00000000ec300000, 0x00000000ec400000|  0%| F|  |TAMS 0x00000000ec300000, 0x00000000ec300000| Untracked 
| 196|0x00000000ec400000, 0x00000000ec400000, 0x00000000ec500000|  0%| F|  |TAMS 0x00000000ec400000, 0x00000000ec400000| Untracked 
| 197|0x00000000ec500000, 0x00000000ec500000, 0x00000000ec600000|  0%| F|  |TAMS 0x00000000ec500000, 0x00000000ec500000| Untracked 
| 198|0x00000000ec600000, 0x00000000ec600000, 0x00000000ec700000|  0%| F|  |TAMS 0x00000000ec600000, 0x00000000ec600000| Untracked 
| 199|0x00000000ec700000, 0x00000000ec700000, 0x00000000ec800000|  0%| F|  |TAMS 0x00000000ec700000, 0x00000000ec700000| Untracked 
| 200|0x00000000ec800000, 0x00000000ec800000, 0x00000000ec900000|  0%| F|  |TAMS 0x00000000ec800000, 0x00000000ec800000| Untracked 
| 201|0x00000000ec900000, 0x00000000ec900000, 0x00000000eca00000|  0%| F|  |TAMS 0x00000000ec900000, 0x00000000ec900000| Untracked 
| 202|0x00000000eca00000, 0x00000000eca00000, 0x00000000ecb00000|  0%| F|  |TAMS 0x00000000eca00000, 0x00000000eca00000| Untracked 
| 203|0x00000000ecb00000, 0x00000000ecb00000, 0x00000000ecc00000|  0%| F|  |TAMS 0x00000000ecb00000, 0x00000000ecb00000| Untracked 
| 204|0x00000000ecc00000, 0x00000000ecc00000, 0x00000000ecd00000|  0%| F|  |TAMS 0x00000000ecc00000, 0x00000000ecc00000| Untracked 
| 205|0x00000000ecd00000, 0x00000000ecd00000, 0x00000000ece00000|  0%| F|  |TAMS 0x00000000ecd00000, 0x00000000ecd00000| Untracked 
| 206|0x00000000ece00000, 0x00000000ece00000, 0x00000000ecf00000|  0%| F|  |TAMS 0x00000000ece00000, 0x00000000ece00000| Untracked 
| 207|0x00000000ecf00000, 0x00000000ecf00000, 0x00000000ed000000|  0%| F|  |TAMS 0x00000000ecf00000, 0x00000000ecf00000| Untracked 
| 208|0x00000000ed000000, 0x00000000ed000000, 0x00000000ed100000|  0%| F|  |TAMS 0x00000000ed000000, 0x00000000ed000000| Untracked 
| 209|0x00000000ed100000, 0x00000000ed100000, 0x00000000ed200000|  0%| F|  |TAMS 0x00000000ed100000, 0x00000000ed100000| Untracked 
| 210|0x00000000ed200000, 0x00000000ed200000, 0x00000000ed300000|  0%| F|  |TAMS 0x00000000ed200000, 0x00000000ed200000| Untracked 
| 211|0x00000000ed300000, 0x00000000ed300000, 0x00000000ed400000|  0%| F|  |TAMS 0x00000000ed300000, 0x00000000ed300000| Untracked 
| 212|0x00000000ed400000, 0x00000000ed400000, 0x00000000ed500000|  0%| F|  |TAMS 0x00000000ed400000, 0x00000000ed400000| Untracked 
| 213|0x00000000ed500000, 0x00000000ed500000, 0x00000000ed600000|  0%| F|  |TAMS 0x00000000ed500000, 0x00000000ed500000| Untracked 
| 214|0x00000000ed600000, 0x00000000ed600000, 0x00000000ed700000|  0%| F|  |TAMS 0x00000000ed600000, 0x00000000ed600000| Untracked 
| 215|0x00000000ed700000, 0x00000000ed700000, 0x00000000ed800000|  0%| F|  |TAMS 0x00000000ed700000, 0x00000000ed700000| Untracked 
| 216|0x00000000ed800000, 0x00000000ed800000, 0x00000000ed900000|  0%| F|  |TAMS 0x00000000ed800000, 0x00000000ed800000| Untracked 
| 217|0x00000000ed900000, 0x00000000ed900000, 0x00000000eda00000|  0%| F|  |TAMS 0x00000000ed900000, 0x00000000ed900000| Untracked 
| 218|0x00000000eda00000, 0x00000000eda00000, 0x00000000edb00000|  0%| F|  |TAMS 0x00000000eda00000, 0x00000000eda00000| Untracked 
| 219|0x00000000edb00000, 0x00000000edb00000, 0x00000000edc00000|  0%| F|  |TAMS 0x00000000edb00000, 0x00000000edb00000| Untracked 
| 220|0x00000000edc00000, 0x00000000edc00000, 0x00000000edd00000|  0%| F|  |TAMS 0x00000000edc00000, 0x00000000edc00000| Untracked 
| 221|0x00000000edd00000, 0x00000000edd00000, 0x00000000ede00000|  0%| F|  |TAMS 0x00000000edd00000, 0x00000000edd00000| Untracked 
| 222|0x00000000ede00000, 0x00000000ede00000, 0x00000000edf00000|  0%| F|  |TAMS 0x00000000ede00000, 0x00000000ede00000| Untracked 
| 223|0x00000000edf00000, 0x00000000edf80800, 0x00000000ee000000| 50%| E|  |TAMS 0x00000000edf00000, 0x00000000edf00000| Complete 
| 224|0x00000000ee000000, 0x00000000ee100000, 0x00000000ee100000|100%| E|CS|TAMS 0x00000000ee000000, 0x00000000ee000000| Complete 
| 225|0x00000000ee100000, 0x00000000ee200000, 0x00000000ee200000|100%| E|CS|TAMS 0x00000000ee100000, 0x00000000ee100000| Complete 
| 226|0x00000000ee200000, 0x00000000ee300000, 0x00000000ee300000|100%| E|CS|TAMS 0x00000000ee200000, 0x00000000ee200000| Complete 
| 227|0x00000000ee300000, 0x00000000ee400000, 0x00000000ee400000|100%| E|CS|TAMS 0x00000000ee300000, 0x00000000ee300000| Complete 
| 228|0x00000000ee400000, 0x00000000ee500000, 0x00000000ee500000|100%| E|CS|TAMS 0x00000000ee400000, 0x00000000ee400000| Complete 
| 229|0x00000000ee500000, 0x00000000ee600000, 0x00000000ee600000|100%| E|CS|TAMS 0x00000000ee500000, 0x00000000ee500000| Complete 
| 230|0x00000000ee600000, 0x00000000ee700000, 0x00000000ee700000|100%| E|CS|TAMS 0x00000000ee600000, 0x00000000ee600000| Complete 
| 231|0x00000000ee700000, 0x00000000ee800000, 0x00000000ee800000|100%| E|CS|TAMS 0x00000000ee700000, 0x00000000ee700000| Complete 
| 232|0x00000000ee800000, 0x00000000ee900000, 0x00000000ee900000|100%| E|CS|TAMS 0x00000000ee800000, 0x00000000ee800000| Complete 
| 233|0x00000000ee900000, 0x00000000eea00000, 0x00000000eea00000|100%| E|CS|TAMS 0x00000000ee900000, 0x00000000ee900000| Complete 
| 234|0x00000000eea00000, 0x00000000eeb00000, 0x00000000eeb00000|100%| E|CS|TAMS 0x00000000eea00000, 0x00000000eea00000| Complete 
| 235|0x00000000eeb00000, 0x00000000eec00000, 0x00000000eec00000|100%| E|CS|TAMS 0x00000000eeb00000, 0x00000000eeb00000| Complete 
| 236|0x00000000eec00000, 0x00000000eed00000, 0x00000000eed00000|100%| E|CS|TAMS 0x00000000eec00000, 0x00000000eec00000| Complete 
| 237|0x00000000eed00000, 0x00000000eee00000, 0x00000000eee00000|100%| E|CS|TAMS 0x00000000eed00000, 0x00000000eed00000| Complete 
| 238|0x00000000eee00000, 0x00000000eef00000, 0x00000000eef00000|100%| E|CS|TAMS 0x00000000eee00000, 0x00000000eee00000| Complete 
| 239|0x00000000eef00000, 0x00000000ef000000, 0x00000000ef000000|100%| E|CS|TAMS 0x00000000eef00000, 0x00000000eef00000| Complete 
| 240|0x00000000ef000000, 0x00000000ef100000, 0x00000000ef100000|100%| E|CS|TAMS 0x00000000ef000000, 0x00000000ef000000| Complete 
| 241|0x00000000ef100000, 0x00000000ef200000, 0x00000000ef200000|100%| E|CS|TAMS 0x00000000ef100000, 0x00000000ef100000| Complete 
| 242|0x00000000ef200000, 0x00000000ef300000, 0x00000000ef300000|100%| E|CS|TAMS 0x00000000ef200000, 0x00000000ef200000| Complete 
| 243|0x00000000ef300000, 0x00000000ef400000, 0x00000000ef400000|100%| E|CS|TAMS 0x00000000ef300000, 0x00000000ef300000| Complete 
| 244|0x00000000ef400000, 0x00000000ef500000, 0x00000000ef500000|100%| E|CS|TAMS 0x00000000ef400000, 0x00000000ef400000| Complete 
| 245|0x00000000ef500000, 0x00000000ef600000, 0x00000000ef600000|100%| E|CS|TAMS 0x00000000ef500000, 0x00000000ef500000| Complete 
| 246|0x00000000ef600000, 0x00000000ef700000, 0x00000000ef700000|100%| E|CS|TAMS 0x00000000ef600000, 0x00000000ef600000| Complete 
| 247|0x00000000ef700000, 0x00000000ef800000, 0x00000000ef800000|100%| E|CS|TAMS 0x00000000ef700000, 0x00000000ef700000| Complete 
| 248|0x00000000ef800000, 0x00000000ef900000, 0x00000000ef900000|100%| E|CS|TAMS 0x00000000ef800000, 0x00000000ef800000| Complete 
| 249|0x00000000ef900000, 0x00000000efa00000, 0x00000000efa00000|100%| E|CS|TAMS 0x00000000ef900000, 0x00000000ef900000| Complete 
| 250|0x00000000efa00000, 0x00000000efb00000, 0x00000000efb00000|100%| E|CS|TAMS 0x00000000efa00000, 0x00000000efa00000| Complete 
| 251|0x00000000efb00000, 0x00000000efc00000, 0x00000000efc00000|100%| E|CS|TAMS 0x00000000efb00000, 0x00000000efb00000| Complete 
| 252|0x00000000efc00000, 0x00000000efd00000, 0x00000000efd00000|100%| E|CS|TAMS 0x00000000efc00000, 0x00000000efc00000| Complete 
| 253|0x00000000efd00000, 0x00000000efe00000, 0x00000000efe00000|100%| E|CS|TAMS 0x00000000efd00000, 0x00000000efd00000| Complete 
| 254|0x00000000efe00000, 0x00000000eff00000, 0x00000000eff00000|100%| E|CS|TAMS 0x00000000efe00000, 0x00000000efe00000| Complete 
| 255|0x00000000eff00000, 0x00000000f0000000, 0x00000000f0000000|100%| E|CS|TAMS 0x00000000eff00000, 0x00000000eff00000| Complete 

Card table byte_map: [0x00000191bdef0000,0x00000191bdff0000] _byte_map_base: 0x00000191bd7f0000

Marking Bits (Prev, Next): (CMBitMap*) 0x00000191a7224e20, (CMBitMap*) 0x00000191a7224e60
 Prev Bits: [0x00000191be0f0000, 0x00000191be8f0000)
 Next Bits: [0x00000191be8f0000, 0x00000191bf0f0000)

Polling page: 0x00000191a51b0000

Metaspace:

Usage:
  Non-class:     46.54 MB used.
      Class:      7.22 MB used.
       Both:     53.76 MB used.

Virtual space:
  Non-class space:       64.00 MB reserved,      46.88 MB ( 73%) committed,  1 nodes.
      Class space:      208.00 MB reserved,       7.56 MB (  4%) committed,  1 nodes.
             Both:      272.00 MB reserved,      54.44 MB ( 20%) committed. 

Chunk freelists:
   Non-Class:  1.02 MB
       Class:  8.49 MB
        Both:  9.51 MB

MaxMetaspaceSize: 256.00 MB
CompressedClassSpaceSize: 208.00 MB
Initial GC threshold: 21.00 MB
Current GC threshold: 59.38 MB
CDS: on
MetaspaceReclaimPolicy: balanced
 - commit_granule_bytes: 65536.
 - commit_granule_words: 8192.
 - virtual_space_node_default_size: 8388608.
 - enlarge_chunks_in_place: 1.
 - new_chunks_are_fully_committed: 0.
 - uncommit_free_chunks: 1.
 - use_allocation_guard: 0.
 - handle_deallocations: 1.


Internal statistics:

num_allocs_failed_limit: 9.
num_arena_births: 756.
num_arena_deaths: 0.
num_vsnodes_births: 2.
num_vsnodes_deaths: 0.
num_space_committed: 871.
num_space_uncommitted: 0.
num_chunks_returned_to_freelist: 9.
num_chunks_taken_from_freelist: 3043.
num_chunk_merges: 9.
num_chunk_splits: 1915.
num_chunks_enlarged: 1168.
num_inconsistent_stats: 0.

CodeHeap 'non-profiled nmethods': size=120000Kb used=6710Kb max_used=6710Kb free=113290Kb
 bounds [0x00000191b6580000, 0x00000191b6c10000, 0x00000191bdab0000]
CodeHeap 'profiled nmethods': size=120000Kb used=22642Kb max_used=22656Kb free=97357Kb
 bounds [0x00000191aeab0000, 0x00000191b00e0000, 0x00000191b5fe0000]
CodeHeap 'non-nmethods': size=5760Kb used=2337Kb max_used=2395Kb free=3422Kb
 bounds [0x00000191b5fe0000, 0x00000191b6250000, 0x00000191b6580000]
 total_blobs=12040 nmethods=11186 adapters=764
 compilation: enabled
              stopped_count=0, restarted_count=0
 full_count=0

Compilation events (20 events):
Event: 279.744 Thread 0x00000191c1b2dcc0 nmethod 12987 0x00000191af848d90 code [0x00000191af848f20, 0x00000191af849078]
Event: 279.808 Thread 0x00000191c1b2dcc0 12991       3       sun.nio.cs.StreamDecoder::<init> (23 bytes)
Event: 279.808 Thread 0x00000191c1b2dcc0 nmethod 12991 0x00000191aeba7690 code [0x00000191aeba7880, 0x00000191aeba7e58]
Event: 279.809 Thread 0x00000191c1b2dcc0 12992       3       sun.nio.cs.StreamDecoder::<init> (52 bytes)
Event: 279.809 Thread 0x00000191d6201750 12989       4       io.spring.gradle.dependencymanagement.org.apache.maven.model.ModelBase::addProperty (11 bytes)
Event: 279.810 Thread 0x00000191c1b2dcc0 nmethod 12992 0x00000191afcae990 code [0x00000191afcaeb80, 0x00000191afcaf1a8]
Event: 279.814 Thread 0x00000191c1b2dcc0 12993       3       org.gradle.api.internal.DefaultCollectionCallbackActionDecorator::decorate (51 bytes)
Event: 279.816 Thread 0x00000191c1b2dcc0 nmethod 12993 0x00000191aef67810 code [0x00000191aef67a40, 0x00000191aef68548]
Event: 279.823 Thread 0x00000191d6201750 nmethod 12989 0x00000191b6bfe410 code [0x00000191b6bfe5c0, 0x00000191b6bfebc8]
Event: 279.823 Thread 0x00000191d6201750 12983       4       org.gradle.internal.serialize.kryo.KryoBackedEncoder::flush (8 bytes)
Event: 279.825 Thread 0x00000191d6201750 nmethod 12983 0x00000191b6bfee10 code [0x00000191b6bfefa0, 0x00000191b6bff0b8]
Event: 279.825 Thread 0x00000191d6201750 12979       4       org.gradle.api.internal.artifacts.ivyservice.modulecache.InMemoryModuleMetadataCache::get (52 bytes)
Event: 279.841 Thread 0x00000191c1b2dcc0 12995       3       java.io.BufferedInputStream::close (44 bytes)
Event: 279.842 Thread 0x00000191c1b2dcc0 nmethod 12995 0x00000191aef67090 code [0x00000191aef67260, 0x00000191aef67688]
Event: 279.857 Thread 0x00000191c1b2dcc0 12996       3       com.google.common.collect.ImmutableList::copyOf (32 bytes)
Event: 279.858 Thread 0x00000191c1b2dcc0 nmethod 12996 0x00000191afc3ff90 code [0x00000191afc40180, 0x00000191afc40798]
Event: 279.866 Thread 0x00000191c1b2dcc0 12997       3       java.util.Arrays$ArrayList::toArray (47 bytes)
Event: 279.867 Thread 0x00000191c1b2dcc0 nmethod 12997 0x00000191afc3f610 code [0x00000191afc3f800, 0x00000191afc3fdd8]
Event: 279.873 Thread 0x00000191c1b2dcc0 12998       3       org.gradle.api.internal.artifacts.dsl.DefaultComponentMetadataHandler::createComponentMetadataProcessor (41 bytes)
Event: 279.874 Thread 0x00000191c1b2dcc0 nmethod 12998 0x00000191aed41c90 code [0x00000191aed41e40, 0x00000191aed42048]

GC Heap History (20 events):
Event: 8.887 GC heap before
{Heap before GC invocations=2 (full 0):
 garbage-first heap   total 262144K, used 103424K [0x00000000e0000000, 0x0000000100000000)
  region size 1024K, 92 young (94208K), 4 survivors (4096K)
 Metaspace       used 21174K, committed 21504K, reserved 278528K
  class space    used 3160K, committed 3328K, reserved 212992K
}
Event: 8.897 GC heap after
{Heap after GC invocations=3 (full 0):
 garbage-first heap   total 262144K, used 20800K [0x00000000e0000000, 0x0000000100000000)
  region size 1024K, 11 young (11264K), 11 survivors (11264K)
 Metaspace       used 21174K, committed 21504K, reserved 278528K
  class space    used 3160K, committed 3328K, reserved 212992K
}
Event: 11.639 GC heap before
{Heap before GC invocations=4 (full 0):
 garbage-first heap   total 262144K, used 131392K [0x00000000e0000000, 0x0000000100000000)
  region size 1024K, 117 young (119808K), 11 survivors (11264K)
 Metaspace       used 35581K, committed 35968K, reserved 278528K
  class space    used 4915K, committed 5120K, reserved 212992K
}
Event: 11.656 GC heap after
{Heap after GC invocations=5 (full 0):
 garbage-first heap   total 262144K, used 32216K [0x00000000e0000000, 0x0000000100000000)
  region size 1024K, 16 young (16384K), 16 survivors (16384K)
 Metaspace       used 35581K, committed 35968K, reserved 278528K
  class space    used 4915K, committed 5120K, reserved 212992K
}
Event: 11.686 GC heap before
{Heap before GC invocations=5 (full 0):
 garbage-first heap   total 262144K, used 33240K [0x00000000e0000000, 0x0000000100000000)
  region size 1024K, 17 young (17408K), 16 survivors (16384K)
 Metaspace       used 35827K, committed 36224K, reserved 278528K
  class space    used 4930K, committed 5120K, reserved 212992K
}
Event: 11.698 GC heap after
{Heap after GC invocations=6 (full 0):
 garbage-first heap   total 262144K, used 32082K [0x00000000e0000000, 0x0000000100000000)
  region size 1024K, 2 young (2048K), 2 survivors (2048K)
 Metaspace       used 35827K, committed 36224K, reserved 278528K
  class space    used 4930K, committed 5120K, reserved 212992K
}
Event: 11.759 GC heap before
{Heap before GC invocations=6 (full 0):
 garbage-first heap   total 262144K, used 34130K [0x00000000e0000000, 0x0000000100000000)
  region size 1024K, 5 young (5120K), 2 survivors (2048K)
 Metaspace       used 35938K, committed 36288K, reserved 278528K
  class space    used 4949K, committed 5120K, reserved 212992K
}
Event: 11.761 GC heap after
{Heap after GC invocations=7 (full 0):
 garbage-first heap   total 262144K, used 30673K [0x00000000e0000000, 0x0000000100000000)
  region size 1024K, 1 young (1024K), 1 survivors (1024K)
 Metaspace       used 35938K, committed 36288K, reserved 278528K
  class space    used 4949K, committed 5120K, reserved 212992K
}
Event: 15.340 GC heap before
{Heap before GC invocations=8 (full 0):
 garbage-first heap   total 262144K, used 182225K [0x00000000e0000000, 0x0000000100000000)
  region size 1024K, 149 young (152576K), 1 survivors (1024K)
 Metaspace       used 47853K, committed 48384K, reserved 278528K
  class space    used 6851K, committed 7104K, reserved 212992K
}
Event: 15.354 GC heap after
{Heap after GC invocations=9 (full 0):
 garbage-first heap   total 262144K, used 42934K [0x00000000e0000000, 0x0000000100000000)
  region size 1024K, 13 young (13312K), 13 survivors (13312K)
 Metaspace       used 47853K, committed 48384K, reserved 278528K
  class space    used 6851K, committed 7104K, reserved 212992K
}
Event: 18.701 GC heap before
{Heap before GC invocations=9 (full 0):
 garbage-first heap   total 262144K, used 185270K [0x00000000e0000000, 0x0000000100000000)
  region size 1024K, 153 young (156672K), 13 survivors (13312K)
 Metaspace       used 52229K, committed 52864K, reserved 278528K
  class space    used 7195K, committed 7488K, reserved 212992K
}
Event: 18.720 GC heap after
{Heap after GC invocations=10 (full 0):
 garbage-first heap   total 262144K, used 54068K [0x00000000e0000000, 0x0000000100000000)
  region size 1024K, 11 young (11264K), 11 survivors (11264K)
 Metaspace       used 52229K, committed 52864K, reserved 278528K
  class space    used 7195K, committed 7488K, reserved 212992K
}
Event: 36.436 GC heap before
{Heap before GC invocations=10 (full 0):
 garbage-first heap   total 262144K, used 197428K [0x00000000e0000000, 0x0000000100000000)
  region size 1024K, 151 young (154624K), 11 survivors (11264K)
 Metaspace       used 53874K, committed 54464K, reserved 278528K
  class space    used 7357K, committed 7680K, reserved 212992K
}
Event: 36.453 GC heap after
{Heap after GC invocations=11 (full 0):
 garbage-first heap   total 262144K, used 55437K [0x00000000e0000000, 0x0000000100000000)
  region size 1024K, 8 young (8192K), 8 survivors (8192K)
 Metaspace       used 53874K, committed 54464K, reserved 278528K
  class space    used 7357K, committed 7680K, reserved 212992K
}
Event: 39.821 GC heap before
{Heap before GC invocations=11 (full 0):
 garbage-first heap   total 262144K, used 199821K [0x00000000e0000000, 0x0000000100000000)
  region size 1024K, 150 young (153600K), 8 survivors (8192K)
 Metaspace       used 54445K, committed 55040K, reserved 278528K
  class space    used 7381K, committed 7680K, reserved 212992K
}
Event: 39.825 GC heap after
{Heap after GC invocations=12 (full 0):
 garbage-first heap   total 262144K, used 50767K [0x00000000e0000000, 0x0000000100000000)
  region size 1024K, 3 young (3072K), 3 survivors (3072K)
 Metaspace       used 54445K, committed 55040K, reserved 278528K
  class space    used 7381K, committed 7680K, reserved 212992K
}
Event: 41.291 GC heap before
{Heap before GC invocations=12 (full 0):
 garbage-first heap   total 262144K, used 203343K [0x00000000e0000000, 0x0000000100000000)
  region size 1024K, 153 young (156672K), 3 survivors (3072K)
 Metaspace       used 54689K, committed 55296K, reserved 278528K
  class space    used 7384K, committed 7680K, reserved 212992K
}
Event: 41.304 GC heap after
{Heap after GC invocations=13 (full 0):
 garbage-first heap   total 262144K, used 62946K [0x00000000e0000000, 0x0000000100000000)
  region size 1024K, 15 young (15360K), 15 survivors (15360K)
 Metaspace       used 54689K, committed 55296K, reserved 278528K
  class space    used 7384K, committed 7680K, reserved 212992K
}
Event: 278.936 GC heap before
{Heap before GC invocations=13 (full 0):
 garbage-first heap   total 262144K, used 203234K [0x00000000e0000000, 0x0000000100000000)
  region size 1024K, 153 young (156672K), 15 survivors (15360K)
 Metaspace       used 55049K, committed 55744K, reserved 278528K
  class space    used 7393K, committed 7744K, reserved 212992K
}
Event: 279.015 GC heap after
{Heap after GC invocations=14 (full 0):
 garbage-first heap   total 262144K, used 58782K [0x00000000e0000000, 0x0000000100000000)
  region size 1024K, 9 young (9216K), 9 survivors (9216K)
 Metaspace       used 55049K, committed 55744K, reserved 278528K
  class space    used 7393K, committed 7744K, reserved 212992K
}

Deoptimization events (20 events):
Event: 272.864 Thread 0x00000191d88b8c10 DEOPT PACKING pc=0x00000191b6b0a978 sp=0x0000004c978fc0f0
Event: 272.864 Thread 0x00000191d88b8c10 DEOPT UNPACKING pc=0x00000191b60323a3 sp=0x0000004c978fc078 mode 2
Event: 273.481 Thread 0x00000191d8456ca0 DEOPT PACKING pc=0x00000191af3c5b6b sp=0x0000004c9a6f87f0
Event: 273.481 Thread 0x00000191d8456ca0 DEOPT UNPACKING pc=0x00000191b6032b43 sp=0x0000004c9a6f7c88 mode 0
Event: 273.928 Thread 0x00000191d8456ca0 Uncommon trap: trap_request=0xffffffcc fr.pc=0x00000191b6b2029c relative=0x000000000000037c
Event: 273.928 Thread 0x00000191d8456ca0 Uncommon trap: reason=intrinsic_or_type_checked_inlining action=make_not_entrant pc=0x00000191b6b2029c method=java.util.Arrays.copyOfRange([Ljava/lang/Object;IILjava/lang/Class;)[Ljava/lang/Object; @ 84 c2
Event: 273.928 Thread 0x00000191d8456ca0 DEOPT PACKING pc=0x00000191b6b2029c sp=0x0000004c9a6f9220
Event: 273.928 Thread 0x00000191d8456ca0 DEOPT UNPACKING pc=0x00000191b60323a3 sp=0x0000004c9a6f91a0 mode 2
Event: 276.094 Thread 0x00000191d8456ca0 DEOPT PACKING pc=0x00000191af3c5b6b sp=0x0000004c9a6f84b0
Event: 276.094 Thread 0x00000191d8456ca0 DEOPT UNPACKING pc=0x00000191b6032b43 sp=0x0000004c9a6f7948 mode 0
Event: 278.872 Thread 0x00000191d8456ca0 DEOPT PACKING pc=0x00000191af8f8403 sp=0x0000004c9a6f9ea0
Event: 278.873 Thread 0x00000191d8456ca0 DEOPT UNPACKING pc=0x00000191b6032b43 sp=0x0000004c9a6f93b8 mode 0
Event: 278.922 Thread 0x00000191d8456ca0 DEOPT PACKING pc=0x00000191af70457f sp=0x0000004c9a6f84e0
Event: 278.923 Thread 0x00000191d8456ca0 DEOPT UNPACKING pc=0x00000191b6032b43 sp=0x0000004c9a6f7898 mode 0
Event: 279.229 Thread 0x00000191d8456ca0 DEOPT PACKING pc=0x00000191af8ff605 sp=0x0000004c9a6f8e80
Event: 279.229 Thread 0x00000191d8456ca0 DEOPT UNPACKING pc=0x00000191b6032b43 sp=0x0000004c9a6f83c8 mode 0
Event: 279.680 Thread 0x00000191d8456ca0 DEOPT PACKING pc=0x00000191afbaf3d7 sp=0x0000004c9a6fa080
Event: 279.680 Thread 0x00000191d8456ca0 DEOPT UNPACKING pc=0x00000191b6032b43 sp=0x0000004c9a6f9548 mode 0
Event: 279.719 Thread 0x00000191d8456ca0 DEOPT PACKING pc=0x00000191af9d2ae9 sp=0x0000004c9a6fa240
Event: 279.720 Thread 0x00000191d8456ca0 DEOPT UNPACKING pc=0x00000191b6032b43 sp=0x0000004c9a6f9750 mode 0

Classes unloaded (0 events):
No events

Classes redefined (0 events):
No events

Internal exceptions (20 events):
Event: 15.372 Thread 0x00000191d5ba59b0 Exception <a 'java/lang/IncompatibleClassChangeError'{0x00000000effaca20}: Found class java.lang.Object, but interface was expected> (0x00000000effaca20) 
thrown [s\open\src\hotspot\share\interpreter\linkResolver.cpp, line 826]
Event: 15.373 Thread 0x00000191d5a34cb0 Exception <a 'java/lang/NoSuchMethodError'{0x00000000effdfa78}: static Lorg/gradle/internal/build/event/types/DefaultTaskDescriptor;.<clinit>()V> (0x00000000effdfa78) 
thrown [s\open\src\hotspot\share\prims\jni.cpp, line 1112]
Event: 15.378 Thread 0x00000191d5a34cb0 Exception <a 'java/lang/NoSuchMethodError'{0x00000000efe0eaf0}: static Lorg/gradle/internal/operations/OperationIdentifier;.<clinit>()V> (0x00000000efe0eaf0) 
thrown [s\open\src\hotspot\share\prims\jni.cpp, line 1112]
Event: 15.379 Thread 0x00000191d5a34cb0 Exception <a 'java/lang/NoSuchMethodError'{0x00000000efe4eae8}: static Lorg/gradle/internal/build/event/types/DefaultBinaryPluginIdentifier;.<clinit>()V> (0x00000000efe4eae8) 
thrown [s\open\src\hotspot\share\prims\jni.cpp, line 1112]
Event: 15.556 Thread 0x00000191d5ba59b0 Exception <a 'java/lang/IncompatibleClassChangeError'{0x00000000efab1ae0}: Found class java.lang.Object, but interface was expected> (0x00000000efab1ae0) 
thrown [s\open\src\hotspot\share\interpreter\linkResolver.cpp, line 826]
Event: 19.361 Thread 0x00000191d5ba59b0 Exception <a 'java/lang/NoSuchMethodError'{0x00000000ec54b1c0}: 'void java.lang.invoke.DirectMethodHandle$Holder.invokeVirtual(java.lang.Object, java.lang.Object, java.lang.Object, java.lang.Object)'> (0x00000000ec54b1c0) 
thrown [s\open\src\hotspot\share\interpreter\linkResolver.cpp, line 759]
Event: 19.694 Thread 0x00000191d5ba59b0 Exception <a 'java/lang/NoSuchMethodError'{0x00000000eb29c6f8}: 'int java.lang.invoke.DirectMethodHandle$Holder.invokeStaticInit(java.lang.Object, java.lang.Object, java.lang.Object, java.lang.Object, java.lang.Object)'> (0x00000000eb29c6f8) 
thrown [s\open\src\hotspot\share\interpreter\linkResolver.cpp, line 759]
Event: 19.737 Thread 0x00000191d5a34cb0 Exception <a 'java/lang/NoSuchMethodError'{0x00000000eff1dca8}: static Lorg/gradle/internal/build/event/types/DefaultTaskFinishedProgressEvent;.<clinit>()V> (0x00000000eff1dca8) 
thrown [s\open\src\hotspot\share\prims\jni.cpp, line 1112]
Event: 19.742 Thread 0x00000191d5a34cb0 Exception <a 'java/lang/NoSuchMethodError'{0x00000000eb056810}: static Lorg/gradle/internal/build/event/types/DefaultTaskSuccessResult;.<clinit>()V> (0x00000000eb056810) 
thrown [s\open\src\hotspot\share\prims\jni.cpp, line 1112]
Event: 19.742 Thread 0x00000191d5a34cb0 Exception <a 'java/lang/NoSuchMethodError'{0x00000000eb057a80}: static Lorg/gradle/internal/build/event/types/AbstractTaskResult;.<clinit>()V> (0x00000000eb057a80) 
thrown [s\open\src\hotspot\share\prims\jni.cpp, line 1112]
Event: 19.742 Thread 0x00000191d5a34cb0 Exception <a 'java/lang/NoSuchMethodError'{0x00000000eb058fa8}: static Lorg/gradle/internal/build/event/types/AbstractResult;.<clinit>()V> (0x00000000eb058fa8) 
thrown [s\open\src\hotspot\share\prims\jni.cpp, line 1112]
Event: 35.456 Thread 0x00000191d5a356d0 Exception <a 'java/lang/NoClassDefFoundError'{0x00000000ea5e99f8}: org/jetbrains/kotlin/gradle/plugin/KotlinPluginWrapper> (0x00000000ea5e99f8) 
thrown [s\open\src\hotspot\share\oops\constantPool.cpp, line 837]
Event: 35.456 Thread 0x00000191d5a356d0 Exception <a 'java/lang/NoClassDefFoundError'{0x00000000ea5ebaf0}: org/graalvm/buildtools/gradle/NativeImagePlugin> (0x00000000ea5ebaf0) 
thrown [s\open\src\hotspot\share\oops\constantPool.cpp, line 837]
Event: 38.086 Thread 0x00000191d7cab400 Exception <a 'java/lang/NoSuchMethodError'{0x00000000e7621f98}: 'int java.lang.invoke.DirectMethodHandle$Holder.invokeSpecial(java.lang.Object, java.lang.Object, java.lang.Object, java.lang.Object, java.lang.Object)'> (0x00000000e7621f98) 
thrown [s\open\src\hotspot\share\interpreter\linkResolver.cpp, line 759]
Event: 39.871 Thread 0x00000191d5a356d0 Exception <a 'java/lang/NoClassDefFoundError'{0x00000000efcdd590}: org/jetbrains/kotlin/gradle/plugin/KotlinPluginWrapper> (0x00000000efcdd590) 
thrown [s\open\src\hotspot\share\oops\constantPool.cpp, line 837]
Event: 39.871 Thread 0x00000191d5a356d0 Exception <a 'java/lang/NoClassDefFoundError'{0x00000000efcdf688}: org/graalvm/buildtools/gradle/NativeImagePlugin> (0x00000000efcdf688) 
thrown [s\open\src\hotspot\share\oops\constantPool.cpp, line 837]
Event: 272.580 Thread 0x00000191d88b8c10 Exception <a 'java/lang/NoClassDefFoundError'{0x00000000ec90f840}: org/jetbrains/kotlin/gradle/plugin/KotlinPluginWrapper> (0x00000000ec90f840) 
thrown [s\open\src\hotspot\share\oops\constantPool.cpp, line 837]
Event: 272.580 Thread 0x00000191d88b8c10 Exception <a 'java/lang/NoClassDefFoundError'{0x00000000ec911938}: org/graalvm/buildtools/gradle/NativeImagePlugin> (0x00000000ec911938) 
thrown [s\open\src\hotspot\share\oops\constantPool.cpp, line 837]
Event: 272.863 Thread 0x00000191d88b8c10 Implicit null exception at 0x00000191b6b19104 to 0x00000191b6b19274
Event: 272.863 Thread 0x00000191d88b8c10 Implicit null exception at 0x00000191b6b0a8db to 0x00000191b6b0a96c

VM Operations (20 events):
Event: 271.074 Executing VM operation: Cleanup
Event: 271.075 Executing VM operation: Cleanup done
Event: 272.087 Executing VM operation: Cleanup
Event: 272.087 Executing VM operation: Cleanup done
Event: 273.065 Executing VM operation: ICBufferFull
Event: 273.065 Executing VM operation: ICBufferFull done
Event: 274.073 Executing VM operation: Cleanup
Event: 274.073 Executing VM operation: Cleanup done
Event: 275.086 Executing VM operation: Cleanup
Event: 275.116 Executing VM operation: Cleanup done
Event: 276.130 Executing VM operation: Cleanup
Event: 276.146 Executing VM operation: Cleanup done
Event: 277.150 Executing VM operation: Cleanup
Event: 277.150 Executing VM operation: Cleanup done
Event: 278.151 Executing VM operation: Cleanup
Event: 278.151 Executing VM operation: Cleanup done
Event: 278.934 Executing VM operation: G1CollectForAllocation
Event: 279.016 Executing VM operation: G1CollectForAllocation done
Event: 279.188 Executing VM operation: HandshakeAllThreads
Event: 279.193 Executing VM operation: HandshakeAllThreads done

Events (20 events):
Event: 279.432 Thread 0x00000191c1b315f0 flushing nmethod 0x00000191aed41c90
Event: 279.444 Thread 0x00000191c1b315f0 flushing nmethod 0x00000191aede6a10
Event: 279.449 Thread 0x00000191c1b315f0 flushing nmethod 0x00000191aee50b10
Event: 279.465 Thread 0x00000191c1b315f0 flushing nmethod 0x00000191aef67090
Event: 279.483 Thread 0x00000191c1b315f0 flushing nmethod 0x00000191af0b5f10
Event: 279.497 Thread 0x00000191c1b315f0 flushing nmethod 0x00000191af182590
Event: 279.508 Thread 0x00000191c1b315f0 flushing nmethod 0x00000191af24b110
Event: 279.515 Thread 0x00000191c1b315f0 flushing nmethod 0x00000191af2f4590
Event: 279.515 Thread 0x00000191c1b315f0 flushing nmethod 0x00000191af2f4f90
Event: 279.554 Thread 0x00000191c1b315f0 flushing nmethod 0x00000191af848d90
Event: 279.557 Thread 0x00000191c1b315f0 flushing nmethod 0x00000191af8ebf10
Event: 279.557 Thread 0x00000191c1b315f0 flushing nmethod 0x00000191af8ece10
Event: 279.558 Thread 0x00000191c1b315f0 flushing nmethod 0x00000191af8f3a10
Event: 279.562 Thread 0x00000191c1b315f0 flushing nmethod 0x00000191af9b7710
Event: 279.570 Thread 0x00000191c1b315f0 flushing nmethod 0x00000191afbbac10
Event: 279.573 Thread 0x00000191c1b315f0 flushing nmethod 0x00000191afc3e710
Event: 279.575 Thread 0x00000191c1b315f0 flushing nmethod 0x00000191afca7a10
Event: 279.575 Thread 0x00000191c1b315f0 flushing nmethod 0x00000191afcae590
Event: 279.576 Thread 0x00000191c1b315f0 flushing nmethod 0x00000191afce1e90
Event: 279.809 Thread 0x00000191d6201750 Thread added: 0x00000191d6201750


Dynamic libraries:
0x00007ff626d40000 - 0x00007ff626d50000 	C:\Java\jdk-17\bin\java.exe
0x00007ffcbb810000 - 0x00007ffcbba27000 	C:\WINDOWS\SYSTEM32\ntdll.dll
0x00007ffcb96e0000 - 0x00007ffcb97a4000 	C:\WINDOWS\System32\KERNEL32.DLL
0x00007ffcb9190000 - 0x00007ffcb953d000 	C:\WINDOWS\System32\KERNELBASE.dll
0x00007ffcb8b30000 - 0x00007ffcb8c41000 	C:\WINDOWS\System32\ucrtbase.dll
0x00007ffca7b20000 - 0x00007ffca7b39000 	C:\Java\jdk-17\bin\jli.dll
0x00007ffca8590000 - 0x00007ffca85ab000 	C:\Java\jdk-17\bin\VCRUNTIME140.dll
0x00007ffcb9af0000 - 0x00007ffcb9ba2000 	C:\WINDOWS\System32\ADVAPI32.dll
0x00007ffcb9e10000 - 0x00007ffcb9eb7000 	C:\WINDOWS\System32\msvcrt.dll
0x00007ffcb9540000 - 0x00007ffcb95e9000 	C:\WINDOWS\System32\sechost.dll
0x00007ffcb8df0000 - 0x00007ffcb8e18000 	C:\WINDOWS\System32\bcrypt.dll
0x00007ffcbb650000 - 0x00007ffcbb764000 	C:\WINDOWS\System32\RPCRT4.dll
0x00007ffcb97b0000 - 0x00007ffcb995e000 	C:\WINDOWS\System32\USER32.dll
0x00007ffcb8dc0000 - 0x00007ffcb8de6000 	C:\WINDOWS\System32\win32u.dll
0x00007ffca5e20000 - 0x00007ffca60b3000 	C:\WINDOWS\WinSxS\amd64_microsoft.windows.common-controls_6595b64144ccf1df_6.0.22621.3672_none_2713b9d173822955\COMCTL32.dll
0x00007ffcbb2d0000 - 0x00007ffcbb2f9000 	C:\WINDOWS\System32\GDI32.dll
0x00007ffcb8e20000 - 0x00007ffcb8f39000 	C:\WINDOWS\System32\gdi32full.dll
0x00007ffcb90f0000 - 0x00007ffcb918a000 	C:\WINDOWS\System32\msvcp_win.dll
0x00007ffcad7e0000 - 0x00007ffcad7ea000 	C:\WINDOWS\SYSTEM32\VERSION.dll
0x00007ffcba890000 - 0x00007ffcba8c1000 	C:\WINDOWS\System32\IMM32.DLL
0x00007ffcb05f0000 - 0x00007ffcb05fc000 	C:\Java\jdk-17\bin\vcruntime140_1.dll
0x00007ffc83240000 - 0x00007ffc832ce000 	C:\Java\jdk-17\bin\msvcp140.dll
0x00007ffc2b670000 - 0x00007ffc2c250000 	C:\Java\jdk-17\bin\server\jvm.dll
0x00007ffca3f30000 - 0x00007ffca3f39000 	C:\WINDOWS\SYSTEM32\WSOCK32.dll
0x00007ffcb4390000 - 0x00007ffcb43c4000 	C:\WINDOWS\SYSTEM32\WINMM.dll
0x00007ffcb9640000 - 0x00007ffcb9648000 	C:\WINDOWS\System32\PSAPI.DLL
0x00007ffcb9660000 - 0x00007ffcb96d1000 	C:\WINDOWS\System32\WS2_32.dll
0x00007ffcb7b80000 - 0x00007ffcb7b98000 	C:\WINDOWS\SYSTEM32\kernel.appcore.dll
0x00007ffc9d820000 - 0x00007ffc9d82a000 	C:\Java\jdk-17\bin\jimage.dll
0x00007ffca4e60000 - 0x00007ffca5092000 	C:\WINDOWS\SYSTEM32\DBGHELP.DLL
0x00007ffcba500000 - 0x00007ffcba88e000 	C:\WINDOWS\System32\combase.dll
0x00007ffcbb300000 - 0x00007ffcbb3d7000 	C:\WINDOWS\System32\OLEAUT32.dll
0x00007ffca4e00000 - 0x00007ffca4e32000 	C:\WINDOWS\SYSTEM32\dbgcore.DLL
0x00007ffcb9070000 - 0x00007ffcb90eb000 	C:\WINDOWS\System32\bcryptPrimitives.dll
0x00007ffc8c4f0000 - 0x00007ffc8c515000 	C:\Java\jdk-17\bin\java.dll
0x00007ffc82e40000 - 0x00007ffc82f17000 	C:\Java\jdk-17\bin\jsvml.dll
0x00007ffcba8d0000 - 0x00007ffcbb137000 	C:\WINDOWS\System32\SHELL32.dll
0x00007ffcb6ab0000 - 0x00007ffcb73af000 	C:\WINDOWS\SYSTEM32\windows.storage.dll
0x00007ffcb6970000 - 0x00007ffcb6aaf000 	C:\WINDOWS\SYSTEM32\wintypes.dll
0x00007ffcbb1d0000 - 0x00007ffcbb2c9000 	C:\WINDOWS\System32\SHCORE.dll
0x00007ffcbb4e0000 - 0x00007ffcbb53e000 	C:\WINDOWS\System32\shlwapi.dll
0x00007ffcb8a60000 - 0x00007ffcb8a87000 	C:\WINDOWS\SYSTEM32\profapi.dll
0x00007ffc95ff0000 - 0x00007ffc96009000 	C:\java\jdk-17\bin\net.dll
0x00007ffcb3690000 - 0x00007ffcb37c6000 	C:\WINDOWS\SYSTEM32\WINHTTP.dll
0x00007ffcb7ff0000 - 0x00007ffcb8059000 	C:\WINDOWS\system32\mswsock.dll
0x00007ffc90fa0000 - 0x00007ffc90fb6000 	C:\java\jdk-17\bin\nio.dll
0x00007ffc99430000 - 0x00007ffc99448000 	C:\java\jdk-17\bin\zip.dll
0x00007ffc99590000 - 0x00007ffc995a0000 	C:\Java\jdk-17\bin\verify.dll
0x00007ffcb4cc0000 - 0x00007ffcb4ce7000 	C:\gradle\gradle-8.4\native\c067742578af261105cb4f569cf0c3c89f3d7b1fecec35dd04571415982c5e48\windows-amd64\native-platform.dll
0x00007ffc82cf0000 - 0x00007ffc82e34000 	C:\gradle\gradle-8.4\native\38dada09dfb8b06ba9b0570ebf7e218e3eb74d4ef43ca46872605cf95ebc2f47\windows-amd64\native-platform-file-events.dll
0x00007ffc98f60000 - 0x00007ffc98f6a000 	C:\java\jdk-17\bin\management.dll
0x00007ffc97fa0000 - 0x00007ffc97fab000 	C:\java\jdk-17\bin\management_ext.dll
0x00007ffcb8240000 - 0x00007ffcb825b000 	C:\WINDOWS\SYSTEM32\CRYPTSP.dll
0x00007ffcb7ae0000 - 0x00007ffcb7b15000 	C:\WINDOWS\system32\rsaenh.dll
0x00007ffcb80e0000 - 0x00007ffcb8108000 	C:\WINDOWS\SYSTEM32\USERENV.dll
0x00007ffcb8260000 - 0x00007ffcb826c000 	C:\WINDOWS\SYSTEM32\CRYPTBASE.dll
0x00007ffcb7610000 - 0x00007ffcb763d000 	C:\WINDOWS\SYSTEM32\IPHLPAPI.DLL
0x00007ffcbb1c0000 - 0x00007ffcbb1c9000 	C:\WINDOWS\System32\NSI.dll
0x00007ffcb2f10000 - 0x00007ffcb2f29000 	C:\WINDOWS\SYSTEM32\dhcpcsvc6.DLL
0x00007ffcb22f0000 - 0x00007ffcb230f000 	C:\WINDOWS\SYSTEM32\dhcpcsvc.DLL
0x00007ffcb7680000 - 0x00007ffcb7778000 	C:\WINDOWS\SYSTEM32\DNSAPI.dll
0x00007ffc97750000 - 0x00007ffc9775e000 	C:\java\jdk-17\bin\sunmscapi.dll
0x00007ffcb8c50000 - 0x00007ffcb8db6000 	C:\WINDOWS\System32\CRYPT32.dll
0x00007ffcb8400000 - 0x00007ffcb842e000 	C:\WINDOWS\SYSTEM32\ncrypt.dll
0x00007ffcb83c0000 - 0x00007ffcb83f7000 	C:\WINDOWS\SYSTEM32\NTASN1.dll
0x00007ffc97d60000 - 0x00007ffc97d68000 	C:\WINDOWS\system32\wshunix.dll

dbghelp: loaded successfully - version: 4.0.5 - missing functions: none
symbol engine: initialized successfully - sym options: 0x614 - pdb path: .;C:\Java\jdk-17\bin;C:\WINDOWS\SYSTEM32;C:\WINDOWS\WinSxS\amd64_microsoft.windows.common-controls_6595b64144ccf1df_6.0.22621.3672_none_2713b9d173822955;C:\Java\jdk-17\bin\server;C:\gradle\gradle-8.4\native\c067742578af261105cb4f569cf0c3c89f3d7b1fecec35dd04571415982c5e48\windows-amd64;C:\gradle\gradle-8.4\native\38dada09dfb8b06ba9b0570ebf7e218e3eb74d4ef43ca46872605cf95ebc2f47\windows-amd64

VM Arguments:
jvm_args: --add-opens=java.base/java.util=ALL-UNNAMED --add-opens=java.base/java.lang=ALL-UNNAMED --add-opens=java.base/java.lang.invoke=ALL-UNNAMED --add-opens=java.prefs/java.util.prefs=ALL-UNNAMED --add-opens=java.base/java.nio.charset=ALL-UNNAMED --add-opens=java.base/java.net=ALL-UNNAMED --add-opens=java.base/java.util.concurrent.atomic=ALL-UNNAMED -XX:MaxMetaspaceSize=256m -XX:+HeapDumpOnOutOfMemoryError -Xms256m -Xmx512m -Dfile.encoding=windows-1252 -Duser.country=GB -Duser.language=en -Duser.variant 
java_command: org.gradle.launcher.daemon.bootstrap.GradleDaemon 7.6.3
java_class_path (initial): C:\gradle\gradle-7.6.3\lib\gradle-launcher-7.6.3.jar
Launcher Type: SUN_STANDARD

[Global flags]
     intx CICompilerCount                          = 4                                         {product} {ergonomic}
   size_t CompressedClassSpaceSize                 = 218103808                                 {product} {ergonomic}
     uint ConcGCThreads                            = 2                                         {product} {ergonomic}
     uint G1ConcRefinementThreads                  = 8                                         {product} {ergonomic}
   size_t G1HeapRegionSize                         = 1048576                                   {product} {ergonomic}
    uintx GCDrainStackTargetSize                   = 64                                        {product} {ergonomic}
     bool HeapDumpOnOutOfMemoryError               = true                                   {manageable} {command line}
   size_t InitialHeapSize                          = 268435456                                 {product} {command line}
   size_t MarkStackSize                            = 4194304                                   {product} {ergonomic}
   size_t MaxHeapSize                              = 536870912                                 {product} {command line}
   size_t MaxMetaspaceSize                         = 268435456                                 {product} {command line}
   size_t MaxNewSize                               = 321912832                                 {product} {ergonomic}
   size_t MinHeapDeltaBytes                        = 1048576                                   {product} {ergonomic}
   size_t MinHeapSize                              = 268435456                                 {product} {command line}
    uintx NonNMethodCodeHeapSize                   = 5839372                                {pd product} {ergonomic}
    uintx NonProfiledCodeHeapSize                  = 122909434                              {pd product} {ergonomic}
    uintx ProfiledCodeHeapSize                     = 122909434                              {pd product} {ergonomic}
    uintx ReservedCodeCacheSize                    = 251658240                              {pd product} {ergonomic}
     bool SegmentedCodeCache                       = true                                      {product} {ergonomic}
   size_t SoftMaxHeapSize                          = 536870912                              {manageable} {ergonomic}
     bool UseCompressedClassPointers               = true                           {product lp64_product} {ergonomic}
     bool UseCompressedOops                        = true                           {product lp64_product} {ergonomic}
     bool UseG1GC                                  = true                                      {product} {ergonomic}
     bool UseLargePagesIndividualAllocation        = false                                  {pd product} {ergonomic}

Logging:
Log output configuration:
 #0: stdout all=warning uptime,level,tags
 #1: stderr all=off uptime,level,tags

Environment Variables:
JAVA_HOME=C:\program files\java\jdk-17
PATH=C:\Program Files (x86)\Common Files\Oracle\Java\javapath;C:\Program Files\Python312\Scripts\;C:\Program Files\Python312\;C:\Python38\Scripts\;C:\Python38\;C:\Program Files\Common Files\Oracle\Java\javapath;C:\WINDOWS\system32;C:\WINDOWS;C:\WINDOWS\System32\Wbem;C:\WINDOWS\System32\WindowsPowerShell\v1.0\;C:\WINDOWS\System32\OpenSSH\;C:\Program Files\nodejs\;C:\ProgramData\chocolatey\bin;C:\Program Files\PuTTY\;c:\gradle\gradle-8.3-bin\gradle-8.3\bin;C:\Program Files\TortoiseSVN\bin;C:\Program Files\Git\cmd;C:\Program Files\MySQL\MySQL Shell 8.0\bin\;C:\Users\barry\AppData\Local\Microsoft\WindowsApps;C:\Users\barry\AppData\Roaming\npm;C:\Python27;:\Program Files\Java\jdk-11.0.8;C:\apache-cassandra-4.17.0\bin;C:\Users\barry\AppData\Local\Programs\MiKTeX\miktex\bin\x64\;C:\Users\barry\AppData\Roaming\Programs\Zero Install;C:\Program Files\JetBrains\PyCharm Community Edition 2024.2.0.1\bin;
USERNAME=barry
OS=Windows_NT
PROCESSOR_IDENTIFIER=AMD64 Family 23 Model 24 Stepping 1, AuthenticAMD



---------------  S Y S T E M  ---------------

OS:
 Windows 11 , 64 bit Build 22621 (10.0.22621.3958)
OS uptime: 0 days 13:42 hours

CPU: total 8 (initial active 8) (8 cores per cpu, 2 threads per core) family 23 model 24 stepping 1 microcode 0x0, cx8, cmov, fxsr, ht, mmx, 3dnowpref, sse, sse2, sse3, ssse3, sse4a, sse4.1, sse4.2, popcnt, lzcnt, tsc, tscinvbit, avx, avx2, aes, clmul, bmi1, bmi2, adx, sha, fma, vzeroupper, clflush, clflushopt

Memory: 4k page, system-wide physical 6090M (708M free)
TotalPageFile size 24522M (AvailPageFile size 1M)
current process WorkingSet (physical memory assigned to process): 303M, peak: 410M
current process commit charge ("private bytes"): 505M, peak: 515M

vm_info: Java HotSpot(TM) 64-Bit Server VM (17.0.11+7-LTS-207) for windows-amd64 JRE (17.0.11+7-LTS-207), built on Mar 11 2024 19:01:50 by "mach5one" with MS VC++ 17.6 (VS2022)

END.
