#
# There is insufficient memory for the Java Runtime Environment to continue.
# Native memory allocation (malloc) failed to allocate 289184 bytes for Chunk::new
# Possible reasons:
#   The system is out of physical RAM or swap space
#   The process is running with CompressedOops enabled, and the Java Heap may be blocking the growth of the native heap
# Possible solutions:
#   Reduce memory load on the system
#   Increase physical memory or swap space
#   Check if swap backing store is full
#   Decrease Java heap size (-Xmx/-Xms)
#   Decrease number of Java threads
#   Decrease Java thread stack sizes (-Xss)
#   Set larger code cache with -XX:ReservedCodeCacheSize=
#   JVM is running with Unscaled Compressed Oops mode in which the Java heap is
#     placed in the first 4GB address space. The Java Heap base address is the
#     maximum limit for the native heap growth. Please use -XX:HeapBaseMinAddress
#     to set the Java Heap base and to place the Java Heap above 4GB virtual address.
# This output file may be truncated or incomplete.
#
#  Out of Memory Error (arena.cpp:189), pid=26540, tid=25868
#
# JRE version: Java(TM) SE Runtime Environment (17.0.11+7) (build 17.0.11+7-LTS-207)
# Java VM: Java HotSpot(TM) 64-Bit Server VM (17.0.11+7-LTS-207, mixed mode, sharing, tiered, compressed oops, compressed class ptrs, g1 gc, windows-amd64)
# No core dump will be written. Minidumps are not enabled by default on client versions of Windows
#

---------------  S U M M A R Y ------------

Command Line: --add-opens=java.base/java.util=ALL-UNNAMED --add-opens=java.base/java.lang=ALL-UNNAMED --add-opens=java.base/java.lang.invoke=ALL-UNNAMED --add-opens=java.prefs/java.util.prefs=ALL-UNNAMED --add-opens=java.base/java.nio.charset=ALL-UNNAMED --add-opens=java.base/java.net=ALL-UNNAMED --add-opens=java.base/java.util.concurrent.atomic=ALL-UNNAMED -XX:MaxMetaspaceSize=256m -XX:+HeapDumpOnOutOfMemoryError -Xms256m -Xmx512m -Dfile.encoding=UTF-8 -Duser.country=GB -Duser.language=en -Duser.variant org.gradle.launcher.daemon.bootstrap.GradleDaemon 7.6.3

Host: AMD Ryzen 5 3500U with Radeon Vega Mobile Gfx  , 8 cores, 5G,  Windows 11 , 64 bit Build 22621 (10.0.22621.3958)
Time: Wed Oct  9 02:36:38 2024 GMT Summer Time elapsed time: 186.009990 seconds (0d 0h 3m 6s)

---------------  T H R E A D  ---------------

Current thread (0x000001e5fff416f0):  JavaThread "C2 CompilerThread0" daemon [_thread_in_native, id=25868, stack(0x00000056c4200000,0x00000056c4300000)]


Current CompileTask:
C2: 186010 3250       4       java.io.DataInputStream::readUTF (501 bytes)

Stack: [0x00000056c4200000,0x00000056c4300000]
Native frames: (J=compiled Java code, j=interpreted, Vv=VM code, C=native code)
V  [jvm.dll+0x679cca]
V  [jvm.dll+0x7da13d]
V  [jvm.dll+0x7dba83]
V  [jvm.dll+0x7dc0f3]
V  [jvm.dll+0x2449af]
V  [jvm.dll+0xab83b]
V  [jvm.dll+0xabe1c]
V  [jvm.dll+0x3615ae]
V  [jvm.dll+0x32bd61]
V  [jvm.dll+0x32b1fa]
V  [jvm.dll+0x2161df]
V  [jvm.dll+0x21560f]
V  [jvm.dll+0x1a2040]
V  [jvm.dll+0x225a2b]
V  [jvm.dll+0x223bcb]
V  [jvm.dll+0x7903ec]
V  [jvm.dll+0x78a85a]
V  [jvm.dll+0x678bb5]
C  [ucrtbase.dll+0x29333]
C  [KERNEL32.DLL+0x1257d]
C  [ntdll.dll+0x5af08]


---------------  P R O C E S S  ---------------

Threads class SMR info:
_java_thread_list=0x000001e596bc8bc0, length=36, elements={
0x000001e5f9ee5220, 0x000001e5fff268b0, 0x000001e5fff27530, 0x000001e5fff3cce0,
0x000001e5fff3d6a0, 0x000001e5fff3e060, 0x000001e5fff3ea20, 0x000001e5fff416f0,
0x000001e5fff420b0, 0x000001e596910060, 0x000001e5969d7240, 0x000001e5969df520,
0x000001e5aa7c7a60, 0x000001e5aa5450c0, 0x000001e5aa2ba130, 0x000001e5aa266500,
0x000001e5a977df50, 0x000001e5a9e45ca0, 0x000001e5a9e466c0, 0x000001e5a9e46bd0,
0x000001e5a9e470e0, 0x000001e5a9e45790, 0x000001e5aa536c50, 0x000001e5aa536740,
0x000001e5aa532570, 0x000001e5aa532f90, 0x000001e5aa537160, 0x000001e5aa533ec0,
0x000001e5aa535300, 0x000001e5aa5394d0, 0x000001e5aa536230, 0x000001e5aa5343d0,
0x000001e5aa535d20, 0x000001e5aa5339b0, 0x000001e5aa537670, 0x000001e5aa538ab0
}

Java Threads: ( => current thread )
  0x000001e5f9ee5220 JavaThread "main" [_thread_blocked, id=26536, stack(0x00000056c3500000,0x00000056c3600000)]
  0x000001e5fff268b0 JavaThread "Reference Handler" daemon [_thread_blocked, id=24460, stack(0x00000056c3c00000,0x00000056c3d00000)]
  0x000001e5fff27530 JavaThread "Finalizer" daemon [_thread_blocked, id=2624, stack(0x00000056c3d00000,0x00000056c3e00000)]
  0x000001e5fff3cce0 JavaThread "Signal Dispatcher" daemon [_thread_blocked, id=25052, stack(0x00000056c3e00000,0x00000056c3f00000)]
  0x000001e5fff3d6a0 JavaThread "Attach Listener" daemon [_thread_blocked, id=21612, stack(0x00000056c3f00000,0x00000056c4000000)]
  0x000001e5fff3e060 JavaThread "Service Thread" daemon [_thread_blocked, id=25804, stack(0x00000056c4000000,0x00000056c4100000)]
  0x000001e5fff3ea20 JavaThread "Monitor Deflation Thread" daemon [_thread_blocked, id=25772, stack(0x00000056c4100000,0x00000056c4200000)]
=>0x000001e5fff416f0 JavaThread "C2 CompilerThread0" daemon [_thread_in_native, id=25868, stack(0x00000056c4200000,0x00000056c4300000)]
  0x000001e5fff420b0 JavaThread "C1 CompilerThread0" daemon [_thread_blocked, id=6980, stack(0x00000056c4300000,0x00000056c4400000)]
  0x000001e596910060 JavaThread "Sweeper thread" daemon [_thread_blocked, id=26580, stack(0x00000056c4400000,0x00000056c4500000)]
  0x000001e5969d7240 JavaThread "Common-Cleaner" daemon [_thread_blocked, id=18820, stack(0x00000056c4500000,0x00000056c4600000)]
  0x000001e5969df520 JavaThread "Notification Thread" daemon [_thread_blocked, id=24948, stack(0x00000056c4600000,0x00000056c4700000)]
  0x000001e5aa7c7a60 JavaThread "Daemon health stats" [_thread_blocked, id=19348, stack(0x00000056c4d00000,0x00000056c4e00000)]
  0x000001e5aa5450c0 JavaThread "Incoming local TCP Connector on port 56399" [_thread_in_native, id=26572, stack(0x00000056c4e00000,0x00000056c4f00000)]
  0x000001e5aa2ba130 JavaThread "Daemon periodic checks" [_thread_blocked, id=7864, stack(0x00000056c4f00000,0x00000056c5000000)]
  0x000001e5aa266500 JavaThread "Daemon" [_thread_blocked, id=26528, stack(0x00000056c5000000,0x00000056c5100000)]
  0x000001e5a977df50 JavaThread "Handler for socket connection from /127.0.0.1:56399 to /127.0.0.1:56402" [_thread_in_native, id=26388, stack(0x00000056c5100000,0x00000056c5200000)]
  0x000001e5a9e45ca0 JavaThread "Cancel handler" [_thread_blocked, id=22816, stack(0x00000056c5200000,0x00000056c5300000)]
  0x000001e5a9e466c0 JavaThread "Daemon worker" [_thread_in_native, id=14304, stack(0x00000056c5300000,0x00000056c5400000)]
  0x000001e5a9e46bd0 JavaThread "Asynchronous log dispatcher for DefaultDaemonConnection: socket connection from /127.0.0.1:56399 to /127.0.0.1:56402" [_thread_blocked, id=20252, stack(0x00000056c5400000,0x00000056c5500000)]
  0x000001e5a9e470e0 JavaThread "Stdin handler" [_thread_blocked, id=12508, stack(0x00000056c5500000,0x00000056c5600000)]
  0x000001e5a9e45790 JavaThread "Daemon client event forwarder" [_thread_blocked, id=25996, stack(0x00000056c5600000,0x00000056c5700000)]
  0x000001e5aa536c50 JavaThread "Cache worker for journal cache (C:\gradle\gradle-8.4\caches\journal-1)" [_thread_blocked, id=25008, stack(0x00000056c5900000,0x00000056c5a00000)]
  0x000001e5aa536740 JavaThread "File lock request listener" [_thread_in_native, id=18688, stack(0x00000056c5a00000,0x00000056c5b00000)]
  0x000001e5aa532570 JavaThread "File lock release action executor" [_thread_blocked, id=23296, stack(0x00000056c5b00000,0x00000056c5c00000)]
  0x000001e5aa532f90 JavaThread "Cache worker for file hash cache (C:\gradle\gradle-8.4\caches\7.6.3\fileHashes)" [_thread_blocked, id=27368, stack(0x00000056c3300000,0x00000056c3400000)]
  0x000001e5aa537160 JavaThread "File watcher server" daemon [_thread_in_native, id=25412, stack(0x00000056c3400000,0x00000056c3500000)]
  0x000001e5aa533ec0 JavaThread "File watcher consumer" daemon [_thread_blocked, id=24784, stack(0x00000056c5700000,0x00000056c5800000)]
  0x000001e5aa535300 JavaThread "Cache worker for checksums cache (C:\Users\barry\src\SmokPromNew\.gradle\7.6.3\checksums)" [_thread_blocked, id=26904, stack(0x00000056c5c00000,0x00000056c5d00000)]
  0x000001e5aa5394d0 JavaThread "Cache worker for cache directory md-rule (C:\gradle\gradle-8.4\caches\7.6.3\md-rule)" [_thread_blocked, id=26912, stack(0x00000056c5d00000,0x00000056c5e00000)]
  0x000001e5aa536230 JavaThread "Cache worker for file content cache (C:\gradle\gradle-8.4\caches\7.6.3\fileContent)" [_thread_blocked, id=9768, stack(0x00000056c5e00000,0x00000056c5f00000)]
  0x000001e5aa5343d0 JavaThread "Cache worker for file hash cache (C:\Users\barry\src\SmokPromNew\.gradle\7.6.3\fileHashes)" [_thread_blocked, id=25896, stack(0x00000056c6200000,0x00000056c6300000)]
  0x000001e5aa535d20 JavaThread "Cache worker for cache directory md-supplier (C:\gradle\gradle-8.4\caches\7.6.3\md-supplier)" [_thread_blocked, id=20284, stack(0x00000056c6300000,0x00000056c6400000)]
  0x000001e5aa5339b0 JavaThread "Cache worker for execution history cache (C:\gradle\gradle-8.4\caches\7.6.3\executionHistory)" [_thread_blocked, id=27644, stack(0x00000056c6400000,0x00000056c6500000)]
  0x000001e5aa537670 JavaThread "jar transforms" [_thread_blocked, id=25388, stack(0x00000056c6500000,0x00000056c6600000)]
  0x000001e5aa538ab0 JavaThread "jar transforms Thread 2" [_thread_blocked, id=18852, stack(0x00000056c6600000,0x00000056c6700000)]

Other Threads:
  0x000001e5fff201f0 VMThread "VM Thread" [stack: 0x00000056c3b00000,0x00000056c3c00000] [id=21852]
  0x000001e5969e49c0 WatcherThread [stack: 0x00000056c4700000,0x00000056c4800000] [id=25820]
  0x000001e5f9f14090 GCTaskThread "GC Thread#0" [stack: 0x00000056c3600000,0x00000056c3700000] [id=20876]
  0x000001e5a96c7a30 GCTaskThread "GC Thread#1" [stack: 0x00000056c4800000,0x00000056c4900000] [id=21332]
  0x000001e5a90be9f0 GCTaskThread "GC Thread#2" [stack: 0x00000056c4900000,0x00000056c4a00000] [id=19004]
  0x000001e5a993f5a0 GCTaskThread "GC Thread#3" [stack: 0x00000056c4a00000,0x00000056c4b00000] [id=26120]
  0x000001e5a993f860 GCTaskThread "GC Thread#4" [stack: 0x00000056c4b00000,0x00000056c4c00000] [id=23416]
  0x000001e5a96c5bc0 GCTaskThread "GC Thread#5" [stack: 0x00000056c4c00000,0x00000056c4d00000] [id=21660]
  0x000001e5aa994220 GCTaskThread "GC Thread#6" [stack: 0x00000056c5f00000,0x00000056c6000000] [id=27252]
  0x000001e5aa9944e0 GCTaskThread "GC Thread#7" [stack: 0x00000056c6000000,0x00000056c6100000] [id=26788]
  0x000001e5f9f19ef0 ConcurrentGCThread "G1 Main Marker" [stack: 0x00000056c3700000,0x00000056c3800000] [id=7564]
  0x000001e5f9f1a800 ConcurrentGCThread "G1 Conc#0" [stack: 0x00000056c3800000,0x00000056c3900000] [id=19068]
  0x000001e5ab1071d0 ConcurrentGCThread "G1 Conc#1" [stack: 0x00000056c6100000,0x00000056c6200000] [id=25776]
  0x000001e5f9fad8b0 ConcurrentGCThread "G1 Refine#0" [stack: 0x00000056c3900000,0x00000056c3a00000] [id=15860]
  0x000001e5f9fae1e0 ConcurrentGCThread "G1 Service" [stack: 0x00000056c3a00000,0x00000056c3b00000] [id=13552]

Threads with active compile tasks:
C2 CompilerThread0   186046 3250       4       java.io.DataInputStream::readUTF (501 bytes)

VM state: not at safepoint (normal execution)

VM Mutex/Monitor currently owned by a thread: None

Heap address: 0x00000000e0000000, size: 512 MB, Compressed Oops mode: 32-bit

CDS archive(s) mapped at: [0x000001e597000000-0x000001e597bd0000-0x000001e597bd0000), size 12386304, SharedBaseAddress: 0x000001e597000000, ArchiveRelocationMode: 1.
Compressed class space mapped at: 0x000001e598000000-0x000001e5a5000000, reserved size: 218103808
Narrow klass base: 0x000001e597000000, Narrow klass shift: 0, Narrow klass range: 0x100000000

GC Precious Log:
 CPUs: 8 total, 8 available
 Memory: 6090M
 Large Page Support: Disabled
 NUMA Support: Disabled
 Compressed Oops: Enabled (32-bit)
 Heap Region Size: 1M
 Heap Min Capacity: 256M
 Heap Initial Capacity: 256M
 Heap Max Capacity: 512M
 Pre-touch: Disabled
 Parallel Workers: 8
 Concurrent Workers: 2
 Concurrent Refinement Workers: 8
 Periodic GC: Disabled

Heap:
 garbage-first heap   total 262144K, used 46161K [0x00000000e0000000, 0x0000000100000000)
  region size 1024K, 38 young (38912K), 11 survivors (11264K)
 Metaspace       used 25162K, committed 25472K, reserved 278528K
  class space    used 3770K, committed 3904K, reserved 212992K

Heap Regions: E=young(eden), S=young(survivor), O=old, HS=humongous(starts), HC=humongous(continues), CS=collection set, F=free, OA=open archive, CA=closed archive, TAMS=top-at-mark-start (previous, next)
|   0|0x00000000e0000000, 0x00000000e0100000, 0x00000000e0100000|100%|HS|  |TAMS 0x00000000e0100000, 0x00000000e0000000| Complete 
|   1|0x00000000e0100000, 0x00000000e0200000, 0x00000000e0200000|100%|HC|  |TAMS 0x00000000e0200000, 0x00000000e0100000| Complete 
|   2|0x00000000e0200000, 0x00000000e0300000, 0x00000000e0300000|100%|HC|  |TAMS 0x00000000e0300000, 0x00000000e0200000| Complete 
|   3|0x00000000e0300000, 0x00000000e0400000, 0x00000000e0400000|100%| O|  |TAMS 0x00000000e0400000, 0x00000000e0300000| Untracked 
|   4|0x00000000e0400000, 0x00000000e0500000, 0x00000000e0500000|100%| O|  |TAMS 0x00000000e0500000, 0x00000000e0400000| Untracked 
|   5|0x00000000e0500000, 0x00000000e0600000, 0x00000000e0600000|100%| O|  |TAMS 0x00000000e0600000, 0x00000000e0500000| Untracked 
|   6|0x00000000e0600000, 0x00000000e0600000, 0x00000000e0700000|  0%| F|  |TAMS 0x00000000e0600000, 0x00000000e0600000| Untracked 
|   7|0x00000000e0700000, 0x00000000e0800000, 0x00000000e0800000|100%| O|  |TAMS 0x00000000e0800000, 0x00000000e0700000| Untracked 
|   8|0x00000000e0800000, 0x00000000e0900000, 0x00000000e0900000|100%| O|  |TAMS 0x00000000e0900000, 0x00000000e0800000| Untracked 
|   9|0x00000000e0900000, 0x00000000e0a00000, 0x00000000e0a00000|100%| O|  |TAMS 0x00000000e0a00000, 0x00000000e0900000| Untracked 
|  10|0x00000000e0a00000, 0x00000000e0a4fc00, 0x00000000e0b00000| 31%| O|  |TAMS 0x00000000e0a4fc00, 0x00000000e0a00000| Untracked 
|  11|0x00000000e0b00000, 0x00000000e0b00000, 0x00000000e0c00000|  0%| F|  |TAMS 0x00000000e0b00000, 0x00000000e0b00000| Untracked 
|  12|0x00000000e0c00000, 0x00000000e0c00000, 0x00000000e0d00000|  0%| F|  |TAMS 0x00000000e0c00000, 0x00000000e0c00000| Untracked 
|  13|0x00000000e0d00000, 0x00000000e0d00000, 0x00000000e0e00000|  0%| F|  |TAMS 0x00000000e0d00000, 0x00000000e0d00000| Untracked 
|  14|0x00000000e0e00000, 0x00000000e0e00000, 0x00000000e0f00000|  0%| F|  |TAMS 0x00000000e0e00000, 0x00000000e0e00000| Untracked 
|  15|0x00000000e0f00000, 0x00000000e0f00000, 0x00000000e1000000|  0%| F|  |TAMS 0x00000000e0f00000, 0x00000000e0f00000| Untracked 
|  16|0x00000000e1000000, 0x00000000e1000000, 0x00000000e1100000|  0%| F|  |TAMS 0x00000000e1000000, 0x00000000e1000000| Untracked 
|  17|0x00000000e1100000, 0x00000000e1100000, 0x00000000e1200000|  0%| F|  |TAMS 0x00000000e1100000, 0x00000000e1100000| Untracked 
|  18|0x00000000e1200000, 0x00000000e1200000, 0x00000000e1300000|  0%| F|  |TAMS 0x00000000e1200000, 0x00000000e1200000| Untracked 
|  19|0x00000000e1300000, 0x00000000e1300000, 0x00000000e1400000|  0%| F|  |TAMS 0x00000000e1300000, 0x00000000e1300000| Untracked 
|  20|0x00000000e1400000, 0x00000000e1400000, 0x00000000e1500000|  0%| F|  |TAMS 0x00000000e1400000, 0x00000000e1400000| Untracked 
|  21|0x00000000e1500000, 0x00000000e1500000, 0x00000000e1600000|  0%| F|  |TAMS 0x00000000e1500000, 0x00000000e1500000| Untracked 
|  22|0x00000000e1600000, 0x00000000e1600000, 0x00000000e1700000|  0%| F|  |TAMS 0x00000000e1600000, 0x00000000e1600000| Untracked 
|  23|0x00000000e1700000, 0x00000000e1700000, 0x00000000e1800000|  0%| F|  |TAMS 0x00000000e1700000, 0x00000000e1700000| Untracked 
|  24|0x00000000e1800000, 0x00000000e1800000, 0x00000000e1900000|  0%| F|  |TAMS 0x00000000e1800000, 0x00000000e1800000| Untracked 
|  25|0x00000000e1900000, 0x00000000e1900000, 0x00000000e1a00000|  0%| F|  |TAMS 0x00000000e1900000, 0x00000000e1900000| Untracked 
|  26|0x00000000e1a00000, 0x00000000e1a00000, 0x00000000e1b00000|  0%| F|  |TAMS 0x00000000e1a00000, 0x00000000e1a00000| Untracked 
|  27|0x00000000e1b00000, 0x00000000e1b00000, 0x00000000e1c00000|  0%| F|  |TAMS 0x00000000e1b00000, 0x00000000e1b00000| Untracked 
|  28|0x00000000e1c00000, 0x00000000e1c00000, 0x00000000e1d00000|  0%| F|  |TAMS 0x00000000e1c00000, 0x00000000e1c00000| Untracked 
|  29|0x00000000e1d00000, 0x00000000e1d00000, 0x00000000e1e00000|  0%| F|  |TAMS 0x00000000e1d00000, 0x00000000e1d00000| Untracked 
|  30|0x00000000e1e00000, 0x00000000e1e00000, 0x00000000e1f00000|  0%| F|  |TAMS 0x00000000e1e00000, 0x00000000e1e00000| Untracked 
|  31|0x00000000e1f00000, 0x00000000e1f00000, 0x00000000e2000000|  0%| F|  |TAMS 0x00000000e1f00000, 0x00000000e1f00000| Untracked 
|  32|0x00000000e2000000, 0x00000000e2000000, 0x00000000e2100000|  0%| F|  |TAMS 0x00000000e2000000, 0x00000000e2000000| Untracked 
|  33|0x00000000e2100000, 0x00000000e2100000, 0x00000000e2200000|  0%| F|  |TAMS 0x00000000e2100000, 0x00000000e2100000| Untracked 
|  34|0x00000000e2200000, 0x00000000e2200000, 0x00000000e2300000|  0%| F|  |TAMS 0x00000000e2200000, 0x00000000e2200000| Untracked 
|  35|0x00000000e2300000, 0x00000000e2300000, 0x00000000e2400000|  0%| F|  |TAMS 0x00000000e2300000, 0x00000000e2300000| Untracked 
|  36|0x00000000e2400000, 0x00000000e2400000, 0x00000000e2500000|  0%| F|  |TAMS 0x00000000e2400000, 0x00000000e2400000| Untracked 
|  37|0x00000000e2500000, 0x00000000e2500000, 0x00000000e2600000|  0%| F|  |TAMS 0x00000000e2500000, 0x00000000e2500000| Untracked 
|  38|0x00000000e2600000, 0x00000000e2600000, 0x00000000e2700000|  0%| F|  |TAMS 0x00000000e2600000, 0x00000000e2600000| Untracked 
|  39|0x00000000e2700000, 0x00000000e2700000, 0x00000000e2800000|  0%| F|  |TAMS 0x00000000e2700000, 0x00000000e2700000| Untracked 
|  40|0x00000000e2800000, 0x00000000e2800000, 0x00000000e2900000|  0%| F|  |TAMS 0x00000000e2800000, 0x00000000e2800000| Untracked 
|  41|0x00000000e2900000, 0x00000000e2900000, 0x00000000e2a00000|  0%| F|  |TAMS 0x00000000e2900000, 0x00000000e2900000| Untracked 
|  42|0x00000000e2a00000, 0x00000000e2a00000, 0x00000000e2b00000|  0%| F|  |TAMS 0x00000000e2a00000, 0x00000000e2a00000| Untracked 
|  43|0x00000000e2b00000, 0x00000000e2b00000, 0x00000000e2c00000|  0%| F|  |TAMS 0x00000000e2b00000, 0x00000000e2b00000| Untracked 
|  44|0x00000000e2c00000, 0x00000000e2c00000, 0x00000000e2d00000|  0%| F|  |TAMS 0x00000000e2c00000, 0x00000000e2c00000| Untracked 
|  45|0x00000000e2d00000, 0x00000000e2d00000, 0x00000000e2e00000|  0%| F|  |TAMS 0x00000000e2d00000, 0x00000000e2d00000| Untracked 
|  46|0x00000000e2e00000, 0x00000000e2e00000, 0x00000000e2f00000|  0%| F|  |TAMS 0x00000000e2e00000, 0x00000000e2e00000| Untracked 
|  47|0x00000000e2f00000, 0x00000000e2f00000, 0x00000000e3000000|  0%| F|  |TAMS 0x00000000e2f00000, 0x00000000e2f00000| Untracked 
|  48|0x00000000e3000000, 0x00000000e3000000, 0x00000000e3100000|  0%| F|  |TAMS 0x00000000e3000000, 0x00000000e3000000| Untracked 
|  49|0x00000000e3100000, 0x00000000e3100000, 0x00000000e3200000|  0%| F|  |TAMS 0x00000000e3100000, 0x00000000e3100000| Untracked 
|  50|0x00000000e3200000, 0x00000000e3200000, 0x00000000e3300000|  0%| F|  |TAMS 0x00000000e3200000, 0x00000000e3200000| Untracked 
|  51|0x00000000e3300000, 0x00000000e3300000, 0x00000000e3400000|  0%| F|  |TAMS 0x00000000e3300000, 0x00000000e3300000| Untracked 
|  52|0x00000000e3400000, 0x00000000e3400000, 0x00000000e3500000|  0%| F|  |TAMS 0x00000000e3400000, 0x00000000e3400000| Untracked 
|  53|0x00000000e3500000, 0x00000000e3500000, 0x00000000e3600000|  0%| F|  |TAMS 0x00000000e3500000, 0x00000000e3500000| Untracked 
|  54|0x00000000e3600000, 0x00000000e3600000, 0x00000000e3700000|  0%| F|  |TAMS 0x00000000e3600000, 0x00000000e3600000| Untracked 
|  55|0x00000000e3700000, 0x00000000e3700000, 0x00000000e3800000|  0%| F|  |TAMS 0x00000000e3700000, 0x00000000e3700000| Untracked 
|  56|0x00000000e3800000, 0x00000000e3800000, 0x00000000e3900000|  0%| F|  |TAMS 0x00000000e3800000, 0x00000000e3800000| Untracked 
|  57|0x00000000e3900000, 0x00000000e3900000, 0x00000000e3a00000|  0%| F|  |TAMS 0x00000000e3900000, 0x00000000e3900000| Untracked 
|  58|0x00000000e3a00000, 0x00000000e3a00000, 0x00000000e3b00000|  0%| F|  |TAMS 0x00000000e3a00000, 0x00000000e3a00000| Untracked 
|  59|0x00000000e3b00000, 0x00000000e3b00000, 0x00000000e3c00000|  0%| F|  |TAMS 0x00000000e3b00000, 0x00000000e3b00000| Untracked 
|  60|0x00000000e3c00000, 0x00000000e3c00000, 0x00000000e3d00000|  0%| F|  |TAMS 0x00000000e3c00000, 0x00000000e3c00000| Untracked 
|  61|0x00000000e3d00000, 0x00000000e3d00000, 0x00000000e3e00000|  0%| F|  |TAMS 0x00000000e3d00000, 0x00000000e3d00000| Untracked 
|  62|0x00000000e3e00000, 0x00000000e3e00000, 0x00000000e3f00000|  0%| F|  |TAMS 0x00000000e3e00000, 0x00000000e3e00000| Untracked 
|  63|0x00000000e3f00000, 0x00000000e3f00000, 0x00000000e4000000|  0%| F|  |TAMS 0x00000000e3f00000, 0x00000000e3f00000| Untracked 
|  64|0x00000000e4000000, 0x00000000e4000000, 0x00000000e4100000|  0%| F|  |TAMS 0x00000000e4000000, 0x00000000e4000000| Untracked 
|  65|0x00000000e4100000, 0x00000000e4100000, 0x00000000e4200000|  0%| F|  |TAMS 0x00000000e4100000, 0x00000000e4100000| Untracked 
|  66|0x00000000e4200000, 0x00000000e4200000, 0x00000000e4300000|  0%| F|  |TAMS 0x00000000e4200000, 0x00000000e4200000| Untracked 
|  67|0x00000000e4300000, 0x00000000e4300000, 0x00000000e4400000|  0%| F|  |TAMS 0x00000000e4300000, 0x00000000e4300000| Untracked 
|  68|0x00000000e4400000, 0x00000000e4400000, 0x00000000e4500000|  0%| F|  |TAMS 0x00000000e4400000, 0x00000000e4400000| Untracked 
|  69|0x00000000e4500000, 0x00000000e4500000, 0x00000000e4600000|  0%| F|  |TAMS 0x00000000e4500000, 0x00000000e4500000| Untracked 
|  70|0x00000000e4600000, 0x00000000e4600000, 0x00000000e4700000|  0%| F|  |TAMS 0x00000000e4600000, 0x00000000e4600000| Untracked 
|  71|0x00000000e4700000, 0x00000000e4700000, 0x00000000e4800000|  0%| F|  |TAMS 0x00000000e4700000, 0x00000000e4700000| Untracked 
|  72|0x00000000e4800000, 0x00000000e4800000, 0x00000000e4900000|  0%| F|  |TAMS 0x00000000e4800000, 0x00000000e4800000| Untracked 
|  73|0x00000000e4900000, 0x00000000e4900000, 0x00000000e4a00000|  0%| F|  |TAMS 0x00000000e4900000, 0x00000000e4900000| Untracked 
|  74|0x00000000e4a00000, 0x00000000e4a00000, 0x00000000e4b00000|  0%| F|  |TAMS 0x00000000e4a00000, 0x00000000e4a00000| Untracked 
|  75|0x00000000e4b00000, 0x00000000e4b00000, 0x00000000e4c00000|  0%| F|  |TAMS 0x00000000e4b00000, 0x00000000e4b00000| Untracked 
|  76|0x00000000e4c00000, 0x00000000e4c00000, 0x00000000e4d00000|  0%| F|  |TAMS 0x00000000e4c00000, 0x00000000e4c00000| Untracked 
|  77|0x00000000e4d00000, 0x00000000e4d00000, 0x00000000e4e00000|  0%| F|  |TAMS 0x00000000e4d00000, 0x00000000e4d00000| Untracked 
|  78|0x00000000e4e00000, 0x00000000e4e00000, 0x00000000e4f00000|  0%| F|  |TAMS 0x00000000e4e00000, 0x00000000e4e00000| Untracked 
|  79|0x00000000e4f00000, 0x00000000e4f00000, 0x00000000e5000000|  0%| F|  |TAMS 0x00000000e4f00000, 0x00000000e4f00000| Untracked 
|  80|0x00000000e5000000, 0x00000000e5000000, 0x00000000e5100000|  0%| F|  |TAMS 0x00000000e5000000, 0x00000000e5000000| Untracked 
|  81|0x00000000e5100000, 0x00000000e5100000, 0x00000000e5200000|  0%| F|  |TAMS 0x00000000e5100000, 0x00000000e5100000| Untracked 
|  82|0x00000000e5200000, 0x00000000e5200000, 0x00000000e5300000|  0%| F|  |TAMS 0x00000000e5200000, 0x00000000e5200000| Untracked 
|  83|0x00000000e5300000, 0x00000000e5300000, 0x00000000e5400000|  0%| F|  |TAMS 0x00000000e5300000, 0x00000000e5300000| Untracked 
|  84|0x00000000e5400000, 0x00000000e5400000, 0x00000000e5500000|  0%| F|  |TAMS 0x00000000e5400000, 0x00000000e5400000| Untracked 
|  85|0x00000000e5500000, 0x00000000e5500000, 0x00000000e5600000|  0%| F|  |TAMS 0x00000000e5500000, 0x00000000e5500000| Untracked 
|  86|0x00000000e5600000, 0x00000000e5600000, 0x00000000e5700000|  0%| F|  |TAMS 0x00000000e5600000, 0x00000000e5600000| Untracked 
|  87|0x00000000e5700000, 0x00000000e5700000, 0x00000000e5800000|  0%| F|  |TAMS 0x00000000e5700000, 0x00000000e5700000| Untracked 
|  88|0x00000000e5800000, 0x00000000e5800000, 0x00000000e5900000|  0%| F|  |TAMS 0x00000000e5800000, 0x00000000e5800000| Untracked 
|  89|0x00000000e5900000, 0x00000000e5900000, 0x00000000e5a00000|  0%| F|  |TAMS 0x00000000e5900000, 0x00000000e5900000| Untracked 
|  90|0x00000000e5a00000, 0x00000000e5a00000, 0x00000000e5b00000|  0%| F|  |TAMS 0x00000000e5a00000, 0x00000000e5a00000| Untracked 
|  91|0x00000000e5b00000, 0x00000000e5b00000, 0x00000000e5c00000|  0%| F|  |TAMS 0x00000000e5b00000, 0x00000000e5b00000| Untracked 
|  92|0x00000000e5c00000, 0x00000000e5c00000, 0x00000000e5d00000|  0%| F|  |TAMS 0x00000000e5c00000, 0x00000000e5c00000| Untracked 
|  93|0x00000000e5d00000, 0x00000000e5d00000, 0x00000000e5e00000|  0%| F|  |TAMS 0x00000000e5d00000, 0x00000000e5d00000| Untracked 
|  94|0x00000000e5e00000, 0x00000000e5e00000, 0x00000000e5f00000|  0%| F|  |TAMS 0x00000000e5e00000, 0x00000000e5e00000| Untracked 
|  95|0x00000000e5f00000, 0x00000000e5f00000, 0x00000000e6000000|  0%| F|  |TAMS 0x00000000e5f00000, 0x00000000e5f00000| Untracked 
|  96|0x00000000e6000000, 0x00000000e6000000, 0x00000000e6100000|  0%| F|  |TAMS 0x00000000e6000000, 0x00000000e6000000| Untracked 
|  97|0x00000000e6100000, 0x00000000e6100000, 0x00000000e6200000|  0%| F|  |TAMS 0x00000000e6100000, 0x00000000e6100000| Untracked 
|  98|0x00000000e6200000, 0x00000000e6200000, 0x00000000e6300000|  0%| F|  |TAMS 0x00000000e6200000, 0x00000000e6200000| Untracked 
|  99|0x00000000e6300000, 0x00000000e6300000, 0x00000000e6400000|  0%| F|  |TAMS 0x00000000e6300000, 0x00000000e6300000| Untracked 
| 100|0x00000000e6400000, 0x00000000e6400000, 0x00000000e6500000|  0%| F|  |TAMS 0x00000000e6400000, 0x00000000e6400000| Untracked 
| 101|0x00000000e6500000, 0x00000000e6500000, 0x00000000e6600000|  0%| F|  |TAMS 0x00000000e6500000, 0x00000000e6500000| Untracked 
| 102|0x00000000e6600000, 0x00000000e6600000, 0x00000000e6700000|  0%| F|  |TAMS 0x00000000e6600000, 0x00000000e6600000| Untracked 
| 103|0x00000000e6700000, 0x00000000e6700000, 0x00000000e6800000|  0%| F|  |TAMS 0x00000000e6700000, 0x00000000e6700000| Untracked 
| 104|0x00000000e6800000, 0x00000000e6800000, 0x00000000e6900000|  0%| F|  |TAMS 0x00000000e6800000, 0x00000000e6800000| Untracked 
| 105|0x00000000e6900000, 0x00000000e6900000, 0x00000000e6a00000|  0%| F|  |TAMS 0x00000000e6900000, 0x00000000e6900000| Untracked 
| 106|0x00000000e6a00000, 0x00000000e6a00000, 0x00000000e6b00000|  0%| F|  |TAMS 0x00000000e6a00000, 0x00000000e6a00000| Untracked 
| 107|0x00000000e6b00000, 0x00000000e6b00000, 0x00000000e6c00000|  0%| F|  |TAMS 0x00000000e6b00000, 0x00000000e6b00000| Untracked 
| 108|0x00000000e6c00000, 0x00000000e6c00000, 0x00000000e6d00000|  0%| F|  |TAMS 0x00000000e6c00000, 0x00000000e6c00000| Untracked 
| 109|0x00000000e6d00000, 0x00000000e6d00000, 0x00000000e6e00000|  0%| F|  |TAMS 0x00000000e6d00000, 0x00000000e6d00000| Untracked 
| 110|0x00000000e6e00000, 0x00000000e6e00000, 0x00000000e6f00000|  0%| F|  |TAMS 0x00000000e6e00000, 0x00000000e6e00000| Untracked 
| 111|0x00000000e6f00000, 0x00000000e6f00000, 0x00000000e7000000|  0%| F|  |TAMS 0x00000000e6f00000, 0x00000000e6f00000| Untracked 
| 112|0x00000000e7000000, 0x00000000e7000000, 0x00000000e7100000|  0%| F|  |TAMS 0x00000000e7000000, 0x00000000e7000000| Untracked 
| 113|0x00000000e7100000, 0x00000000e7100000, 0x00000000e7200000|  0%| F|  |TAMS 0x00000000e7100000, 0x00000000e7100000| Untracked 
| 114|0x00000000e7200000, 0x00000000e7200000, 0x00000000e7300000|  0%| F|  |TAMS 0x00000000e7200000, 0x00000000e7200000| Untracked 
| 115|0x00000000e7300000, 0x00000000e7300000, 0x00000000e7400000|  0%| F|  |TAMS 0x00000000e7300000, 0x00000000e7300000| Untracked 
| 116|0x00000000e7400000, 0x00000000e7400000, 0x00000000e7500000|  0%| F|  |TAMS 0x00000000e7400000, 0x00000000e7400000| Untracked 
| 117|0x00000000e7500000, 0x00000000e7500000, 0x00000000e7600000|  0%| F|  |TAMS 0x00000000e7500000, 0x00000000e7500000| Untracked 
| 118|0x00000000e7600000, 0x00000000e7600000, 0x00000000e7700000|  0%| F|  |TAMS 0x00000000e7600000, 0x00000000e7600000| Untracked 
| 119|0x00000000e7700000, 0x00000000e7700000, 0x00000000e7800000|  0%| F|  |TAMS 0x00000000e7700000, 0x00000000e7700000| Untracked 
| 120|0x00000000e7800000, 0x00000000e7800000, 0x00000000e7900000|  0%| F|  |TAMS 0x00000000e7800000, 0x00000000e7800000| Untracked 
| 121|0x00000000e7900000, 0x00000000e7900000, 0x00000000e7a00000|  0%| F|  |TAMS 0x00000000e7900000, 0x00000000e7900000| Untracked 
| 122|0x00000000e7a00000, 0x00000000e7a00000, 0x00000000e7b00000|  0%| F|  |TAMS 0x00000000e7a00000, 0x00000000e7a00000| Untracked 
| 123|0x00000000e7b00000, 0x00000000e7b00000, 0x00000000e7c00000|  0%| F|  |TAMS 0x00000000e7b00000, 0x00000000e7b00000| Untracked 
| 124|0x00000000e7c00000, 0x00000000e7c00000, 0x00000000e7d00000|  0%| F|  |TAMS 0x00000000e7c00000, 0x00000000e7c00000| Untracked 
| 125|0x00000000e7d00000, 0x00000000e7d00000, 0x00000000e7e00000|  0%| F|  |TAMS 0x00000000e7d00000, 0x00000000e7d00000| Untracked 
| 126|0x00000000e7e00000, 0x00000000e7e00000, 0x00000000e7f00000|  0%| F|  |TAMS 0x00000000e7e00000, 0x00000000e7e00000| Untracked 
| 127|0x00000000e7f00000, 0x00000000e7f00000, 0x00000000e8000000|  0%| F|  |TAMS 0x00000000e7f00000, 0x00000000e7f00000| Untracked 
| 128|0x00000000e8000000, 0x00000000e8000000, 0x00000000e8100000|  0%| F|  |TAMS 0x00000000e8000000, 0x00000000e8000000| Untracked 
| 129|0x00000000e8100000, 0x00000000e8100000, 0x00000000e8200000|  0%| F|  |TAMS 0x00000000e8100000, 0x00000000e8100000| Untracked 
| 130|0x00000000e8200000, 0x00000000e8200000, 0x00000000e8300000|  0%| F|  |TAMS 0x00000000e8200000, 0x00000000e8200000| Untracked 
| 131|0x00000000e8300000, 0x00000000e8300000, 0x00000000e8400000|  0%| F|  |TAMS 0x00000000e8300000, 0x00000000e8300000| Untracked 
| 132|0x00000000e8400000, 0x00000000e8400000, 0x00000000e8500000|  0%| F|  |TAMS 0x00000000e8400000, 0x00000000e8400000| Untracked 
| 133|0x00000000e8500000, 0x00000000e8500000, 0x00000000e8600000|  0%| F|  |TAMS 0x00000000e8500000, 0x00000000e8500000| Untracked 
| 134|0x00000000e8600000, 0x00000000e8600000, 0x00000000e8700000|  0%| F|  |TAMS 0x00000000e8600000, 0x00000000e8600000| Untracked 
| 135|0x00000000e8700000, 0x00000000e8700000, 0x00000000e8800000|  0%| F|  |TAMS 0x00000000e8700000, 0x00000000e8700000| Untracked 
| 136|0x00000000e8800000, 0x00000000e8800000, 0x00000000e8900000|  0%| F|  |TAMS 0x00000000e8800000, 0x00000000e8800000| Untracked 
| 137|0x00000000e8900000, 0x00000000e8900000, 0x00000000e8a00000|  0%| F|  |TAMS 0x00000000e8900000, 0x00000000e8900000| Untracked 
| 138|0x00000000e8a00000, 0x00000000e8a00000, 0x00000000e8b00000|  0%| F|  |TAMS 0x00000000e8a00000, 0x00000000e8a00000| Untracked 
| 139|0x00000000e8b00000, 0x00000000e8b00000, 0x00000000e8c00000|  0%| F|  |TAMS 0x00000000e8b00000, 0x00000000e8b00000| Untracked 
| 140|0x00000000e8c00000, 0x00000000e8c00000, 0x00000000e8d00000|  0%| F|  |TAMS 0x00000000e8c00000, 0x00000000e8c00000| Untracked 
| 141|0x00000000e8d00000, 0x00000000e8d00000, 0x00000000e8e00000|  0%| F|  |TAMS 0x00000000e8d00000, 0x00000000e8d00000| Untracked 
| 142|0x00000000e8e00000, 0x00000000e8e00000, 0x00000000e8f00000|  0%| F|  |TAMS 0x00000000e8e00000, 0x00000000e8e00000| Untracked 
| 143|0x00000000e8f00000, 0x00000000e8f00000, 0x00000000e9000000|  0%| F|  |TAMS 0x00000000e8f00000, 0x00000000e8f00000| Untracked 
| 144|0x00000000e9000000, 0x00000000e9000000, 0x00000000e9100000|  0%| F|  |TAMS 0x00000000e9000000, 0x00000000e9000000| Untracked 
| 145|0x00000000e9100000, 0x00000000e9100000, 0x00000000e9200000|  0%| F|  |TAMS 0x00000000e9100000, 0x00000000e9100000| Untracked 
| 146|0x00000000e9200000, 0x00000000e9200000, 0x00000000e9300000|  0%| F|  |TAMS 0x00000000e9200000, 0x00000000e9200000| Untracked 
| 147|0x00000000e9300000, 0x00000000e9300000, 0x00000000e9400000|  0%| F|  |TAMS 0x00000000e9300000, 0x00000000e9300000| Untracked 
| 148|0x00000000e9400000, 0x00000000e9400000, 0x00000000e9500000|  0%| F|  |TAMS 0x00000000e9400000, 0x00000000e9400000| Untracked 
| 149|0x00000000e9500000, 0x00000000e95c4828, 0x00000000e9600000| 76%| S|CS|TAMS 0x00000000e9500000, 0x00000000e9500000| Complete 
| 150|0x00000000e9600000, 0x00000000e9700000, 0x00000000e9700000|100%| S|CS|TAMS 0x00000000e9600000, 0x00000000e9600000| Complete 
| 151|0x00000000e9700000, 0x00000000e9800000, 0x00000000e9800000|100%| S|CS|TAMS 0x00000000e9700000, 0x00000000e9700000| Complete 
| 152|0x00000000e9800000, 0x00000000e9900000, 0x00000000e9900000|100%| S|CS|TAMS 0x00000000e9800000, 0x00000000e9800000| Complete 
| 153|0x00000000e9900000, 0x00000000e9a00000, 0x00000000e9a00000|100%| S|CS|TAMS 0x00000000e9900000, 0x00000000e9900000| Complete 
| 154|0x00000000e9a00000, 0x00000000e9b00000, 0x00000000e9b00000|100%| S|CS|TAMS 0x00000000e9a00000, 0x00000000e9a00000| Complete 
| 155|0x00000000e9b00000, 0x00000000e9c00000, 0x00000000e9c00000|100%| S|CS|TAMS 0x00000000e9b00000, 0x00000000e9b00000| Complete 
| 156|0x00000000e9c00000, 0x00000000e9d00000, 0x00000000e9d00000|100%| S|CS|TAMS 0x00000000e9c00000, 0x00000000e9c00000| Complete 
| 157|0x00000000e9d00000, 0x00000000e9e00000, 0x00000000e9e00000|100%| S|CS|TAMS 0x00000000e9d00000, 0x00000000e9d00000| Complete 
| 158|0x00000000e9e00000, 0x00000000e9f00000, 0x00000000e9f00000|100%| S|CS|TAMS 0x00000000e9e00000, 0x00000000e9e00000| Complete 
| 159|0x00000000e9f00000, 0x00000000ea000000, 0x00000000ea000000|100%| S|CS|TAMS 0x00000000e9f00000, 0x00000000e9f00000| Complete 
| 160|0x00000000ea000000, 0x00000000ea000000, 0x00000000ea100000|  0%| F|  |TAMS 0x00000000ea000000, 0x00000000ea000000| Untracked 
| 161|0x00000000ea100000, 0x00000000ea100000, 0x00000000ea200000|  0%| F|  |TAMS 0x00000000ea100000, 0x00000000ea100000| Untracked 
| 162|0x00000000ea200000, 0x00000000ea200000, 0x00000000ea300000|  0%| F|  |TAMS 0x00000000ea200000, 0x00000000ea200000| Untracked 
| 163|0x00000000ea300000, 0x00000000ea300000, 0x00000000ea400000|  0%| F|  |TAMS 0x00000000ea300000, 0x00000000ea300000| Untracked 
| 164|0x00000000ea400000, 0x00000000ea400000, 0x00000000ea500000|  0%| F|  |TAMS 0x00000000ea400000, 0x00000000ea400000| Untracked 
| 165|0x00000000ea500000, 0x00000000ea500000, 0x00000000ea600000|  0%| F|  |TAMS 0x00000000ea500000, 0x00000000ea500000| Untracked 
| 166|0x00000000ea600000, 0x00000000ea600000, 0x00000000ea700000|  0%| F|  |TAMS 0x00000000ea600000, 0x00000000ea600000| Untracked 
| 167|0x00000000ea700000, 0x00000000ea700000, 0x00000000ea800000|  0%| F|  |TAMS 0x00000000ea700000, 0x00000000ea700000| Untracked 
| 168|0x00000000ea800000, 0x00000000ea800000, 0x00000000ea900000|  0%| F|  |TAMS 0x00000000ea800000, 0x00000000ea800000| Untracked 
| 169|0x00000000ea900000, 0x00000000ea900000, 0x00000000eaa00000|  0%| F|  |TAMS 0x00000000ea900000, 0x00000000ea900000| Untracked 
| 170|0x00000000eaa00000, 0x00000000eaa00000, 0x00000000eab00000|  0%| F|  |TAMS 0x00000000eaa00000, 0x00000000eaa00000| Untracked 
| 171|0x00000000eab00000, 0x00000000eab00000, 0x00000000eac00000|  0%| F|  |TAMS 0x00000000eab00000, 0x00000000eab00000| Untracked 
| 172|0x00000000eac00000, 0x00000000eac00000, 0x00000000ead00000|  0%| F|  |TAMS 0x00000000eac00000, 0x00000000eac00000| Untracked 
| 173|0x00000000ead00000, 0x00000000ead00000, 0x00000000eae00000|  0%| F|  |TAMS 0x00000000ead00000, 0x00000000ead00000| Untracked 
| 174|0x00000000eae00000, 0x00000000eae00000, 0x00000000eaf00000|  0%| F|  |TAMS 0x00000000eae00000, 0x00000000eae00000| Untracked 
| 175|0x00000000eaf00000, 0x00000000eaf00000, 0x00000000eb000000|  0%| F|  |TAMS 0x00000000eaf00000, 0x00000000eaf00000| Untracked 
| 176|0x00000000eb000000, 0x00000000eb000000, 0x00000000eb100000|  0%| F|  |TAMS 0x00000000eb000000, 0x00000000eb000000| Untracked 
| 177|0x00000000eb100000, 0x00000000eb100000, 0x00000000eb200000|  0%| F|  |TAMS 0x00000000eb100000, 0x00000000eb100000| Untracked 
| 178|0x00000000eb200000, 0x00000000eb200000, 0x00000000eb300000|  0%| F|  |TAMS 0x00000000eb200000, 0x00000000eb200000| Untracked 
| 179|0x00000000eb300000, 0x00000000eb300000, 0x00000000eb400000|  0%| F|  |TAMS 0x00000000eb300000, 0x00000000eb300000| Untracked 
| 180|0x00000000eb400000, 0x00000000eb400000, 0x00000000eb500000|  0%| F|  |TAMS 0x00000000eb400000, 0x00000000eb400000| Untracked 
| 181|0x00000000eb500000, 0x00000000eb500000, 0x00000000eb600000|  0%| F|  |TAMS 0x00000000eb500000, 0x00000000eb500000| Untracked 
| 182|0x00000000eb600000, 0x00000000eb600000, 0x00000000eb700000|  0%| F|  |TAMS 0x00000000eb600000, 0x00000000eb600000| Untracked 
| 183|0x00000000eb700000, 0x00000000eb700000, 0x00000000eb800000|  0%| F|  |TAMS 0x00000000eb700000, 0x00000000eb700000| Untracked 
| 184|0x00000000eb800000, 0x00000000eb800000, 0x00000000eb900000|  0%| F|  |TAMS 0x00000000eb800000, 0x00000000eb800000| Untracked 
| 185|0x00000000eb900000, 0x00000000eb900000, 0x00000000eba00000|  0%| F|  |TAMS 0x00000000eb900000, 0x00000000eb900000| Untracked 
| 186|0x00000000eba00000, 0x00000000eba00000, 0x00000000ebb00000|  0%| F|  |TAMS 0x00000000eba00000, 0x00000000eba00000| Untracked 
| 187|0x00000000ebb00000, 0x00000000ebb00000, 0x00000000ebc00000|  0%| F|  |TAMS 0x00000000ebb00000, 0x00000000ebb00000| Untracked 
| 188|0x00000000ebc00000, 0x00000000ebc00000, 0x00000000ebd00000|  0%| F|  |TAMS 0x00000000ebc00000, 0x00000000ebc00000| Untracked 
| 189|0x00000000ebd00000, 0x00000000ebd00000, 0x00000000ebe00000|  0%| F|  |TAMS 0x00000000ebd00000, 0x00000000ebd00000| Untracked 
| 190|0x00000000ebe00000, 0x00000000ebe00000, 0x00000000ebf00000|  0%| F|  |TAMS 0x00000000ebe00000, 0x00000000ebe00000| Untracked 
| 191|0x00000000ebf00000, 0x00000000ebf00000, 0x00000000ec000000|  0%| F|  |TAMS 0x00000000ebf00000, 0x00000000ebf00000| Untracked 
| 192|0x00000000ec000000, 0x00000000ec000000, 0x00000000ec100000|  0%| F|  |TAMS 0x00000000ec000000, 0x00000000ec000000| Untracked 
| 193|0x00000000ec100000, 0x00000000ec100000, 0x00000000ec200000|  0%| F|  |TAMS 0x00000000ec100000, 0x00000000ec100000| Untracked 
| 194|0x00000000ec200000, 0x00000000ec200000, 0x00000000ec300000|  0%| F|  |TAMS 0x00000000ec200000, 0x00000000ec200000| Untracked 
| 195|0x00000000ec300000, 0x00000000ec300000, 0x00000000ec400000|  0%| F|  |TAMS 0x00000000ec300000, 0x00000000ec300000| Untracked 
| 196|0x00000000ec400000, 0x00000000ec400000, 0x00000000ec500000|  0%| F|  |TAMS 0x00000000ec400000, 0x00000000ec400000| Untracked 
| 197|0x00000000ec500000, 0x00000000ec500000, 0x00000000ec600000|  0%| F|  |TAMS 0x00000000ec500000, 0x00000000ec500000| Untracked 
| 198|0x00000000ec600000, 0x00000000ec600000, 0x00000000ec700000|  0%| F|  |TAMS 0x00000000ec600000, 0x00000000ec600000| Untracked 
| 199|0x00000000ec700000, 0x00000000ec700000, 0x00000000ec800000|  0%| F|  |TAMS 0x00000000ec700000, 0x00000000ec700000| Untracked 
| 200|0x00000000ec800000, 0x00000000ec800000, 0x00000000ec900000|  0%| F|  |TAMS 0x00000000ec800000, 0x00000000ec800000| Untracked 
| 201|0x00000000ec900000, 0x00000000ec900000, 0x00000000eca00000|  0%| F|  |TAMS 0x00000000ec900000, 0x00000000ec900000| Untracked 
| 202|0x00000000eca00000, 0x00000000eca00000, 0x00000000ecb00000|  0%| F|  |TAMS 0x00000000eca00000, 0x00000000eca00000| Untracked 
| 203|0x00000000ecb00000, 0x00000000ecb00000, 0x00000000ecc00000|  0%| F|  |TAMS 0x00000000ecb00000, 0x00000000ecb00000| Untracked 
| 204|0x00000000ecc00000, 0x00000000ecc00000, 0x00000000ecd00000|  0%| F|  |TAMS 0x00000000ecc00000, 0x00000000ecc00000| Untracked 
| 205|0x00000000ecd00000, 0x00000000ecd00000, 0x00000000ece00000|  0%| F|  |TAMS 0x00000000ecd00000, 0x00000000ecd00000| Untracked 
| 206|0x00000000ece00000, 0x00000000ece00000, 0x00000000ecf00000|  0%| F|  |TAMS 0x00000000ece00000, 0x00000000ece00000| Untracked 
| 207|0x00000000ecf00000, 0x00000000ecf00000, 0x00000000ed000000|  0%| F|  |TAMS 0x00000000ecf00000, 0x00000000ecf00000| Untracked 
| 208|0x00000000ed000000, 0x00000000ed000000, 0x00000000ed100000|  0%| F|  |TAMS 0x00000000ed000000, 0x00000000ed000000| Untracked 
| 209|0x00000000ed100000, 0x00000000ed100000, 0x00000000ed200000|  0%| F|  |TAMS 0x00000000ed100000, 0x00000000ed100000| Untracked 
| 210|0x00000000ed200000, 0x00000000ed200000, 0x00000000ed300000|  0%| F|  |TAMS 0x00000000ed200000, 0x00000000ed200000| Untracked 
| 211|0x00000000ed300000, 0x00000000ed300000, 0x00000000ed400000|  0%| F|  |TAMS 0x00000000ed300000, 0x00000000ed300000| Untracked 
| 212|0x00000000ed400000, 0x00000000ed400000, 0x00000000ed500000|  0%| F|  |TAMS 0x00000000ed400000, 0x00000000ed400000| Untracked 
| 213|0x00000000ed500000, 0x00000000ed500000, 0x00000000ed600000|  0%| F|  |TAMS 0x00000000ed500000, 0x00000000ed500000| Untracked 
| 214|0x00000000ed600000, 0x00000000ed600000, 0x00000000ed700000|  0%| F|  |TAMS 0x00000000ed600000, 0x00000000ed600000| Untracked 
| 215|0x00000000ed700000, 0x00000000ed700000, 0x00000000ed800000|  0%| F|  |TAMS 0x00000000ed700000, 0x00000000ed700000| Untracked 
| 216|0x00000000ed800000, 0x00000000ed800000, 0x00000000ed900000|  0%| F|  |TAMS 0x00000000ed800000, 0x00000000ed800000| Untracked 
| 217|0x00000000ed900000, 0x00000000ed900000, 0x00000000eda00000|  0%| F|  |TAMS 0x00000000ed900000, 0x00000000ed900000| Untracked 
| 218|0x00000000eda00000, 0x00000000eda00000, 0x00000000edb00000|  0%| F|  |TAMS 0x00000000eda00000, 0x00000000eda00000| Untracked 
| 219|0x00000000edb00000, 0x00000000edb00000, 0x00000000edc00000|  0%| F|  |TAMS 0x00000000edb00000, 0x00000000edb00000| Untracked 
| 220|0x00000000edc00000, 0x00000000edc00000, 0x00000000edd00000|  0%| F|  |TAMS 0x00000000edc00000, 0x00000000edc00000| Untracked 
| 221|0x00000000edd00000, 0x00000000edd00000, 0x00000000ede00000|  0%| F|  |TAMS 0x00000000edd00000, 0x00000000edd00000| Untracked 
| 222|0x00000000ede00000, 0x00000000ede00000, 0x00000000edf00000|  0%| F|  |TAMS 0x00000000ede00000, 0x00000000ede00000| Untracked 
| 223|0x00000000edf00000, 0x00000000edf00000, 0x00000000ee000000|  0%| F|  |TAMS 0x00000000edf00000, 0x00000000edf00000| Untracked 
| 224|0x00000000ee000000, 0x00000000ee000000, 0x00000000ee100000|  0%| F|  |TAMS 0x00000000ee000000, 0x00000000ee000000| Untracked 
| 225|0x00000000ee100000, 0x00000000ee100000, 0x00000000ee200000|  0%| F|  |TAMS 0x00000000ee100000, 0x00000000ee100000| Untracked 
| 226|0x00000000ee200000, 0x00000000ee200000, 0x00000000ee300000|  0%| F|  |TAMS 0x00000000ee200000, 0x00000000ee200000| Untracked 
| 227|0x00000000ee300000, 0x00000000ee300000, 0x00000000ee400000|  0%| F|  |TAMS 0x00000000ee300000, 0x00000000ee300000| Untracked 
| 228|0x00000000ee400000, 0x00000000ee400000, 0x00000000ee500000|  0%| F|  |TAMS 0x00000000ee400000, 0x00000000ee400000| Untracked 
| 229|0x00000000ee500000, 0x00000000ee600000, 0x00000000ee600000|100%| E|  |TAMS 0x00000000ee500000, 0x00000000ee500000| Complete 
| 230|0x00000000ee600000, 0x00000000ee700000, 0x00000000ee700000|100%| E|CS|TAMS 0x00000000ee600000, 0x00000000ee600000| Complete 
| 231|0x00000000ee700000, 0x00000000ee800000, 0x00000000ee800000|100%| E|CS|TAMS 0x00000000ee700000, 0x00000000ee700000| Complete 
| 232|0x00000000ee800000, 0x00000000ee900000, 0x00000000ee900000|100%| E|  |TAMS 0x00000000ee800000, 0x00000000ee800000| Complete 
| 233|0x00000000ee900000, 0x00000000eea00000, 0x00000000eea00000|100%| E|CS|TAMS 0x00000000ee900000, 0x00000000ee900000| Complete 
| 234|0x00000000eea00000, 0x00000000eeb00000, 0x00000000eeb00000|100%| E|CS|TAMS 0x00000000eea00000, 0x00000000eea00000| Complete 
| 235|0x00000000eeb00000, 0x00000000eec00000, 0x00000000eec00000|100%| E|CS|TAMS 0x00000000eeb00000, 0x00000000eeb00000| Complete 
| 236|0x00000000eec00000, 0x00000000eed00000, 0x00000000eed00000|100%| E|CS|TAMS 0x00000000eec00000, 0x00000000eec00000| Complete 
| 237|0x00000000eed00000, 0x00000000eee00000, 0x00000000eee00000|100%| E|CS|TAMS 0x00000000eed00000, 0x00000000eed00000| Complete 
| 238|0x00000000eee00000, 0x00000000eef00000, 0x00000000eef00000|100%| E|CS|TAMS 0x00000000eee00000, 0x00000000eee00000| Complete 
| 239|0x00000000eef00000, 0x00000000ef000000, 0x00000000ef000000|100%| E|CS|TAMS 0x00000000eef00000, 0x00000000eef00000| Complete 
| 240|0x00000000ef000000, 0x00000000ef100000, 0x00000000ef100000|100%| E|CS|TAMS 0x00000000ef000000, 0x00000000ef000000| Complete 
| 241|0x00000000ef100000, 0x00000000ef200000, 0x00000000ef200000|100%| E|CS|TAMS 0x00000000ef100000, 0x00000000ef100000| Complete 
| 242|0x00000000ef200000, 0x00000000ef300000, 0x00000000ef300000|100%| E|CS|TAMS 0x00000000ef200000, 0x00000000ef200000| Complete 
| 243|0x00000000ef300000, 0x00000000ef400000, 0x00000000ef400000|100%| E|CS|TAMS 0x00000000ef300000, 0x00000000ef300000| Complete 
| 244|0x00000000ef400000, 0x00000000ef500000, 0x00000000ef500000|100%| E|CS|TAMS 0x00000000ef400000, 0x00000000ef400000| Complete 
| 245|0x00000000ef500000, 0x00000000ef600000, 0x00000000ef600000|100%| E|CS|TAMS 0x00000000ef500000, 0x00000000ef500000| Complete 
| 246|0x00000000ef600000, 0x00000000ef700000, 0x00000000ef700000|100%| E|CS|TAMS 0x00000000ef600000, 0x00000000ef600000| Complete 
| 247|0x00000000ef700000, 0x00000000ef800000, 0x00000000ef800000|100%| E|CS|TAMS 0x00000000ef700000, 0x00000000ef700000| Complete 
| 248|0x00000000ef800000, 0x00000000ef900000, 0x00000000ef900000|100%| E|CS|TAMS 0x00000000ef800000, 0x00000000ef800000| Complete 
| 249|0x00000000ef900000, 0x00000000efa00000, 0x00000000efa00000|100%| E|CS|TAMS 0x00000000ef900000, 0x00000000ef900000| Complete 
| 250|0x00000000efa00000, 0x00000000efb00000, 0x00000000efb00000|100%| E|CS|TAMS 0x00000000efa00000, 0x00000000efa00000| Complete 
| 251|0x00000000efb00000, 0x00000000efc00000, 0x00000000efc00000|100%| E|CS|TAMS 0x00000000efb00000, 0x00000000efb00000| Complete 
| 252|0x00000000efc00000, 0x00000000efd00000, 0x00000000efd00000|100%| E|CS|TAMS 0x00000000efc00000, 0x00000000efc00000| Complete 
| 253|0x00000000efd00000, 0x00000000efe00000, 0x00000000efe00000|100%| E|CS|TAMS 0x00000000efd00000, 0x00000000efd00000| Complete 
| 254|0x00000000efe00000, 0x00000000eff00000, 0x00000000eff00000|100%| E|CS|TAMS 0x00000000efe00000, 0x00000000efe00000| Complete 
| 255|0x00000000eff00000, 0x00000000f0000000, 0x00000000f0000000|100%| E|CS|TAMS 0x00000000eff00000, 0x00000000eff00000| Complete 

Card table byte_map: [0x000001e5fc2f0000,0x000001e5fc3f0000] _byte_map_base: 0x000001e5fbbf0000

Marking Bits (Prev, Next): (CMBitMap*) 0x000001e5f9f145f0, (CMBitMap*) 0x000001e5f9f145b0
 Prev Bits: [0x000001e5fccf0000, 0x000001e5fd4f0000)
 Next Bits: [0x000001e5fc4f0000, 0x000001e5fccf0000)

Polling page: 0x000001e5f9fb0000

Metaspace:

Usage:
  Non-class:     20.90 MB used.
      Class:      3.69 MB used.
       Both:     24.59 MB used.

Virtual space:
  Non-class space:       64.00 MB reserved,      21.12 MB ( 33%) committed,  1 nodes.
      Class space:      208.00 MB reserved,       3.81 MB (  2%) committed,  1 nodes.
             Both:      272.00 MB reserved,      24.94 MB (  9%) committed. 

Chunk freelists:
   Non-Class:  10.42 MB
       Class:  12.19 MB
        Both:  22.61 MB

MaxMetaspaceSize: 256.00 MB
CompressedClassSpaceSize: 208.00 MB
Initial GC threshold: 21.00 MB
Current GC threshold: 35.12 MB
CDS: on
MetaspaceReclaimPolicy: balanced
 - commit_granule_bytes: 65536.
 - commit_granule_words: 8192.
 - virtual_space_node_default_size: 8388608.
 - enlarge_chunks_in_place: 1.
 - new_chunks_are_fully_committed: 0.
 - uncommit_free_chunks: 1.
 - use_allocation_guard: 0.
 - handle_deallocations: 1.


Internal statistics:

num_allocs_failed_limit: 3.
num_arena_births: 260.
num_arena_deaths: 0.
num_vsnodes_births: 2.
num_vsnodes_deaths: 0.
num_space_committed: 399.
num_space_uncommitted: 0.
num_chunks_returned_to_freelist: 3.
num_chunks_taken_from_freelist: 1173.
num_chunk_merges: 3.
num_chunk_splits: 785.
num_chunks_enlarged: 581.
num_inconsistent_stats: 0.

CodeHeap 'non-profiled nmethods': size=120000Kb used=1777Kb max_used=1777Kb free=118222Kb
 bounds [0x000001e58f2c0000, 0x000001e58f530000, 0x000001e5967f0000]
CodeHeap 'profiled nmethods': size=120000Kb used=6621Kb max_used=6621Kb free=113378Kb
 bounds [0x000001e5877f0000, 0x000001e587e70000, 0x000001e58ed20000]
CodeHeap 'non-nmethods': size=5760Kb used=1241Kb max_used=1283Kb free=4518Kb
 bounds [0x000001e58ed20000, 0x000001e58ef90000, 0x000001e58f2c0000]
 total_blobs=3780 nmethods=3229 adapters=463
 compilation: enabled
              stopped_count=0, restarted_count=0
 full_count=0

Compilation events (20 events):
Event: 185.873 Thread 0x000001e5fff420b0 nmethod 3239 0x000001e587e63b90 code [0x000001e587e63d20, 0x000001e587e63e68]
Event: 185.873 Thread 0x000001e5fff416f0 3240       4       java.lang.ReflectiveOperationException::<init> (7 bytes)
Event: 185.881 Thread 0x000001e5fff416f0 nmethod 3240 0x000001e58f479b10 code [0x000001e58f479ca0, 0x000001e58f47a408]
Event: 185.889 Thread 0x000001e5fff420b0 3241       3       java.lang.ThreadLocal::remove (18 bytes)
Event: 185.890 Thread 0x000001e5fff420b0 nmethod 3241 0x000001e587e63f10 code [0x000001e587e640c0, 0x000001e587e64348]
Event: 185.890 Thread 0x000001e5fff420b0 3243       3       java.lang.ThreadLocal$ThreadLocalMap::expungeStaleEntry (146 bytes)
Event: 185.890 Thread 0x000001e5fff420b0 nmethod 3243 0x000001e587e64490 code [0x000001e587e646c0, 0x000001e587e654d8]
Event: 185.890 Thread 0x000001e5fff420b0 3242       3       java.lang.ThreadLocal$ThreadLocalMap::remove (68 bytes)
Event: 185.891 Thread 0x000001e5fff420b0 nmethod 3242 0x000001e587e65810 code [0x000001e587e65a00, 0x000001e587e65fc8]
Event: 185.919 Thread 0x000001e5fff416f0 3244       4       java.nio.DirectIntBufferU::ix (10 bytes)
Event: 185.920 Thread 0x000001e5fff416f0 nmethod 3244 0x000001e58f47a590 code [0x000001e58f47a700, 0x000001e58f47a778]
Event: 185.967 Thread 0x000001e5fff416f0 3245       4       java.lang.Integer::valueOf (32 bytes)
Event: 185.968 Thread 0x000001e5fff416f0 nmethod 3245 0x000001e58f47a890 code [0x000001e58f47aa20, 0x000001e58f47aaf8]
Event: 185.968 Thread 0x000001e5fff416f0 3246       4       java.io.DataInputStream::readUTF (5 bytes)
Event: 185.969 Thread 0x000001e5fff416f0 nmethod 3246 0x000001e58f47ab90 code [0x000001e58f47ad20, 0x000001e58f47adc8]
Event: 185.969 Thread 0x000001e5fff420b0 3247       3       org.codehaus.groovy.reflection.GeneratedMetaMethod$DgmMethodRecord::<init> (5 bytes)
Event: 185.969 Thread 0x000001e5fff420b0 nmethod 3247 0x000001e587e66290 code [0x000001e587e66420, 0x000001e587e66578]
Event: 185.973 Thread 0x000001e5fff416f0 3248       4       java.io.DataInputStream::readInt (72 bytes)
Event: 185.983 Thread 0x000001e5fff416f0 nmethod 3248 0x000001e58f47ae90 code [0x000001e58f47b080, 0x000001e58f47c0b0]
Event: 185.983 Thread 0x000001e5fff416f0 3250       4       java.io.DataInputStream::readUTF (501 bytes)

GC Heap History (6 events):
Event: 4.254 GC heap before
{Heap before GC invocations=0 (full 0):
 garbage-first heap   total 262144K, used 25600K [0x00000000e0000000, 0x0000000100000000)
  region size 1024K, 23 young (23552K), 0 survivors (0K)
 Metaspace       used 3475K, committed 3648K, reserved 278528K
  class space    used 437K, committed 512K, reserved 212992K
}
Event: 4.297 GC heap after
{Heap after GC invocations=1 (full 0):
 garbage-first heap   total 262144K, used 8999K [0x00000000e0000000, 0x0000000100000000)
  region size 1024K, 3 young (3072K), 3 survivors (3072K)
 Metaspace       used 3475K, committed 3648K, reserved 278528K
  class space    used 437K, committed 512K, reserved 212992K
}
Event: 7.831 GC heap before
{Heap before GC invocations=1 (full 0):
 garbage-first heap   total 262144K, used 37671K [0x00000000e0000000, 0x0000000100000000)
  region size 1024K, 30 young (30720K), 3 survivors (3072K)
 Metaspace       used 4187K, committed 4352K, reserved 278528K
  class space    used 533K, committed 640K, reserved 212992K
}
Event: 7.838 GC heap after
{Heap after GC invocations=2 (full 0):
 garbage-first heap   total 262144K, used 13631K [0x00000000e0000000, 0x0000000100000000)
  region size 1024K, 4 young (4096K), 4 survivors (4096K)
 Metaspace       used 4187K, committed 4352K, reserved 278528K
  class space    used 533K, committed 640K, reserved 212992K
}
Event: 168.118 GC heap before
{Heap before GC invocations=2 (full 0):
 garbage-first heap   total 262144K, used 106815K [0x00000000e0000000, 0x0000000100000000)
  region size 1024K, 96 young (98304K), 4 survivors (4096K)
 Metaspace       used 21204K, committed 21504K, reserved 278528K
  class space    used 3136K, committed 3264K, reserved 212992K
}
Event: 168.848 GC heap after
{Heap after GC invocations=3 (full 0):
 garbage-first heap   total 262144K, used 20561K [0x00000000e0000000, 0x0000000100000000)
  region size 1024K, 11 young (11264K), 11 survivors (11264K)
 Metaspace       used 21204K, committed 21504K, reserved 278528K
  class space    used 3136K, committed 3264K, reserved 212992K
}

Deoptimization events (20 events):
Event: 185.970 Thread 0x000001e5a9e466c0 Uncommon trap: trap_request=0xffffffde fr.pc=0x000001e58f3b4c34 relative=0x0000000000002294
Event: 185.970 Thread 0x000001e5a9e466c0 Uncommon trap: reason=class_check action=maybe_recompile pc=0x000001e58f3b4c34 method=java.io.BufferedInputStream.read([BII)I @ 101 c2
Event: 185.970 Thread 0x000001e5a9e466c0 DEOPT PACKING pc=0x000001e58f3b4c34 sp=0x00000056c53f80c0
Event: 185.970 Thread 0x000001e5a9e466c0 DEOPT UNPACKING pc=0x000001e58ed723a3 sp=0x00000056c53f7f70 mode 2
Event: 185.974 Thread 0x000001e5a9e466c0 Uncommon trap: trap_request=0xffffffde fr.pc=0x000001e58f3b4c34 relative=0x0000000000002294
Event: 185.974 Thread 0x000001e5a9e466c0 Uncommon trap: reason=class_check action=maybe_recompile pc=0x000001e58f3b4c34 method=java.io.BufferedInputStream.read([BII)I @ 101 c2
Event: 185.974 Thread 0x000001e5a9e466c0 DEOPT PACKING pc=0x000001e58f3b4c34 sp=0x00000056c53f80c0
Event: 185.974 Thread 0x000001e5a9e466c0 DEOPT UNPACKING pc=0x000001e58ed723a3 sp=0x00000056c53f7f70 mode 2
Event: 185.976 Thread 0x000001e5a9e466c0 Uncommon trap: trap_request=0xffffffc6 fr.pc=0x000001e58f4745d0 relative=0x0000000000000650
Event: 185.976 Thread 0x000001e5a9e466c0 Uncommon trap: reason=bimorphic_or_optimized_type_check action=maybe_recompile pc=0x000001e58f4745d0 method=java.io.BufferedInputStream.read([BII)I @ 101 c2
Event: 185.976 Thread 0x000001e5a9e466c0 DEOPT PACKING pc=0x000001e58f4745d0 sp=0x00000056c53f7fc0
Event: 185.976 Thread 0x000001e5a9e466c0 DEOPT UNPACKING pc=0x000001e58ed723a3 sp=0x00000056c53f7f78 mode 2
Event: 185.977 Thread 0x000001e5a9e466c0 Uncommon trap: trap_request=0xffffffc6 fr.pc=0x000001e58f4745d0 relative=0x0000000000000650
Event: 185.978 Thread 0x000001e5a9e466c0 Uncommon trap: reason=bimorphic_or_optimized_type_check action=maybe_recompile pc=0x000001e58f4745d0 method=java.io.BufferedInputStream.read([BII)I @ 101 c2
Event: 185.978 Thread 0x000001e5a9e466c0 DEOPT PACKING pc=0x000001e58f4745d0 sp=0x00000056c53f7fc0
Event: 185.978 Thread 0x000001e5a9e466c0 DEOPT UNPACKING pc=0x000001e58ed723a3 sp=0x00000056c53f7f78 mode 2
Event: 185.991 Thread 0x000001e5a9e466c0 Uncommon trap: trap_request=0xffffffc6 fr.pc=0x000001e58f4745d0 relative=0x0000000000000650
Event: 185.991 Thread 0x000001e5a9e466c0 Uncommon trap: reason=bimorphic_or_optimized_type_check action=maybe_recompile pc=0x000001e58f4745d0 method=java.io.BufferedInputStream.read([BII)I @ 101 c2
Event: 185.991 Thread 0x000001e5a9e466c0 DEOPT PACKING pc=0x000001e58f4745d0 sp=0x00000056c53f7fc0
Event: 185.991 Thread 0x000001e5a9e466c0 DEOPT UNPACKING pc=0x000001e58ed723a3 sp=0x00000056c53f7f78 mode 2

Classes unloaded (0 events):
No events

Classes redefined (0 events):
No events

Internal exceptions (20 events):
Event: 152.978 Thread 0x000001e5a9e466c0 Exception <a 'java/lang/NoSuchMethodError'{0x00000000ea9d4e40}: 'java.lang.Object java.lang.invoke.DirectMethodHandle$Holder.invokeSpecialIFC(java.lang.Object, java.lang.Object, java.lang.Object, java.lang.Object)'> (0x00000000ea9d4e40) 
thrown [s\open\src\hotspot\share\interpreter\linkResolver.cpp, line 759]
Event: 163.341 Thread 0x000001e5a9e466c0 Implicit null exception at 0x000001e58f30d48c to 0x000001e58f30d9d0
Event: 173.636 Thread 0x000001e5a9e466c0 Exception <a 'java/lang/NoSuchMethodError'{0x00000000efe7acc0}: 'java.lang.Object java.lang.invoke.DirectMethodHandle$Holder.invokeSpecial(java.lang.Object, java.lang.Object, java.lang.Object, java.lang.Object, java.lang.Object, java.lang.Object, java.lang.Object, java.lang.Object, java.lang.Object, java.lang.Object, java.lang.Object, java.lang.Object, java.lang.Object)'> (0x00000000efe7acc0) 
thrown [s\open\src\hotspot\share\interpreter\linkResolver.cpp, line 759]
Event: 173.787 Thread 0x000001e5a9e466c0 Exception <a 'java/lang/NoSuchMethodError'{0x00000000efec8518}: 'java.lang.Object java.lang.invoke.DirectMethodHandle$Holder.newInvokeSpecial(java.lang.Object, java.lang.Object, java.lang.Object, java.lang.Object, java.lang.Object, java.lang.Object, java.lang.Object, java.lang.Object, java.lang.Object, java.lang.Object, java.lang.Object)'> (0x00000000efec8518) 
thrown [s\open\src\hotspot\share\interpreter\linkResolver.cpp, line 759]
Event: 173.793 Thread 0x000001e5a9e466c0 Exception <a 'java/lang/NoSuchMethodError'{0x00000000efece148}: 'java.lang.Object java.lang.invoke.DirectMethodHandle$Holder.invokeSpecial(java.lang.Object, java.lang.Object, java.lang.Object, java.lang.Object, java.lang.Object, java.lang.Object, java.lang.Object, java.lang.Object, java.lang.Object, java.lang.Object, java.lang.Object, java.lang.Object)'> (0x00000000efece148) 
thrown [s\open\src\hotspot\share\interpreter\linkResolver.cpp, line 759]
Event: 173.807 Thread 0x000001e5a9e466c0 Exception <a 'java/lang/NoSuchMethodError'{0x00000000efed3538}: 'java.lang.Object java.lang.invoke.Invokers$Holder.linkToTargetMethod(java.lang.Object, java.lang.Object, java.lang.Object, java.lang.Object, java.lang.Object, java.lang.Object, java.lang.Object, java.lang.Object, java.lang.Object, java.lang.Object, java.lang.Object)'> (0x00000000efed3538) 
thrown [s\open\src\hotspot\share\interpreter\linkResolver.cpp, line 759]
Event: 173.854 Thread 0x000001e5a9e466c0 Exception <a 'java/lang/NoSuchMethodError'{0x00000000efd189f8}: 'java.lang.Object java.lang.invoke.DirectMethodHandle$Holder.invokeSpecial(java.lang.Object, java.lang.Object, java.lang.Object, java.lang.Object, java.lang.Object, java.lang.Object, java.lang.Object, java.lang.Object, java.lang.Object, java.lang.Object, java.lang.Object, java.lang.Object, java.lang.Object, java.lang.Object)'> (0x00000000efd189f8) 
thrown [s\open\src\hotspot\share\interpreter\linkResolver.cpp, line 759]
Event: 173.871 Thread 0x000001e5a9e466c0 Exception <a 'java/lang/NoSuchMethodError'{0x00000000efd2adc8}: 'java.lang.Object java.lang.invoke.DirectMethodHandle$Holder.newInvokeSpecial(java.lang.Object, java.lang.Object, java.lang.Object, java.lang.Object, java.lang.Object, java.lang.Object, java.lang.Object, java.lang.Object, java.lang.Object, java.lang.Object, java.lang.Object, java.lang.Object)'> (0x00000000efd2adc8) 
thrown [s\open\src\hotspot\share\interpreter\linkResolver.cpp, line 759]
Event: 173.874 Thread 0x000001e5a9e466c0 Exception <a 'java/lang/NoSuchMethodError'{0x00000000efd304b8}: 'java.lang.Object java.lang.invoke.Invokers$Holder.linkToTargetMethod(java.lang.Object, java.lang.Object, java.lang.Object, java.lang.Object, java.lang.Object, java.lang.Object, java.lang.Object, java.lang.Object, java.lang.Object, java.lang.Object, java.lang.Object, java.lang.Object)'> (0x00000000efd304b8) 
thrown [s\open\src\hotspot\share\interpreter\linkResolver.cpp, line 759]
Event: 174.203 Thread 0x000001e5a9e466c0 Exception <a 'java/lang/NoSuchMethodError'{0x00000000efdc3b38}: 'java.lang.Object java.lang.invoke.DirectMethodHandle$Holder.invokeStaticInit(java.lang.Object, java.lang.Object, java.lang.Object, java.lang.Object)'> (0x00000000efdc3b38) 
thrown [s\open\src\hotspot\share\interpreter\linkResolver.cpp, line 759]
Event: 175.928 Thread 0x000001e5a9e466c0 Exception <a 'java/lang/NoSuchMethodError'{0x00000000ef787e90}: 'java.lang.Object java.lang.invoke.DirectMethodHandle$Holder.newInvokeSpecial(java.lang.Object, java.lang.Object, java.lang.Object, java.lang.Object, java.lang.Object, java.lang.Object, java.lang.Object, java.lang.Object)'> (0x00000000ef787e90) 
thrown [s\open\src\hotspot\share\interpreter\linkResolver.cpp, line 759]
Event: 175.932 Thread 0x000001e5a9e466c0 Exception <a 'java/lang/NoSuchMethodError'{0x00000000ef78dc70}: 'java.lang.Object java.lang.invoke.Invokers$Holder.linkToTargetMethod(java.lang.Object, java.lang.Object, java.lang.Object, java.lang.Object, java.lang.Object, java.lang.Object, java.lang.Object, java.lang.Object)'> (0x00000000ef78dc70) 
thrown [s\open\src\hotspot\share\interpreter\linkResolver.cpp, line 759]
Event: 176.077 Thread 0x000001e5a9e466c0 Exception <a 'java/lang/IncompatibleClassChangeError'{0x00000000ef7fc460}: Found class java.lang.Object, but interface was expected> (0x00000000ef7fc460) 
thrown [s\open\src\hotspot\share\interpreter\linkResolver.cpp, line 826]
Event: 178.445 Thread 0x000001e5a9e466c0 Exception <a 'java/lang/NoSuchMethodError'{0x00000000eec032c0}: 'java.lang.Object java.lang.invoke.DirectMethodHandle$Holder.newInvokeSpecial(java.lang.Object, java.lang.Object, long)'> (0x00000000eec032c0) 
thrown [s\open\src\hotspot\share\interpreter\linkResolver.cpp, line 759]
Event: 178.449 Thread 0x000001e5a9e466c0 Exception <a 'java/lang/NoSuchMethodError'{0x00000000eec078d0}: 'java.lang.Object java.lang.invoke.Invokers$Holder.linkToTargetMethod(java.lang.Object, long, java.lang.Object)'> (0x00000000eec078d0) 
thrown [s\open\src\hotspot\share\interpreter\linkResolver.cpp, line 759]
Event: 178.611 Thread 0x000001e5a9e466c0 Exception <a 'java/lang/NoSuchMethodError'{0x00000000eecf9540}: 'int java.lang.invoke.DirectMethodHandle$Holder.invokeInterface(java.lang.Object, java.lang.Object)'> (0x00000000eecf9540) 
thrown [s\open\src\hotspot\share\interpreter\linkResolver.cpp, line 759]
Event: 178.628 Thread 0x000001e5a9e466c0 Exception <a 'java/lang/NoSuchMethodError'{0x00000000eeb1cfa8}: 'java.lang.Object java.lang.invoke.DirectMethodHandle$Holder.invokeStatic(java.lang.Object, java.lang.Object, int, java.lang.Object)'> (0x00000000eeb1cfa8) 
thrown [s\open\src\hotspot\share\interpreter\linkResolver.cpp, line 759]
Event: 178.638 Thread 0x000001e5a9e466c0 Exception <a 'java/lang/NoSuchMethodError'{0x00000000eeb24b60}: 'java.lang.Object java.lang.invoke.DirectMethodHandle$Holder.newInvokeSpecial(java.lang.Object, java.lang.Object, int, java.lang.Object)'> (0x00000000eeb24b60) 
thrown [s\open\src\hotspot\share\interpreter\linkResolver.cpp, line 759]
Event: 178.642 Thread 0x000001e5a9e466c0 Exception <a 'java/lang/NoSuchMethodError'{0x00000000eeb29448}: 'java.lang.Object java.lang.invoke.DirectMethodHandle$Holder.invokeSpecial(java.lang.Object, java.lang.Object, java.lang.Object, int, java.lang.Object)'> (0x00000000eeb29448) 
thrown [s\open\src\hotspot\share\interpreter\linkResolver.cpp, line 759]
Event: 185.791 Thread 0x000001e5a9e466c0 Exception <a 'java/lang/NoSuchMethodError'{0x00000000ee74be60}: 'java.lang.Object java.lang.invoke.DirectMethodHandle$Holder.invokeSpecial(java.lang.Object, java.lang.Object, java.lang.Object, int, java.lang.Object, java.lang.Object)'> (0x00000000ee74be60) 
thrown [s\open\src\hotspot\share\interpreter\linkResolver.cpp, line 759]

VM Operations (20 events):
Event: 176.511 Executing VM operation: Cleanup
Event: 176.513 Executing VM operation: Cleanup done
Event: 176.794 Executing VM operation: HandshakeAllThreads
Event: 176.794 Executing VM operation: HandshakeAllThreads done
Event: 176.794 Executing VM operation: HandshakeAllThreads
Event: 176.794 Executing VM operation: HandshakeAllThreads done
Event: 177.797 Executing VM operation: Cleanup
Event: 177.814 Executing VM operation: Cleanup done
Event: 178.829 Executing VM operation: Cleanup
Event: 178.830 Executing VM operation: Cleanup done
Event: 179.576 Executing VM operation: HandshakeAllThreads
Event: 179.595 Executing VM operation: HandshakeAllThreads done
Event: 179.618 Executing VM operation: HandshakeAllThreads
Event: 179.630 Executing VM operation: HandshakeAllThreads done
Event: 180.347 Executing VM operation: HandshakeAllThreads
Event: 180.347 Executing VM operation: HandshakeAllThreads done
Event: 180.347 Executing VM operation: Cleanup
Event: 180.347 Executing VM operation: Cleanup done
Event: 185.378 Executing VM operation: Cleanup
Event: 185.379 Executing VM operation: Cleanup done

Events (20 events):
Event: 185.649 loading class java/beans/Transient
Event: 185.650 loading class java/beans/Transient done
Event: 185.689 loading class java/util/stream/Streams$RangeIntSpliterator
Event: 185.691 loading class java/util/stream/Streams$RangeIntSpliterator done
Event: 185.703 loading class java/util/stream/IntPipeline$1
Event: 185.704 loading class java/util/stream/IntPipeline$1 done
Event: 185.705 loading class java/util/stream/Nodes$FixedNodeBuilder
Event: 185.705 loading class java/util/stream/Nodes$ArrayNode
Event: 185.706 loading class java/util/stream/Nodes$ArrayNode done
Event: 185.707 loading class java/util/stream/Nodes$FixedNodeBuilder done
Event: 185.707 loading class java/util/stream/IntPipeline$1$1
Event: 185.710 loading class java/util/stream/IntPipeline$1$1 done
Event: 185.860 loading class java/util/EventListener
Event: 185.860 loading class java/util/EventListener done
Event: 185.924 loading class java/util/BitSet
Event: 185.925 loading class java/util/BitSet done
Event: 185.949 loading class java/util/TimerTask
Event: 185.952 loading class java/util/TimerTask done
Event: 185.952 loading class java/util/Timer
Event: 185.953 loading class java/util/Timer done


Dynamic libraries:
0x00007ff7d7d80000 - 0x00007ff7d7d90000 	C:\Java\jdk-17\bin\java.exe
0x00007ffdad170000 - 0x00007ffdad387000 	C:\WINDOWS\SYSTEM32\ntdll.dll
0x00007ffdabb00000 - 0x00007ffdabbc4000 	C:\WINDOWS\System32\KERNEL32.DLL
0x00007ffdaa760000 - 0x00007ffdaab17000 	C:\WINDOWS\System32\KERNELBASE.dll
0x00007ffdaa5a0000 - 0x00007ffdaa6b1000 	C:\WINDOWS\System32\ucrtbase.dll
0x00007ffd9a700000 - 0x00007ffd9a719000 	C:\Java\jdk-17\bin\jli.dll
0x00007ffdac930000 - 0x00007ffdac9e2000 	C:\WINDOWS\System32\ADVAPI32.dll
0x00007ffdab9b0000 - 0x00007ffdaba57000 	C:\WINDOWS\System32\msvcrt.dll
0x00007ffdab820000 - 0x00007ffdab8c8000 	C:\WINDOWS\System32\sechost.dll
0x00007ffdaad50000 - 0x00007ffdaad78000 	C:\WINDOWS\System32\bcrypt.dll
0x00007ffdabf90000 - 0x00007ffdac0a4000 	C:\WINDOWS\System32\RPCRT4.dll
0x00007ffdabd80000 - 0x00007ffdabf2f000 	C:\WINDOWS\System32\USER32.dll
0x00007ffdaadf0000 - 0x00007ffdaae16000 	C:\WINDOWS\System32\win32u.dll
0x00007ffdabac0000 - 0x00007ffdabae9000 	C:\WINDOWS\System32\GDI32.dll
0x00007ffdaa480000 - 0x00007ffdaa598000 	C:\WINDOWS\System32\gdi32full.dll
0x00007ffdaa6c0000 - 0x00007ffdaa75a000 	C:\WINDOWS\System32\msvcp_win.dll
0x00007ffd9a720000 - 0x00007ffd9a73b000 	C:\Java\jdk-17\bin\VCRUNTIME140.dll
0x00007ffd98350000 - 0x00007ffd985e3000 	C:\WINDOWS\WinSxS\amd64_microsoft.windows.common-controls_6595b64144ccf1df_6.0.22621.3672_none_2713b9d173822955\COMCTL32.dll
0x00007ffda21a0000 - 0x00007ffda21aa000 	C:\WINDOWS\SYSTEM32\VERSION.dll
0x00007ffdab100000 - 0x00007ffdab131000 	C:\WINDOWS\System32\IMM32.DLL
0x00007ffd9aa90000 - 0x00007ffd9aa9c000 	C:\Java\jdk-17\bin\vcruntime140_1.dll
0x00007ffd98d10000 - 0x00007ffd98d9e000 	C:\Java\jdk-17\bin\msvcp140.dll
0x00007ffd6b8d0000 - 0x00007ffd6c4b0000 	C:\Java\jdk-17\bin\server\jvm.dll
0x00007ffdac0b0000 - 0x00007ffdac0b8000 	C:\WINDOWS\System32\PSAPI.DLL
0x00007ffd954e0000 - 0x00007ffd954e9000 	C:\WINDOWS\SYSTEM32\WSOCK32.dll
0x00007ffdabcb0000 - 0x00007ffdabd21000 	C:\WINDOWS\System32\WS2_32.dll
0x00007ffda5630000 - 0x00007ffda5664000 	C:\WINDOWS\SYSTEM32\WINMM.dll
0x00007ffda94d0000 - 0x00007ffda94e8000 	C:\WINDOWS\SYSTEM32\kernel.appcore.dll
0x00007ffd9a9c0000 - 0x00007ffd9a9ca000 	C:\Java\jdk-17\bin\jimage.dll
0x00007ffd955b0000 - 0x00007ffd957e2000 	C:\WINDOWS\SYSTEM32\DBGHELP.DLL
0x00007ffdab490000 - 0x00007ffdab81e000 	C:\WINDOWS\System32\combase.dll
0x00007ffdab8d0000 - 0x00007ffdab9a7000 	C:\WINDOWS\System32\OLEAUT32.dll
0x00007ffd95570000 - 0x00007ffd955a2000 	C:\WINDOWS\SYSTEM32\dbgcore.DLL
0x00007ffdaae20000 - 0x00007ffdaae9b000 	C:\WINDOWS\System32\bcryptPrimitives.dll
0x00007ffd9a6d0000 - 0x00007ffd9a6f5000 	C:\Java\jdk-17\bin\java.dll
0x00007ffd78970000 - 0x00007ffd78a47000 	C:\Java\jdk-17\bin\jsvml.dll
0x00007ffdac0c0000 - 0x00007ffdac929000 	C:\WINDOWS\System32\SHELL32.dll
0x00007ffda83f0000 - 0x00007ffda8cef000 	C:\WINDOWS\SYSTEM32\windows.storage.dll
0x00007ffda82b0000 - 0x00007ffda83ef000 	C:\WINDOWS\SYSTEM32\wintypes.dll
0x00007ffdab380000 - 0x00007ffdab479000 	C:\WINDOWS\System32\SHCORE.dll
0x00007ffdabf30000 - 0x00007ffdabf8e000 	C:\WINDOWS\System32\shlwapi.dll
0x00007ffdaa3b0000 - 0x00007ffdaa3d7000 	C:\WINDOWS\SYSTEM32\profapi.dll
0x00007ffd98ef0000 - 0x00007ffd98f09000 	C:\java\jdk-17\bin\net.dll
0x00007ffda5350000 - 0x00007ffda5486000 	C:\WINDOWS\SYSTEM32\WINHTTP.dll
0x00007ffda9940000 - 0x00007ffda99a9000 	C:\WINDOWS\system32\mswsock.dll
0x00007ffd98ed0000 - 0x00007ffd98ee6000 	C:\java\jdk-17\bin\nio.dll
0x00007ffd98e60000 - 0x00007ffd98e78000 	C:\java\jdk-17\bin\zip.dll
0x00007ffd99880000 - 0x00007ffd99890000 	C:\Java\jdk-17\bin\verify.dll
0x00007ffd9a980000 - 0x00007ffd9a9a7000 	C:\gradle\gradle-8.4\native\c067742578af261105cb4f569cf0c3c89f3d7b1fecec35dd04571415982c5e48\windows-amd64\native-platform.dll
0x00007ffd76130000 - 0x00007ffd76274000 	C:\gradle\gradle-8.4\native\38dada09dfb8b06ba9b0570ebf7e218e3eb74d4ef43ca46872605cf95ebc2f47\windows-amd64\native-platform-file-events.dll
0x00007ffd98d00000 - 0x00007ffd98d0a000 	C:\java\jdk-17\bin\management.dll
0x00007ffd98bf0000 - 0x00007ffd98bfb000 	C:\java\jdk-17\bin\management_ext.dll
0x00007ffda9b90000 - 0x00007ffda9bab000 	C:\WINDOWS\SYSTEM32\CRYPTSP.dll
0x00007ffda9430000 - 0x00007ffda9465000 	C:\WINDOWS\system32\rsaenh.dll
0x00007ffda9a30000 - 0x00007ffda9a58000 	C:\WINDOWS\SYSTEM32\USERENV.dll
0x00007ffda9bb0000 - 0x00007ffda9bbc000 	C:\WINDOWS\SYSTEM32\CRYPTBASE.dll
0x00007ffda8f50000 - 0x00007ffda8f7d000 	C:\WINDOWS\SYSTEM32\IPHLPAPI.DLL
0x00007ffdabaf0000 - 0x00007ffdabaf9000 	C:\WINDOWS\System32\NSI.dll
0x00007ffda5ad0000 - 0x00007ffda5ae9000 	C:\WINDOWS\SYSTEM32\dhcpcsvc6.DLL
0x00007ffda52e0000 - 0x00007ffda52ff000 	C:\WINDOWS\SYSTEM32\dhcpcsvc.DLL
0x00007ffda8fc0000 - 0x00007ffda90c2000 	C:\WINDOWS\SYSTEM32\DNSAPI.dll
0x00007ffd98be0000 - 0x00007ffd98bee000 	C:\java\jdk-17\bin\sunmscapi.dll
0x00007ffdaab20000 - 0x00007ffdaac86000 	C:\WINDOWS\System32\CRYPT32.dll
0x00007ffda9d50000 - 0x00007ffda9d7e000 	C:\WINDOWS\SYSTEM32\ncrypt.dll
0x00007ffda9d10000 - 0x00007ffda9d47000 	C:\WINDOWS\SYSTEM32\NTASN1.dll
0x00007ffd22940000 - 0x00007ffd22948000 	C:\WINDOWS\system32\wshunix.dll

dbghelp: loaded successfully - version: 4.0.5 - missing functions: none
symbol engine: initialized successfully - sym options: 0x614 - pdb path: .;C:\Java\jdk-17\bin;C:\WINDOWS\SYSTEM32;C:\WINDOWS\WinSxS\amd64_microsoft.windows.common-controls_6595b64144ccf1df_6.0.22621.3672_none_2713b9d173822955;C:\Java\jdk-17\bin\server;C:\gradle\gradle-8.4\native\c067742578af261105cb4f569cf0c3c89f3d7b1fecec35dd04571415982c5e48\windows-amd64;C:\gradle\gradle-8.4\native\38dada09dfb8b06ba9b0570ebf7e218e3eb74d4ef43ca46872605cf95ebc2f47\windows-amd64

VM Arguments:
jvm_args: --add-opens=java.base/java.util=ALL-UNNAMED --add-opens=java.base/java.lang=ALL-UNNAMED --add-opens=java.base/java.lang.invoke=ALL-UNNAMED --add-opens=java.prefs/java.util.prefs=ALL-UNNAMED --add-opens=java.base/java.nio.charset=ALL-UNNAMED --add-opens=java.base/java.net=ALL-UNNAMED --add-opens=java.base/java.util.concurrent.atomic=ALL-UNNAMED -XX:MaxMetaspaceSize=256m -XX:+HeapDumpOnOutOfMemoryError -Xms256m -Xmx512m -Dfile.encoding=UTF-8 -Duser.country=GB -Duser.language=en -Duser.variant 
java_command: org.gradle.launcher.daemon.bootstrap.GradleDaemon 7.6.3
java_class_path (initial): C:\gradle\gradle-7.6.3\lib\gradle-launcher-7.6.3.jar
Launcher Type: SUN_STANDARD

[Global flags]
     intx CICompilerCount                          = 4                                         {product} {ergonomic}
   size_t CompressedClassSpaceSize                 = 218103808                                 {product} {ergonomic}
     uint ConcGCThreads                            = 2                                         {product} {ergonomic}
     uint G1ConcRefinementThreads                  = 8                                         {product} {ergonomic}
   size_t G1HeapRegionSize                         = 1048576                                   {product} {ergonomic}
    uintx GCDrainStackTargetSize                   = 64                                        {product} {ergonomic}
     bool HeapDumpOnOutOfMemoryError               = true                                   {manageable} {command line}
   size_t InitialHeapSize                          = 268435456                                 {product} {command line}
   size_t MarkStackSize                            = 4194304                                   {product} {ergonomic}
   size_t MaxHeapSize                              = 536870912                                 {product} {command line}
   size_t MaxMetaspaceSize                         = 268435456                                 {product} {command line}
   size_t MaxNewSize                               = 321912832                                 {product} {ergonomic}
   size_t MinHeapDeltaBytes                        = 1048576                                   {product} {ergonomic}
   size_t MinHeapSize                              = 268435456                                 {product} {command line}
    uintx NonNMethodCodeHeapSize                   = 5839372                                {pd product} {ergonomic}
    uintx NonProfiledCodeHeapSize                  = 122909434                              {pd product} {ergonomic}
    uintx ProfiledCodeHeapSize                     = 122909434                              {pd product} {ergonomic}
    uintx ReservedCodeCacheSize                    = 251658240                              {pd product} {ergonomic}
     bool SegmentedCodeCache                       = true                                      {product} {ergonomic}
   size_t SoftMaxHeapSize                          = 536870912                              {manageable} {ergonomic}
     bool UseCompressedClassPointers               = true                           {product lp64_product} {ergonomic}
     bool UseCompressedOops                        = true                           {product lp64_product} {ergonomic}
     bool UseG1GC                                  = true                                      {product} {ergonomic}
     bool UseLargePagesIndividualAllocation        = false                                  {pd product} {ergonomic}

Logging:
Log output configuration:
 #0: stdout all=warning uptime,level,tags
 #1: stderr all=off uptime,level,tags

Environment Variables:
JAVA_HOME=C:\program files\java\jdk-17
PATH=C:\Program Files (x86)\Common Files\Oracle\Java\javapath;C:\Program Files\Python312\Scripts\;C:\Program Files\Python312\;C:\Python38\Scripts\;C:\Python38\;C:\Program Files\Common Files\Oracle\Java\javapath;C:\WINDOWS\system32;C:\WINDOWS;C:\WINDOWS\System32\Wbem;C:\WINDOWS\System32\WindowsPowerShell\v1.0\;C:\WINDOWS\System32\OpenSSH\;C:\Program Files\nodejs\;C:\ProgramData\chocolatey\bin;C:\Program Files\PuTTY\;c:\gradle\gradle-8.3-bin\gradle-8.3\bin;C:\Program Files\TortoiseSVN\bin;C:\Program Files\Git\cmd;C:\Program Files\MySQL\MySQL Shell 8.0\bin\;C:\Users\barry\AppData\Local\Microsoft\WindowsApps;C:\Users\barry\AppData\Roaming\npm;C:\Python27;:\Program Files\Java\jdk-11.0.8;C:\apache-cassandra-4.17.0\bin;C:\Users\barry\AppData\Local\Programs\MiKTeX\miktex\bin\x64\;C:\Users\barry\AppData\Roaming\Programs\Zero Install;C:\Program Files\JetBrains\PyCharm Community Edition 2024.2.0.1\bin;;C:\Program Files\JetBrains\IntelliJ IDEA 2024.2.3\bin;
USERNAME=barry
OS=Windows_NT
PROCESSOR_IDENTIFIER=AMD64 Family 23 Model 24 Stepping 1, AuthenticAMD



---------------  S Y S T E M  ---------------

OS:
 Windows 11 , 64 bit Build 22621 (10.0.22621.3958)
OS uptime: 0 days 6:22 hours

CPU: total 8 (initial active 8) (8 cores per cpu, 2 threads per core) family 23 model 24 stepping 1 microcode 0x0, cx8, cmov, fxsr, ht, mmx, 3dnowpref, sse, sse2, sse3, ssse3, sse4a, sse4.1, sse4.2, popcnt, lzcnt, tsc, tscinvbit, avx, avx2, aes, clmul, bmi1, bmi2, adx, sha, fma, vzeroupper, clflush, clflushopt

Memory: 4k page, system-wide physical 6090M (550M free)
TotalPageFile size 24522M (AvailPageFile size 350M)
current process WorkingSet (physical memory assigned to process): 131M, peak: 153M
current process commit charge ("private bytes"): 407M, peak: 419M

vm_info: Java HotSpot(TM) 64-Bit Server VM (17.0.11+7-LTS-207) for windows-amd64 JRE (17.0.11+7-LTS-207), built on Mar 11 2024 19:01:50 by "mach5one" with MS VC++ 17.6 (VS2022)

END.
