#
# There is insufficient memory for the Java Runtime Environment to continue.
# Native memory allocation (mmap) failed to map 230686720 bytes for G1 virtual space
# Possible reasons:
#   The system is out of physical RAM or swap space
#   The process is running with CompressedOops enabled, and the Java Heap may be blocking the growth of the native heap
# Possible solutions:
#   Reduce memory load on the system
#   Increase physical memory or swap space
#   Check if swap backing store is full
#   Decrease Java heap size (-Xmx/-Xms)
#   Decrease number of Java threads
#   Decrease Java thread stack sizes (-Xss)
#   Set larger code cache with -XX:ReservedCodeCacheSize=
#   JVM is running with Unscaled Compressed Oops mode in which the Java heap is
#     placed in the first 4GB address space. The Java Heap base address is the
#     maximum limit for the native heap growth. Please use -XX:HeapBaseMinAddress
#     to set the Java Heap base and to place the Java Heap above 4GB virtual address.
# This output file may be truncated or incomplete.
#
#  Out of Memory Error (os_windows.cpp:3548), pid=17696, tid=18464
#
# JRE version: Java(TM) SE Runtime Environment (17.0.11+7) (build 17.0.11+7-LTS-207)
# Java VM: Java HotSpot(TM) 64-Bit Server VM (17.0.11+7-LTS-207, mixed mode, emulated-client, sharing, tiered, compressed oops, compressed class ptrs, g1 gc, windows-amd64)
# No core dump will be written. Minidumps are not enabled by default on client versions of Windows
#

---------------  S U M M A R Y ------------

Command Line: -XX:TieredStopAtLevel=1 -Dspring.profiles.active=smok_init -Dspring.output.ansi.enabled=always -javaagent:C:\Program Files\JetBrains\IntelliJ IDEA 2024.2.3\lib\idea_rt.jar=61628:C:\Program Files\JetBrains\IntelliJ IDEA 2024.2.3\bin -Dfile.encoding=UTF-8 com.smokpromotion.SmokProm.SmokApplication

Host: AMD Ryzen 5 3500U with Radeon Vega Mobile Gfx  , 8 cores, 5G,  Windows 11 , 64 bit Build 22621 (10.0.22621.3958)
Time: Thu Oct 17 03:57:19 2024 GMT Summer Time elapsed time: 34.598258 seconds (0d 0h 0m 34s)

---------------  T H R E A D  ---------------

Current thread (0x000001d536ebf090):  VMThread "VM Thread" [stack: 0x00000016fef00000,0x00000016ff000000] [id=18464]

Stack: [0x00000016fef00000,0x00000016ff000000]
Native frames: (J=compiled Java code, j=interpreted, Vv=VM code, C=native code)
V  [jvm.dll+0x679cca]
V  [jvm.dll+0x7da13d]
V  [jvm.dll+0x7dba83]
V  [jvm.dll+0x7dc0f3]
V  [jvm.dll+0x2449af]
V  [jvm.dll+0x676ce9]
V  [jvm.dll+0x66b852]
V  [jvm.dll+0x3018d6]
V  [jvm.dll+0x308e76]
V  [jvm.dll+0x3596ee]
V  [jvm.dll+0x35991f]
V  [jvm.dll+0x2d89a8]
V  [jvm.dll+0x2d6ddd]
V  [jvm.dll+0x2d642c]
V  [jvm.dll+0x319f8b]
V  [jvm.dll+0x7e09eb]
V  [jvm.dll+0x7e1724]
V  [jvm.dll+0x7e1c3d]
V  [jvm.dll+0x7e2014]
V  [jvm.dll+0x7e20e0]
V  [jvm.dll+0x78a85a]
V  [jvm.dll+0x678bb5]
C  [ucrtbase.dll+0x29333]
C  [KERNEL32.DLL+0x1257d]
C  [ntdll.dll+0x5af08]

VM_Operation (0x00000016fe9fe3f0): G1CollectForAllocation, mode: safepoint, requested by thread 0x000001d52621bdb0


---------------  P R O C E S S  ---------------

Threads class SMR info:
_java_thread_list=0x000001d57cad0ea0, length=37, elements={
0x000001d52621bdb0, 0x000001d536ec30a0, 0x000001d536ec3f20, 0x000001d536ed5240,
0x000001d536ed7d10, 0x000001d536ed86d0, 0x000001d536ed94a0, 0x000001d536eda320,
0x000001d536eeca90, 0x000001d536eadab0, 0x000001d57c8b7320, 0x000001d57c8b7c80,
0x000001d57d1e2820, 0x000001d57d252720, 0x000001d57d25f300, 0x000001d57d2acd10,
0x000001d57cce5770, 0x000001d57cce6bb0, 0x000001d57cce3e20, 0x000001d57e9db340,
0x000001d57e9d99f0, 0x000001d57e9db850, 0x000001d57e9dae30, 0x000001d57e9dbd60,
0x000001d57e9ddbc0, 0x000001d57e9d9f00, 0x000001d57e9d94e0, 0x000001d57e9dc780,
0x000001d57e9dcc90, 0x000001d57e9da410, 0x000001d57e9df510, 0x000001d57e9da920,
0x000001d57e9dd6b0, 0x000001d57e9de0d0, 0x000001d57e9dd1a0, 0x000001d57e9de5e0,
0x000001d57e9d80a0
}

Java Threads: ( => current thread )
  0x000001d52621bdb0 JavaThread "main" [_thread_blocked, id=17760, stack(0x00000016fe900000,0x00000016fea00000)]
  0x000001d536ec30a0 JavaThread "Reference Handler" daemon [_thread_blocked, id=19388, stack(0x00000016ff000000,0x00000016ff100000)]
  0x000001d536ec3f20 JavaThread "Finalizer" daemon [_thread_blocked, id=27428, stack(0x00000016ff100000,0x00000016ff200000)]
  0x000001d536ed5240 JavaThread "Signal Dispatcher" daemon [_thread_blocked, id=27732, stack(0x00000016ff200000,0x00000016ff300000)]
  0x000001d536ed7d10 JavaThread "Attach Listener" daemon [_thread_blocked, id=18468, stack(0x00000016ff300000,0x00000016ff400000)]
  0x000001d536ed86d0 JavaThread "Service Thread" daemon [_thread_blocked, id=5428, stack(0x00000016ff400000,0x00000016ff500000)]
  0x000001d536ed94a0 JavaThread "Monitor Deflation Thread" daemon [_thread_blocked, id=21604, stack(0x00000016ff500000,0x00000016ff600000)]
  0x000001d536eda320 JavaThread "C1 CompilerThread0" daemon [_thread_blocked, id=21744, stack(0x00000016ff600000,0x00000016ff700000)]
  0x000001d536eeca90 JavaThread "Sweeper thread" daemon [_thread_blocked, id=14376, stack(0x00000016ff700000,0x00000016ff800000)]
  0x000001d536eadab0 JavaThread "Common-Cleaner" daemon [_thread_blocked, id=18180, stack(0x00000016ff800000,0x00000016ff900000)]
  0x000001d57c8b7320 JavaThread "Monitor Ctrl-Break" daemon [_thread_in_native, id=8924, stack(0x00000016ff900000,0x00000016ffa00000)]
  0x000001d57c8b7c80 JavaThread "Notification Thread" daemon [_thread_blocked, id=292, stack(0x00000016ffa00000,0x00000016ffb00000)]
  0x000001d57d1e2820 JavaThread "RMI TCP Accept-0" daemon [_thread_in_native, id=27720, stack(0x0000001680400000,0x0000001680500000)]
  0x000001d57d252720 JavaThread "RMI TCP Connection(1)-192.168.1.11" daemon [_thread_in_native, id=14156, stack(0x0000001680500000,0x0000001680600000)]
  0x000001d57d25f300 JavaThread "RMI Scheduler(0)" daemon [_thread_blocked, id=22248, stack(0x0000001680600000,0x0000001680700000)]
  0x000001d57d2acd10 JavaThread "JMX server connection timeout 20" daemon [_thread_blocked, id=25504, stack(0x0000001680700000,0x0000001680800000)]
  0x000001d57cce5770 JavaThread "RMI TCP Connection(idle)" daemon [_thread_blocked, id=10128, stack(0x0000001680a00000,0x0000001680b00000)]
  0x000001d57cce6bb0 JavaThread "mysql-cj-abandoned-connection-cleanup" daemon [_thread_blocked, id=25788, stack(0x0000001680800000,0x0000001680900000)]
  0x000001d57cce3e20 JavaThread "maindb housekeeper" daemon [_thread_blocked, id=21644, stack(0x0000001680c00000,0x0000001680d00000)]
  0x000001d57e9db340 JavaThread "Catalina-utility-1" [_thread_blocked, id=15816, stack(0x0000001680e00000,0x0000001680f00000)]
  0x000001d57e9d99f0 JavaThread "Catalina-utility-2" [_thread_blocked, id=21468, stack(0x0000001680f00000,0x0000001681000000)]
  0x000001d57e9db850 JavaThread "container-0" [_thread_blocked, id=12052, stack(0x0000001681000000,0x0000001681100000)]
  0x000001d57e9dae30 JavaThread "maindb housekeeper" daemon [_thread_blocked, id=26704, stack(0x0000001681100000,0x0000001681200000)]
  0x000001d57e9dbd60 JavaThread "Thread-1" [_thread_blocked, id=12580, stack(0x0000001681300000,0x0000001681400000)]
  0x000001d57e9ddbc0 JavaThread "http-nio-9204-exec-1" daemon [_thread_blocked, id=10048, stack(0x0000001681200000,0x0000001681300000)]
  0x000001d57e9d9f00 JavaThread "http-nio-9204-exec-2" daemon [_thread_blocked, id=8360, stack(0x0000001681500000,0x0000001681600000)]
  0x000001d57e9d94e0 JavaThread "http-nio-9204-exec-3" daemon [_thread_blocked, id=26152, stack(0x0000001681600000,0x0000001681700000)]
  0x000001d57e9dc780 JavaThread "http-nio-9204-exec-4" daemon [_thread_blocked, id=23648, stack(0x0000001681700000,0x0000001681800000)]
  0x000001d57e9dcc90 JavaThread "http-nio-9204-exec-5" daemon [_thread_blocked, id=28524, stack(0x0000001681800000,0x0000001681900000)]
  0x000001d57e9da410 JavaThread "http-nio-9204-exec-6" daemon [_thread_blocked, id=21432, stack(0x0000001681900000,0x0000001681a00000)]
  0x000001d57e9df510 JavaThread "http-nio-9204-exec-7" daemon [_thread_blocked, id=14920, stack(0x0000001681a00000,0x0000001681b00000)]
  0x000001d57e9da920 JavaThread "http-nio-9204-exec-8" daemon [_thread_blocked, id=20604, stack(0x0000001681b00000,0x0000001681c00000)]
  0x000001d57e9dd6b0 JavaThread "http-nio-9204-exec-9" daemon [_thread_blocked, id=22176, stack(0x0000001681c00000,0x0000001681d00000)]
  0x000001d57e9de0d0 JavaThread "http-nio-9204-exec-10" daemon [_thread_blocked, id=2948, stack(0x0000001681d00000,0x0000001681e00000)]
  0x000001d57e9dd1a0 JavaThread "http-nio-9204-Poller" daemon [_thread_in_native, id=20568, stack(0x0000001681e00000,0x0000001681f00000)]
  0x000001d57e9de5e0 JavaThread "http-nio-9204-Acceptor" daemon [_thread_in_native, id=7236, stack(0x0000001681f00000,0x0000001682000000)]
  0x000001d57e9d80a0 JavaThread "scheduling-1" [_thread_blocked, id=9868, stack(0x0000001682000000,0x0000001682100000)]

Other Threads:
=>0x000001d536ebf090 VMThread "VM Thread" [stack: 0x00000016fef00000,0x00000016ff000000] [id=18464]
  0x000001d5262787b0 WatcherThread [stack: 0x00000016ffb00000,0x00000016ffc00000] [id=28476]
  0x000001d526267fc0 GCTaskThread "GC Thread#0" [stack: 0x00000016fea00000,0x00000016feb00000] [id=10684]
  0x000001d57d0f2900 GCTaskThread "GC Thread#1" [stack: 0x00000016ffc00000,0x00000016ffd00000] [id=27388]
  0x000001d57d132e30 GCTaskThread "GC Thread#2" [stack: 0x00000016ffd00000,0x00000016ffe00000] [id=14008]
  0x000001d57d1330f0 GCTaskThread "GC Thread#3" [stack: 0x00000016ffe00000,0x00000016fff00000] [id=23040]
  0x000001d57d1333b0 GCTaskThread "GC Thread#4" [stack: 0x00000016fff00000,0x0000001700000000] [id=2488]
  0x000001d57d133e80 GCTaskThread "GC Thread#5" [stack: 0x0000001680000000,0x0000001680100000] [id=8472]
  0x000001d57d138760 GCTaskThread "GC Thread#6" [stack: 0x0000001680100000,0x0000001680200000] [id=1012]
  0x000001d57d13aa30 GCTaskThread "GC Thread#7" [stack: 0x0000001680200000,0x0000001680300000] [id=26764]
  0x000001d5262725f0 ConcurrentGCThread "G1 Main Marker" [stack: 0x00000016feb00000,0x00000016fec00000] [id=26968]
  0x000001d526273000 ConcurrentGCThread "G1 Conc#0" [stack: 0x00000016fec00000,0x00000016fed00000] [id=14224]
  0x000001d57d7be890 ConcurrentGCThread "G1 Conc#1" [stack: 0x0000001680900000,0x0000001680a00000] [id=28612]
  0x000001d5262aec80 ConcurrentGCThread "G1 Refine#0" [stack: 0x00000016fed00000,0x00000016fee00000] [id=15772]
  0x000001d57cafe8f0 ConcurrentGCThread "G1 Refine#1" [stack: 0x0000001680300000,0x0000001680400000] [id=16452]
  0x000001d57e9e00b0 ConcurrentGCThread "G1 Refine#2" [stack: 0x0000001682100000,0x0000001682200000] [id=18504]
  0x000001d57e9e1830 ConcurrentGCThread "G1 Refine#3" [stack: 0x0000001682200000,0x0000001682300000] [id=10164]
  0x000001d536d7cc50 ConcurrentGCThread "G1 Service" [stack: 0x00000016fee00000,0x00000016fef00000] [id=17664]

Threads with active compile tasks:

VM state: at safepoint (normal execution)

VM Mutex/Monitor currently owned by a thread:  ([mutex/lock_event])
[0x000001d526217020] Threads_lock - owner thread: 0x000001d536ebf090
[0x000001d526218100] Heap_lock - owner thread: 0x000001d52621bdb0

Heap address: 0x00000000a0c00000, size: 1524 MB, Compressed Oops mode: 32-bit

CDS archive(s) mapped at: [0x000001d537000000-0x000001d537bd0000-0x000001d537bd0000), size 12386304, SharedBaseAddress: 0x000001d537000000, ArchiveRelocationMode: 1.
Compressed class space mapped at: 0x000001d538000000-0x000001d578000000, reserved size: 1073741824
Narrow klass base: 0x000001d537000000, Narrow klass shift: 0, Narrow klass range: 0x100000000

GC Precious Log:
 CPUs: 8 total, 8 available
 Memory: 6090M
 Large Page Support: Disabled
 NUMA Support: Disabled
 Compressed Oops: Enabled (32-bit)
 Heap Region Size: 1M
 Heap Min Capacity: 8M
 Heap Initial Capacity: 96M
 Heap Max Capacity: 1524M
 Pre-touch: Disabled
 Parallel Workers: 8
 Concurrent Workers: 2
 Concurrent Refinement Workers: 8
 Periodic GC: Disabled

Heap:
 garbage-first heap   total 112640K, used 68771K [0x00000000a0c00000, 0x0000000100000000)
  region size 1024K, 1 young (1024K), 1 survivors (1024K)
 Metaspace       used 48058K, committed 48640K, reserved 1114112K
  class space    used 6694K, committed 6976K, reserved 1048576K

Heap Regions: E=young(eden), S=young(survivor), O=old, HS=humongous(starts), HC=humongous(continues), CS=collection set, F=free, OA=open archive, CA=closed archive, TAMS=top-at-mark-start (previous, next)
|   0|0x00000000a0c00000, 0x00000000a0d00000, 0x00000000a0d00000|100%|HS|  |TAMS 0x00000000a0d00000, 0x00000000a0c00000| Complete 
|   1|0x00000000a0d00000, 0x00000000a0e00000, 0x00000000a0e00000|100%|HC|  |TAMS 0x00000000a0e00000, 0x00000000a0d00000| Complete 
|   2|0x00000000a0e00000, 0x00000000a0f00000, 0x00000000a0f00000|100%| O|  |TAMS 0x00000000a0f00000, 0x00000000a0e00000| Untracked 
|   3|0x00000000a0f00000, 0x00000000a1000000, 0x00000000a1000000|100%| O|  |TAMS 0x00000000a1000000, 0x00000000a0f00000| Updating 
|   4|0x00000000a1000000, 0x00000000a1100000, 0x00000000a1100000|100%| O|  |TAMS 0x00000000a1100000, 0x00000000a1000000| Untracked 
|   5|0x00000000a1100000, 0x00000000a1200000, 0x00000000a1200000|100%| O|  |TAMS 0x00000000a1200000, 0x00000000a1100000| Updating 
|   6|0x00000000a1200000, 0x00000000a1300000, 0x00000000a1300000|100%| O|  |TAMS 0x00000000a1300000, 0x00000000a1200000| Updating 
|   7|0x00000000a1300000, 0x00000000a1400000, 0x00000000a1400000|100%| O|  |TAMS 0x00000000a1400000, 0x00000000a1300000| Untracked 
|   8|0x00000000a1400000, 0x00000000a1500000, 0x00000000a1500000|100%| O|  |TAMS 0x00000000a1500000, 0x00000000a1400000| Untracked 
|   9|0x00000000a1500000, 0x00000000a1600000, 0x00000000a1600000|100%| O|  |TAMS 0x00000000a1600000, 0x00000000a1500000| Untracked 
|  10|0x00000000a1600000, 0x00000000a1700000, 0x00000000a1700000|100%| O|  |TAMS 0x00000000a1700000, 0x00000000a1600000| Untracked 
|  11|0x00000000a1700000, 0x00000000a1800000, 0x00000000a1800000|100%| O|  |TAMS 0x00000000a1800000, 0x00000000a1700000| Updating 
|  12|0x00000000a1800000, 0x00000000a1900000, 0x00000000a1900000|100%| O|  |TAMS 0x00000000a1900000, 0x00000000a1800000| Updating 
|  13|0x00000000a1900000, 0x00000000a1a00000, 0x00000000a1a00000|100%| O|  |TAMS 0x00000000a1a00000, 0x00000000a1900000| Untracked 
|  14|0x00000000a1a00000, 0x00000000a1b00000, 0x00000000a1b00000|100%| O|  |TAMS 0x00000000a1b00000, 0x00000000a1a00000| Updating 
|  15|0x00000000a1b00000, 0x00000000a1c00000, 0x00000000a1c00000|100%| O|  |TAMS 0x00000000a1c00000, 0x00000000a1b00000| Updating 
|  16|0x00000000a1c00000, 0x00000000a1d00000, 0x00000000a1d00000|100%| O|  |TAMS 0x00000000a1d00000, 0x00000000a1c00000| Untracked 
|  17|0x00000000a1d00000, 0x00000000a1e00000, 0x00000000a1e00000|100%| O|  |TAMS 0x00000000a1e00000, 0x00000000a1d00000| Updating 
|  18|0x00000000a1e00000, 0x00000000a1f00000, 0x00000000a1f00000|100%| O|  |TAMS 0x00000000a1f00000, 0x00000000a1e00000| Updating 
|  19|0x00000000a1f00000, 0x00000000a2000000, 0x00000000a2000000|100%| O|  |TAMS 0x00000000a2000000, 0x00000000a1f00000| Updating 
|  20|0x00000000a2000000, 0x00000000a2100000, 0x00000000a2100000|100%| O|  |TAMS 0x00000000a2100000, 0x00000000a2000000| Untracked 
|  21|0x00000000a2100000, 0x00000000a2200000, 0x00000000a2200000|100%| O|  |TAMS 0x00000000a2200000, 0x00000000a2100000| Updating 
|  22|0x00000000a2200000, 0x00000000a2300000, 0x00000000a2300000|100%| O|  |TAMS 0x00000000a2300000, 0x00000000a2200000| Updating 
|  23|0x00000000a2300000, 0x00000000a2400000, 0x00000000a2400000|100%| O|  |TAMS 0x00000000a2400000, 0x00000000a2300000| Updating 
|  24|0x00000000a2400000, 0x00000000a2500000, 0x00000000a2500000|100%| O|  |TAMS 0x00000000a2500000, 0x00000000a2400000| Untracked 
|  25|0x00000000a2500000, 0x00000000a2600000, 0x00000000a2600000|100%| O|  |TAMS 0x00000000a2600000, 0x00000000a2500000| Updating 
|  26|0x00000000a2600000, 0x00000000a2700000, 0x00000000a2700000|100%| O|  |TAMS 0x00000000a2700000, 0x00000000a2600000| Updating 
|  27|0x00000000a2700000, 0x00000000a2800000, 0x00000000a2800000|100%| O|  |TAMS 0x00000000a2800000, 0x00000000a2700000| Updating 
|  28|0x00000000a2800000, 0x00000000a2900000, 0x00000000a2900000|100%| O|  |TAMS 0x00000000a2900000, 0x00000000a2800000| Untracked 
|  29|0x00000000a2900000, 0x00000000a2a00000, 0x00000000a2a00000|100%| O|  |TAMS 0x00000000a2a00000, 0x00000000a2900000| Untracked 
|  30|0x00000000a2a00000, 0x00000000a2b00000, 0x00000000a2b00000|100%| O|  |TAMS 0x00000000a2b00000, 0x00000000a2a00000| Untracked 
|  31|0x00000000a2b00000, 0x00000000a2c00000, 0x00000000a2c00000|100%| O|  |TAMS 0x00000000a2c00000, 0x00000000a2b00000| Untracked 
|  32|0x00000000a2c00000, 0x00000000a2d00000, 0x00000000a2d00000|100%| O|  |TAMS 0x00000000a2d00000, 0x00000000a2c00000| Untracked 
|  33|0x00000000a2d00000, 0x00000000a2e00000, 0x00000000a2e00000|100%| O|  |TAMS 0x00000000a2e00000, 0x00000000a2d00000| Updating 
|  34|0x00000000a2e00000, 0x00000000a2f00000, 0x00000000a2f00000|100%| O|  |TAMS 0x00000000a2f00000, 0x00000000a2e00000| Untracked 
|  35|0x00000000a2f00000, 0x00000000a3000000, 0x00000000a3000000|100%| O|  |TAMS 0x00000000a3000000, 0x00000000a2f00000| Untracked 
|  36|0x00000000a3000000, 0x00000000a3100000, 0x00000000a3100000|100%| O|  |TAMS 0x00000000a3100000, 0x00000000a3000000| Untracked 
|  37|0x00000000a3100000, 0x00000000a3200000, 0x00000000a3200000|100%| O|  |TAMS 0x00000000a3200000, 0x00000000a3100000| Untracked 
|  38|0x00000000a3200000, 0x00000000a3300000, 0x00000000a3300000|100%| O|  |TAMS 0x00000000a3300000, 0x00000000a3200000| Untracked 
|  39|0x00000000a3300000, 0x00000000a3400000, 0x00000000a3400000|100%| O|  |TAMS 0x00000000a33c5c00, 0x00000000a3300000| Untracked 
|  40|0x00000000a3400000, 0x00000000a3500000, 0x00000000a3500000|100%| O|  |TAMS 0x00000000a3400000, 0x00000000a3400000| Untracked 
|  41|0x00000000a3500000, 0x00000000a3600000, 0x00000000a3600000|100%| O|  |TAMS 0x00000000a3500000, 0x00000000a3500000| Untracked 
|  42|0x00000000a3600000, 0x00000000a3700000, 0x00000000a3700000|100%| O|  |TAMS 0x00000000a3600000, 0x00000000a3600000| Untracked 
|  43|0x00000000a3700000, 0x00000000a3800000, 0x00000000a3800000|100%| O|  |TAMS 0x00000000a3700000, 0x00000000a3700000| Untracked 
|  44|0x00000000a3800000, 0x00000000a3900000, 0x00000000a3900000|100%| O|  |TAMS 0x00000000a3800000, 0x00000000a3800000| Untracked 
|  45|0x00000000a3900000, 0x00000000a3a00000, 0x00000000a3a00000|100%| O|  |TAMS 0x00000000a3900000, 0x00000000a3900000| Untracked 
|  46|0x00000000a3a00000, 0x00000000a3b00000, 0x00000000a3b00000|100%| O|  |TAMS 0x00000000a3a00000, 0x00000000a3a00000| Untracked 
|  47|0x00000000a3b00000, 0x00000000a3c00000, 0x00000000a3c00000|100%| O|  |TAMS 0x00000000a3b00000, 0x00000000a3b00000| Untracked 
|  48|0x00000000a3c00000, 0x00000000a3d00000, 0x00000000a3d00000|100%| O|  |TAMS 0x00000000a3c00000, 0x00000000a3c00000| Untracked 
|  49|0x00000000a3d00000, 0x00000000a3e00000, 0x00000000a3e00000|100%| O|  |TAMS 0x00000000a3d00000, 0x00000000a3d00000| Untracked 
|  50|0x00000000a3e00000, 0x00000000a3f00000, 0x00000000a3f00000|100%| O|  |TAMS 0x00000000a3e00000, 0x00000000a3e00000| Untracked 
|  51|0x00000000a3f00000, 0x00000000a4000000, 0x00000000a4000000|100%| O|  |TAMS 0x00000000a3f00000, 0x00000000a3f00000| Untracked 
|  52|0x00000000a4000000, 0x00000000a4100000, 0x00000000a4100000|100%| O|  |TAMS 0x00000000a4000000, 0x00000000a4000000| Untracked 
|  53|0x00000000a4100000, 0x00000000a4200000, 0x00000000a4200000|100%| O|  |TAMS 0x00000000a4100000, 0x00000000a4100000| Untracked 
|  54|0x00000000a4200000, 0x00000000a4300000, 0x00000000a4300000|100%| O|  |TAMS 0x00000000a4200000, 0x00000000a4200000| Untracked 
|  55|0x00000000a4300000, 0x00000000a4400000, 0x00000000a4400000|100%| O|  |TAMS 0x00000000a4300000, 0x00000000a4300000| Untracked 
|  56|0x00000000a4400000, 0x00000000a4500000, 0x00000000a4500000|100%| O|  |TAMS 0x00000000a4400000, 0x00000000a4400000| Untracked 
|  57|0x00000000a4500000, 0x00000000a4600000, 0x00000000a4600000|100%| O|  |TAMS 0x00000000a4500000, 0x00000000a4500000| Untracked 
|  58|0x00000000a4600000, 0x00000000a4700000, 0x00000000a4700000|100%| O|  |TAMS 0x00000000a4600000, 0x00000000a4600000| Untracked 
|  59|0x00000000a4700000, 0x00000000a4800000, 0x00000000a4800000|100%| O|  |TAMS 0x00000000a4700000, 0x00000000a4700000| Untracked 
|  60|0x00000000a4800000, 0x00000000a4900000, 0x00000000a4900000|100%| O|  |TAMS 0x00000000a4800000, 0x00000000a4800000| Untracked 
|  61|0x00000000a4900000, 0x00000000a4a00000, 0x00000000a4a00000|100%| O|  |TAMS 0x00000000a4900000, 0x00000000a4900000| Untracked 
|  62|0x00000000a4a00000, 0x00000000a4b00000, 0x00000000a4b00000|100%| O|  |TAMS 0x00000000a4a00000, 0x00000000a4a00000| Untracked 
|  63|0x00000000a4b00000, 0x00000000a4c00000, 0x00000000a4c00000|100%| O|  |TAMS 0x00000000a4b00000, 0x00000000a4b00000| Untracked 
|  64|0x00000000a4c00000, 0x00000000a4d00000, 0x00000000a4d00000|100%| O|  |TAMS 0x00000000a4c00000, 0x00000000a4c00000| Untracked 
|  65|0x00000000a4d00000, 0x00000000a4e00000, 0x00000000a4e00000|100%| O|  |TAMS 0x00000000a4d00000, 0x00000000a4d00000| Untracked 
|  66|0x00000000a4e00000, 0x00000000a4e28e00, 0x00000000a4f00000| 15%| O|  |TAMS 0x00000000a4e00000, 0x00000000a4e00000| Untracked 
|  67|0x00000000a4f00000, 0x00000000a4f00000, 0x00000000a5000000|  0%| F|  |TAMS 0x00000000a4f00000, 0x00000000a4f00000| Untracked 
|  68|0x00000000a5000000, 0x00000000a5000000, 0x00000000a5100000|  0%| F|  |TAMS 0x00000000a5000000, 0x00000000a5000000| Untracked 
|  69|0x00000000a5100000, 0x00000000a5100000, 0x00000000a5200000|  0%| F|  |TAMS 0x00000000a5100000, 0x00000000a5100000| Untracked 
|  70|0x00000000a5200000, 0x00000000a5200000, 0x00000000a5300000|  0%| F|  |TAMS 0x00000000a5200000, 0x00000000a5200000| Untracked 
|  71|0x00000000a5300000, 0x00000000a5300000, 0x00000000a5400000|  0%| F|  |TAMS 0x00000000a5300000, 0x00000000a5300000| Untracked 
|  72|0x00000000a5400000, 0x00000000a5400000, 0x00000000a5500000|  0%| F|  |TAMS 0x00000000a5400000, 0x00000000a5400000| Untracked 
|  73|0x00000000a5500000, 0x00000000a5500000, 0x00000000a5600000|  0%| F|  |TAMS 0x00000000a5500000, 0x00000000a5500000| Untracked 
|  74|0x00000000a5600000, 0x00000000a5600000, 0x00000000a5700000|  0%| F|  |TAMS 0x00000000a5600000, 0x00000000a5600000| Untracked 
|  75|0x00000000a5700000, 0x00000000a5700000, 0x00000000a5800000|  0%| F|  |TAMS 0x00000000a5700000, 0x00000000a5700000| Untracked 
|  76|0x00000000a5800000, 0x00000000a5800000, 0x00000000a5900000|  0%| F|  |TAMS 0x00000000a5800000, 0x00000000a5800000| Untracked 
|  77|0x00000000a5900000, 0x00000000a5900000, 0x00000000a5a00000|  0%| F|  |TAMS 0x00000000a5900000, 0x00000000a5900000| Untracked 
|  78|0x00000000a5a00000, 0x00000000a5a00000, 0x00000000a5b00000|  0%| F|  |TAMS 0x00000000a5a00000, 0x00000000a5a00000| Untracked 
|  79|0x00000000a5b00000, 0x00000000a5b00000, 0x00000000a5c00000|  0%| F|  |TAMS 0x00000000a5b00000, 0x00000000a5b00000| Untracked 
|  80|0x00000000a5c00000, 0x00000000a5c00000, 0x00000000a5d00000|  0%| F|  |TAMS 0x00000000a5c00000, 0x00000000a5c00000| Untracked 
|  81|0x00000000a5d00000, 0x00000000a5d00000, 0x00000000a5e00000|  0%| F|  |TAMS 0x00000000a5d00000, 0x00000000a5d00000| Untracked 
|  82|0x00000000a5e00000, 0x00000000a5e00000, 0x00000000a5f00000|  0%| F|  |TAMS 0x00000000a5e00000, 0x00000000a5e00000| Untracked 
|  83|0x00000000a5f00000, 0x00000000a5f00000, 0x00000000a6000000|  0%| F|  |TAMS 0x00000000a5f00000, 0x00000000a5f00000| Untracked 
|  84|0x00000000a6000000, 0x00000000a6000000, 0x00000000a6100000|  0%| F|  |TAMS 0x00000000a6000000, 0x00000000a6000000| Untracked 
|  85|0x00000000a6100000, 0x00000000a6100000, 0x00000000a6200000|  0%| F|  |TAMS 0x00000000a6100000, 0x00000000a6100000| Untracked 
|  86|0x00000000a6200000, 0x00000000a6200000, 0x00000000a6300000|  0%| F|  |TAMS 0x00000000a6200000, 0x00000000a6200000| Untracked 
|  87|0x00000000a6300000, 0x00000000a6300000, 0x00000000a6400000|  0%| F|  |TAMS 0x00000000a6300000, 0x00000000a6300000| Untracked 
|  88|0x00000000a6400000, 0x00000000a6400000, 0x00000000a6500000|  0%| F|  |TAMS 0x00000000a6400000, 0x00000000a6400000| Untracked 
|  89|0x00000000a6500000, 0x00000000a6500000, 0x00000000a6600000|  0%| F|  |TAMS 0x00000000a6500000, 0x00000000a6500000| Untracked 
|  90|0x00000000a6600000, 0x00000000a6600000, 0x00000000a6700000|  0%| F|  |TAMS 0x00000000a6600000, 0x00000000a6600000| Untracked 
|  91|0x00000000a6700000, 0x00000000a6700000, 0x00000000a6800000|  0%| F|  |TAMS 0x00000000a6700000, 0x00000000a6700000| Untracked 
|  92|0x00000000a6800000, 0x00000000a6800000, 0x00000000a6900000|  0%| F|  |TAMS 0x00000000a6800000, 0x00000000a6800000| Untracked 
|  93|0x00000000a6900000, 0x00000000a6900000, 0x00000000a6a00000|  0%| F|  |TAMS 0x00000000a6900000, 0x00000000a6900000| Untracked 
|  94|0x00000000a6a00000, 0x00000000a6a00000, 0x00000000a6b00000|  0%| F|  |TAMS 0x00000000a6a00000, 0x00000000a6a00000| Untracked 
|  95|0x00000000a6b00000, 0x00000000a6b00000, 0x00000000a6c00000|  0%| F|  |TAMS 0x00000000a6b00000, 0x00000000a6b00000| Untracked 
|  96|0x00000000a6c00000, 0x00000000a6c00000, 0x00000000a6d00000|  0%| F|  |TAMS 0x00000000a6c00000, 0x00000000a6c00000| Untracked 
|  97|0x00000000a6d00000, 0x00000000a6d00000, 0x00000000a6e00000|  0%| F|  |TAMS 0x00000000a6d00000, 0x00000000a6d00000| Untracked 
|  98|0x00000000a6e00000, 0x00000000a6e00000, 0x00000000a6f00000|  0%| F|  |TAMS 0x00000000a6e00000, 0x00000000a6e00000| Untracked 
|  99|0x00000000a6f00000, 0x00000000a6f00000, 0x00000000a7000000|  0%| F|  |TAMS 0x00000000a6f00000, 0x00000000a6f00000| Untracked 
| 100|0x00000000a7000000, 0x00000000a7000000, 0x00000000a7100000|  0%| F|  |TAMS 0x00000000a7000000, 0x00000000a7000000| Untracked 
| 101|0x00000000a7100000, 0x00000000a7100000, 0x00000000a7200000|  0%| F|  |TAMS 0x00000000a7100000, 0x00000000a7100000| Untracked 
| 102|0x00000000a7200000, 0x00000000a7200000, 0x00000000a7300000|  0%| F|  |TAMS 0x00000000a7200000, 0x00000000a7200000| Untracked 
| 103|0x00000000a7300000, 0x00000000a7300000, 0x00000000a7400000|  0%| F|  |TAMS 0x00000000a7300000, 0x00000000a7300000| Untracked 
| 104|0x00000000a7400000, 0x00000000a7400000, 0x00000000a7500000|  0%| F|  |TAMS 0x00000000a7400000, 0x00000000a7400000| Untracked 
| 105|0x00000000a7500000, 0x00000000a7500000, 0x00000000a7600000|  0%| F|  |TAMS 0x00000000a7500000, 0x00000000a7500000| Untracked 
| 106|0x00000000a7600000, 0x00000000a7600000, 0x00000000a7700000|  0%| F|  |TAMS 0x00000000a7600000, 0x00000000a7600000| Untracked 
| 107|0x00000000a7700000, 0x00000000a7700000, 0x00000000a7800000|  0%| F|  |TAMS 0x00000000a7700000, 0x00000000a7700000| Untracked 
| 108|0x00000000a7800000, 0x00000000a7900000, 0x00000000a7900000|100%| S|CS|TAMS 0x00000000a7800000, 0x00000000a7800000| Complete 
| 109|0x00000000a7900000, 0x00000000a7900000, 0x00000000a7a00000|  0%| F|  |TAMS 0x00000000a7900000, 0x00000000a7900000| Untracked 

Card table byte_map: [0x000001d530eb0000,0x000001d5311b0000] _byte_map_base: 0x000001d5309aa000

Marking Bits (Prev, Next): (CMBitMap*) 0x000001d526268620, (CMBitMap*) 0x000001d5262685e0
 Prev Bits: [0x000001d532c80000, 0x000001d534450000)
 Next Bits: [0x000001d5314b0000, 0x000001d532c80000)

Polling page: 0x000001d5241e0000

Metaspace:

Usage:
  Non-class:     40.39 MB used.
      Class:      6.54 MB used.
       Both:     46.93 MB used.

Virtual space:
  Non-class space:       64.00 MB reserved,      40.69 MB ( 64%) committed,  1 nodes.
      Class space:        1.00 GB reserved,       6.81 MB ( <1%) committed,  1 nodes.
             Both:        1.06 GB reserved,      47.50 MB (  4%) committed. 

Chunk freelists:
   Non-Class:  7.36 MB
       Class:  9.08 MB
        Both:  16.44 MB

MaxMetaspaceSize: unlimited
CompressedClassSpaceSize: 1.00 GB
Initial GC threshold: 21.00 MB
Current GC threshold: 79.19 MB
CDS: on
MetaspaceReclaimPolicy: balanced
 - commit_granule_bytes: 65536.
 - commit_granule_words: 8192.
 - virtual_space_node_default_size: 8388608.
 - enlarge_chunks_in_place: 1.
 - new_chunks_are_fully_committed: 0.
 - uncommit_free_chunks: 1.
 - use_allocation_guard: 0.
 - handle_deallocations: 1.


Internal statistics:

num_allocs_failed_limit: 6.
num_arena_births: 620.
num_arena_deaths: 68.
num_vsnodes_births: 2.
num_vsnodes_deaths: 0.
num_space_committed: 760.
num_space_uncommitted: 0.
num_chunks_returned_to_freelist: 88.
num_chunks_taken_from_freelist: 2437.
num_chunk_merges: 27.
num_chunk_splits: 1661.
num_chunks_enlarged: 1225.
num_inconsistent_stats: 0.

CodeCache: size=49152Kb used=10021Kb max_used=10021Kb free=39130Kb
 bounds [0x000001d52daa0000, 0x000001d52e470000, 0x000001d530aa0000]
 total_blobs=6065 nmethods=5469 adapters=523
 compilation: enabled
              stopped_count=0, restarted_count=0
 full_count=0

Compilation events (20 events):
Event: 34.252 Thread 0x000001d536eda320 5466       1       javax.management.ObjectName::isPropertyListPattern (17 bytes)
Event: 34.252 Thread 0x000001d536eda320 nmethod 5466 0x000001d52e465b90 code [0x000001d52e465d20, 0x000001d52e465df8]
Event: 34.253 Thread 0x000001d536eda320 5467       1       javax.management.openmbean.CompositeType::isAssignableFrom (98 bytes)
Event: 34.254 Thread 0x000001d536eda320 nmethod 5467 0x000001d52e465e90 code [0x000001d52e4660e0, 0x000001d52e4668d8]
Event: 34.254 Thread 0x000001d536eda320 5468       1       javax.management.openmbean.TabularType::getRowType (5 bytes)
Event: 34.255 Thread 0x000001d536eda320 nmethod 5468 0x000001d52e466d10 code [0x000001d52e466ea0, 0x000001d52e466f78]
Event: 34.372 Thread 0x000001d536eda320 5469       1       java.lang.management.MemoryUsage::getUsed (5 bytes)
Event: 34.372 Thread 0x000001d536eda320 nmethod 5469 0x000001d52e467010 code [0x000001d52e4671a0, 0x000001d52e467278]
Event: 34.471 Thread 0x000001d536eda320 5470       1       java.util.AbstractCollection::containsAll (38 bytes)
Event: 34.472 Thread 0x000001d536eda320 nmethod 5470 0x000001d52e467310 code [0x000001d52e4674e0, 0x000001d52e467698]
Event: 34.473 Thread 0x000001d536eda320 5471       1       java.util.TreeMap$KeySpliterator::tryAdvance (85 bytes)
Event: 34.474 Thread 0x000001d536eda320 nmethod 5471 0x000001d52e467790 code [0x000001d52e467980, 0x000001d52e467ce8]
Event: 34.510 Thread 0x000001d536eda320 5472       1       java.lang.management.MemoryUsage::getMax (5 bytes)
Event: 34.510 Thread 0x000001d536eda320 nmethod 5472 0x000001d52e467e90 code [0x000001d52e468020, 0x000001d52e4680f8]
Event: 34.546 Thread 0x000001d536eda320 5473       1       sun.management.LazyCompositeData$$Lambda$828/0x000001d5384d1388::test (16 bytes)
Event: 34.547 Thread 0x000001d536eda320 nmethod 5473 0x000001d52e468190 code [0x000001d52e468360, 0x000001d52e468608]
Event: 34.547 Thread 0x000001d536eda320 5474       1       sun.management.LazyCompositeData::lambda$isTypeMatched$0 (14 bytes)
Event: 34.548 Thread 0x000001d536eda320 nmethod 5474 0x000001d52e468810 code [0x000001d52e4689e0, 0x000001d52e468c08]
Event: 34.548 Thread 0x000001d536eda320 5475       1       sun.management.LazyCompositeData::isTypeMatched (108 bytes)
Event: 34.548 Thread 0x000001d536eda320 nmethod 5475 0x000001d52e468e10 code [0x000001d52e469020, 0x000001d52e4695d8]

GC Heap History (20 events):
Event: 23.595 GC heap after
{Heap after GC invocations=10 (full 0):
 garbage-first heap   total 78848K, used 29826K [0x00000000a0c00000, 0x0000000100000000)
  region size 1024K, 5 young (5120K), 5 survivors (5120K)
 Metaspace       used 35077K, committed 35392K, reserved 1114112K
  class space    used 4896K, committed 5056K, reserved 1048576K
}
Event: 24.107 GC heap before
{Heap before GC invocations=10 (full 0):
 garbage-first heap   total 78848K, used 33922K [0x00000000a0c00000, 0x0000000100000000)
  region size 1024K, 10 young (10240K), 5 survivors (5120K)
 Metaspace       used 35770K, committed 36160K, reserved 1114112K
  class space    used 5013K, committed 5184K, reserved 1048576K
}
Event: 24.125 GC heap after
{Heap after GC invocations=11 (full 0):
 garbage-first heap   total 78848K, used 30397K [0x00000000a0c00000, 0x0000000100000000)
  region size 1024K, 3 young (3072K), 3 survivors (3072K)
 Metaspace       used 35770K, committed 36160K, reserved 1114112K
  class space    used 5013K, committed 5184K, reserved 1048576K
}
Event: 28.124 GC heap before
{Heap before GC invocations=12 (full 0):
 garbage-first heap   total 78848K, used 59069K [0x00000000a0c00000, 0x0000000100000000)
  region size 1024K, 31 young (31744K), 3 survivors (3072K)
 Metaspace       used 41204K, committed 41600K, reserved 1114112K
  class space    used 5679K, committed 5888K, reserved 1048576K
}
Event: 28.133 GC heap after
{Heap after GC invocations=13 (full 0):
 garbage-first heap   total 78848K, used 33632K [0x00000000a0c00000, 0x0000000100000000)
  region size 1024K, 4 young (4096K), 4 survivors (4096K)
 Metaspace       used 41204K, committed 41600K, reserved 1114112K
  class space    used 5679K, committed 5888K, reserved 1048576K
}
Event: 28.181 GC heap before
{Heap before GC invocations=13 (full 0):
 garbage-first heap   total 78848K, used 34656K [0x00000000a0c00000, 0x0000000100000000)
  region size 1024K, 5 young (5120K), 4 survivors (4096K)
 Metaspace       used 41256K, committed 41664K, reserved 1114112K
  class space    used 5690K, committed 5888K, reserved 1048576K
}
Event: 28.188 GC heap after
{Heap after GC invocations=14 (full 0):
 garbage-first heap   total 78848K, used 33610K [0x00000000a0c00000, 0x0000000100000000)
  region size 1024K, 1 young (1024K), 1 survivors (1024K)
 Metaspace       used 41256K, committed 41664K, reserved 1114112K
  class space    used 5690K, committed 5888K, reserved 1048576K
}
Event: 30.372 GC heap before
{Heap before GC invocations=14 (full 0):
 garbage-first heap   total 78848K, used 59210K [0x00000000a0c00000, 0x0000000100000000)
  region size 1024K, 27 young (27648K), 1 survivors (1024K)
 Metaspace       used 43666K, committed 44096K, reserved 1114112K
  class space    used 6013K, committed 6208K, reserved 1048576K
}
Event: 30.376 GC heap after
{Heap after GC invocations=15 (full 0):
 garbage-first heap   total 78848K, used 35268K [0x00000000a0c00000, 0x0000000100000000)
  region size 1024K, 3 young (3072K), 3 survivors (3072K)
 Metaspace       used 43666K, committed 44096K, reserved 1114112K
  class space    used 6013K, committed 6208K, reserved 1048576K
}
Event: 32.374 GC heap before
{Heap before GC invocations=15 (full 0):
 garbage-first heap   total 78848K, used 59844K [0x00000000a0c00000, 0x0000000100000000)
  region size 1024K, 28 young (28672K), 3 survivors (3072K)
 Metaspace       used 46253K, committed 46656K, reserved 1114112K
  class space    used 6407K, committed 6592K, reserved 1048576K
}
Event: 32.385 GC heap after
{Heap after GC invocations=16 (full 0):
 garbage-first heap   total 78848K, used 37136K [0x00000000a0c00000, 0x0000000100000000)
  region size 1024K, 4 young (4096K), 4 survivors (4096K)
 Metaspace       used 46253K, committed 46656K, reserved 1114112K
  class space    used 6407K, committed 6592K, reserved 1048576K
}
Event: 34.214 GC heap before
{Heap before GC invocations=16 (full 0):
 garbage-first heap   total 78848K, used 62736K [0x00000000a0c00000, 0x0000000100000000)
  region size 1024K, 29 young (29696K), 4 survivors (4096K)
 Metaspace       used 48138K, committed 48640K, reserved 1114112K
  class space    used 6711K, committed 6976K, reserved 1048576K
}
Event: 34.249 GC heap after
{Heap after GC invocations=17 (full 0):
 garbage-first heap   total 78848K, used 44823K [0x00000000a0c00000, 0x0000000100000000)
  region size 1024K, 4 young (4096K), 4 survivors (4096K)
 Metaspace       used 48138K, committed 48640K, reserved 1114112K
  class space    used 6711K, committed 6976K, reserved 1048576K
}
Event: 34.288 GC heap before
{Heap before GC invocations=17 (full 0):
 garbage-first heap   total 78848K, used 59159K [0x00000000a0c00000, 0x0000000100000000)
  region size 1024K, 18 young (18432K), 4 survivors (4096K)
 Metaspace       used 48138K, committed 48640K, reserved 1114112K
  class space    used 6711K, committed 6976K, reserved 1048576K
}
Event: 34.356 GC heap after
{Heap after GC invocations=18 (full 0):
 garbage-first heap   total 78848K, used 59667K [0x00000000a0c00000, 0x0000000100000000)
  region size 1024K, 3 young (3072K), 3 survivors (3072K)
 Metaspace       used 48138K, committed 48640K, reserved 1114112K
  class space    used 6711K, committed 6976K, reserved 1048576K
}
Event: 34.444 GC heap before
{Heap before GC invocations=18 (full 0):
 garbage-first heap   total 78848K, used 62739K [0x00000000a0c00000, 0x0000000100000000)
  region size 1024K, 6 young (6144K), 3 survivors (3072K)
 Metaspace       used 48140K, committed 48640K, reserved 1114112K
  class space    used 6711K, committed 6976K, reserved 1048576K
}
Event: 34.467 GC heap after
{Heap after GC invocations=19 (full 0):
 garbage-first heap   total 78848K, used 63488K [0x00000000a0c00000, 0x0000000100000000)
  region size 1024K, 1 young (1024K), 1 survivors (1024K)
 Metaspace       used 48140K, committed 48640K, reserved 1114112K
  class space    used 6711K, committed 6976K, reserved 1048576K
}
Event: 34.492 GC heap before
{Heap before GC invocations=19 (full 0):
 garbage-first heap   total 78848K, used 65536K [0x00000000a0c00000, 0x0000000100000000)
  region size 1024K, 3 young (3072K), 1 survivors (1024K)
 Metaspace       used 48140K, committed 48640K, reserved 1114112K
  class space    used 6711K, committed 6976K, reserved 1048576K
}
Event: 34.507 GC heap after
{Heap after GC invocations=20 (full 0):
 garbage-first heap   total 78848K, used 66411K [0x00000000a0c00000, 0x0000000100000000)
  region size 1024K, 1 young (1024K), 1 survivors (1024K)
 Metaspace       used 48140K, committed 48640K, reserved 1114112K
  class space    used 6711K, committed 6976K, reserved 1048576K
}
Event: 34.561 GC heap before
{Heap before GC invocations=20 (full 0):
 garbage-first heap   total 112640K, used 68459K [0x00000000a0c00000, 0x0000000100000000)
  region size 1024K, 3 young (3072K), 1 survivors (1024K)
 Metaspace       used 48058K, committed 48640K, reserved 1114112K
  class space    used 6694K, committed 6976K, reserved 1048576K
}

Deoptimization events (10 events):
Event: 24.449 Thread 0x000001d52621bdb0 DEOPT PACKING pc=0x000001d52e118eac sp=0x00000016fe9f8770
Event: 24.449 Thread 0x000001d52621bdb0 DEOPT UNPACKING pc=0x000001d52daf2b43 sp=0x00000016fe9f7ca0 mode 0
Event: 26.382 Thread 0x000001d57cce3e20 DEOPT PACKING pc=0x000001d52dda3d17 sp=0x0000001680cfef70
Event: 26.383 Thread 0x000001d57cce3e20 DEOPT UNPACKING pc=0x000001d52daf2b43 sp=0x0000001680cfe3c8 mode 3
Event: 30.528 Thread 0x000001d52621bdb0 DEOPT PACKING pc=0x000001d52df015a2 sp=0x00000016fe9fccd0
Event: 30.529 Thread 0x000001d52621bdb0 DEOPT UNPACKING pc=0x000001d52daf2b43 sp=0x00000016fe9fc1d8 mode 3
Event: 30.530 Thread 0x000001d52621bdb0 DEOPT PACKING pc=0x000001d52dec1095 sp=0x00000016fe9fcc90
Event: 30.530 Thread 0x000001d52621bdb0 DEOPT UNPACKING pc=0x000001d52daf2b43 sp=0x00000016fe9fc1d8 mode 3
Event: 30.534 Thread 0x000001d52621bdb0 DEOPT PACKING pc=0x000001d52ded2a5c sp=0x00000016fe9fcc20
Event: 30.534 Thread 0x000001d52621bdb0 DEOPT UNPACKING pc=0x000001d52daf2b43 sp=0x00000016fe9fc1d8 mode 3

Classes unloaded (20 events):
Event: 34.512 Thread 0x000001d536ebf090 Unloading class 0x000001d538113800 'java/lang/invoke/LambdaForm$MH+0x000001d538113800'
Event: 34.512 Thread 0x000001d536ebf090 Unloading class 0x000001d538113400 'java/lang/invoke/LambdaForm$MH+0x000001d538113400'
Event: 34.512 Thread 0x000001d536ebf090 Unloading class 0x000001d538113000 'jdk/internal/reflect/GeneratedSerializationConstructorAccessor8'
Event: 34.512 Thread 0x000001d536ebf090 Unloading class 0x000001d538112c00 'java/lang/invoke/LambdaForm$MH+0x000001d538112c00'
Event: 34.512 Thread 0x000001d536ebf090 Unloading class 0x000001d538112400 'java/lang/invoke/LambdaForm$MH+0x000001d538112400'
Event: 34.512 Thread 0x000001d536ebf090 Unloading class 0x000001d538112000 'java/lang/invoke/LambdaForm$MH+0x000001d538112000'
Event: 34.512 Thread 0x000001d536ebf090 Unloading class 0x000001d538111c00 'java/lang/invoke/LambdaForm$MH+0x000001d538111c00'
Event: 34.512 Thread 0x000001d536ebf090 Unloading class 0x000001d538110800 'java/lang/invoke/LambdaForm$MH+0x000001d538110800'
Event: 34.512 Thread 0x000001d536ebf090 Unloading class 0x000001d538110400 'java/lang/invoke/LambdaForm$MH+0x000001d538110400'
Event: 34.512 Thread 0x000001d536ebf090 Unloading class 0x000001d53810a400 'java/lang/invoke/LambdaForm$MH+0x000001d53810a400'
Event: 34.512 Thread 0x000001d536ebf090 Unloading class 0x000001d53810a000 'jdk/internal/reflect/GeneratedSerializationConstructorAccessor7'
Event: 34.512 Thread 0x000001d536ebf090 Unloading class 0x000001d538109c00 'jdk/internal/reflect/GeneratedSerializationConstructorAccessor6'
Event: 34.512 Thread 0x000001d536ebf090 Unloading class 0x000001d538109800 'jdk/internal/reflect/GeneratedSerializationConstructorAccessor5'
Event: 34.512 Thread 0x000001d536ebf090 Unloading class 0x000001d538109400 'jdk/internal/reflect/GeneratedSerializationConstructorAccessor4'
Event: 34.512 Thread 0x000001d536ebf090 Unloading class 0x000001d5380ac800 'jdk/internal/reflect/GeneratedSerializationConstructorAccessor3'
Event: 34.512 Thread 0x000001d536ebf090 Unloading class 0x000001d5380ac400 'jdk/internal/reflect/GeneratedSerializationConstructorAccessor2'
Event: 34.512 Thread 0x000001d536ebf090 Unloading class 0x000001d5380ac000 'jdk/internal/reflect/GeneratedSerializationConstructorAccessor1'
Event: 34.512 Thread 0x000001d536ebf090 Unloading class 0x000001d5380a0400 'java/lang/invoke/LambdaForm$DMH+0x000001d5380a0400'
Event: 34.513 Thread 0x000001d536ebf090 Unloading class 0x000001d538094400 'java/lang/invoke/LambdaForm$DMH+0x000001d538094400'
Event: 34.513 Thread 0x000001d536ebf090 Unloading class 0x000001d538084400 'jdk/internal/reflect/GeneratedConstructorAccessor1'

Classes redefined (0 events):
No events

Internal exceptions (20 events):
Event: 31.001 Thread 0x000001d52621bdb0 Exception <a 'java/lang/IncompatibleClassChangeError'{0x00000000a4f95148}: Found class java.lang.Object, but interface was expected> (0x00000000a4f95148) 
thrown [s\open\src\hotspot\share\interpreter\linkResolver.cpp, line 826]
Event: 31.548 Thread 0x000001d52621bdb0 Exception <a 'java/lang/ClassNotFoundException'{0x00000000a4773658}: java/lang/ObjectCustomizer> (0x00000000a4773658) 
thrown [s\open\src\hotspot\share\classfile\systemDictionary.cpp, line 256]
Event: 31.550 Thread 0x000001d52621bdb0 Exception <a 'java/lang/ClassNotFoundException'{0x00000000a4780008}: org/springframework/boot/actuate/autoconfigure/metrics/task/TaskExecutorMetricsAutoConfigurationCustomizer> (0x00000000a4780008) 
thrown [s\open\src\hotspot\share\classfile\systemDictionary.cpp, line 256]
Event: 31.584 Thread 0x000001d52621bdb0 Exception <a 'java/lang/NoSuchMethodError'{0x00000000a47a8758}: 'int java.lang.invoke.DirectMethodHandle$Holder.invokeStatic(java.lang.Object, java.lang.Object, java.lang.Object, java.lang.Object, java.lang.Object)'> (0x00000000a47a8758) 
thrown [s\open\src\hotspot\share\interpreter\linkResolver.cpp, line 759]
Event: 32.054 Thread 0x000001d52621bdb0 Exception <a 'java/lang/ClassNotFoundException'{0x00000000a430de60}: java/lang/ObjectCustomizer> (0x00000000a430de60) 
thrown [s\open\src\hotspot\share\classfile\systemDictionary.cpp, line 256]
Event: 32.056 Thread 0x000001d52621bdb0 Exception <a 'java/lang/ClassNotFoundException'{0x00000000a431a440}: org/springframework/security/config/annotation/web/configuration/HttpSecurityConfigurationCustomizer> (0x00000000a431a440) 
thrown [s\open\src\hotspot\share\classfile\systemDictionary.cpp, line 256]
Event: 32.086 Thread 0x000001d52621bdb0 Exception <a 'java/lang/ClassNotFoundException'{0x00000000a4348888}: java/lang/ObjectCustomizer> (0x00000000a4348888) 
thrown [s\open\src\hotspot\share\classfile\systemDictionary.cpp, line 256]
Event: 32.090 Thread 0x000001d52621bdb0 Exception <a 'java/lang/ClassNotFoundException'{0x00000000a4355f20}: org/springframework/security/config/annotation/authentication/configuration/AuthenticationConfigurationCustomizer> (0x00000000a4355f20) 
thrown [s\open\src\hotspot\share\classfile\systemDictionary.cpp, line 256]
Event: 33.657 Thread 0x000001d52621bdb0 Exception <a 'java/lang/ClassNotFoundException'{0x00000000a4cc4fe8}: java/lang/ObjectCustomizer> (0x00000000a4cc4fe8) 
thrown [s\open\src\hotspot\share\classfile\systemDictionary.cpp, line 256]
Event: 33.659 Thread 0x000001d52621bdb0 Exception <a 'java/lang/ClassNotFoundException'{0x00000000a4cd15a8}: org/springframework/security/config/annotation/web/configuration/WebSecurityConfigurationCustomizer> (0x00000000a4cd15a8) 
thrown [s\open\src\hotspot\share\classfile\systemDictionary.cpp, line 256]
Event: 33.662 Thread 0x000001d52621bdb0 Exception <a 'java/lang/ClassNotFoundException'{0x00000000a4ce1eb0}: org/springframework/context/annotation/ImportAwareCustomizer> (0x00000000a4ce1eb0) 
thrown [s\open\src\hotspot\share\classfile\systemDictionary.cpp, line 256]
Event: 33.666 Thread 0x000001d52621bdb0 Exception <a 'java/lang/ClassNotFoundException'{0x00000000a4cea830}: org/springframework/beans/factory/AwareCustomizer> (0x00000000a4cea830) 
thrown [s\open\src\hotspot\share\classfile\systemDictionary.cpp, line 256]
Event: 33.667 Thread 0x000001d52621bdb0 Exception <a 'java/lang/ClassNotFoundException'{0x00000000a4cf27a0}: org/springframework/beans/factory/BeanClassLoaderAwareCustomizer> (0x00000000a4cf27a0) 
thrown [s\open\src\hotspot\share\classfile\systemDictionary.cpp, line 256]
Event: 33.669 Thread 0x000001d52621bdb0 Exception <a 'java/lang/ClassNotFoundException'{0x00000000a4cfb160}: org/springframework/beans/factory/AwareCustomizer> (0x00000000a4cfb160) 
thrown [s\open\src\hotspot\share\classfile\systemDictionary.cpp, line 256]
Event: 33.834 Thread 0x000001d52621bdb0 Exception <a 'java/lang/IncompatibleClassChangeError'{0x00000000a4aad840}: Found class java.lang.Object, but interface was expected> (0x00000000a4aad840) 
thrown [s\open\src\hotspot\share\interpreter\linkResolver.cpp, line 826]
Event: 33.910 Thread 0x000001d52621bdb0 Exception <a 'java/lang/NoSuchMethodError'{0x00000000a49983d0}: 'java.lang.Object java.lang.invoke.DirectMethodHandle$Holder.newInvokeSpecial(java.lang.Object, java.lang.Object, int, java.lang.Object, java.lang.Object)'> (0x00000000a49983d0) 
thrown [s\open\src\hotspot\share\interpreter\linkResolver.cpp, line 759]
Event: 33.917 Thread 0x000001d52621bdb0 Exception <a 'java/lang/NoSuchMethodError'{0x00000000a49a3798}: 'java.lang.Object java.lang.invoke.DirectMethodHandle$Holder.invokeSpecial(java.lang.Object, java.lang.Object, int, java.lang.Object, int, java.lang.Object)'> (0x00000000a49a3798) 
thrown [s\open\src\hotspot\share\interpreter\linkResolver.cpp, line 759]
Event: 33.919 Thread 0x000001d52621bdb0 Exception <a 'java/lang/NoSuchMethodError'{0x00000000a49ab598}: 'java.lang.Object java.lang.invoke.DirectMethodHandle$Holder.newInvokeSpecial(java.lang.Object, java.lang.Object, int, java.lang.Object, int)'> (0x00000000a49ab598) 
thrown [s\open\src\hotspot\share\interpreter\linkResolver.cpp, line 759]
Event: 33.920 Thread 0x000001d52621bdb0 Exception <a 'java/lang/NoSuchMethodError'{0x00000000a49af698}: 'java.lang.Object java.lang.invoke.DirectMethodHandle$Holder.invokeSpecial(java.lang.Object, java.lang.Object, java.lang.Object, int, java.lang.Object, int)'> (0x00000000a49af698) 
thrown [s\open\src\hotspot\share\interpreter\linkResolver.cpp, line 759]
Event: 33.925 Thread 0x000001d52621bdb0 Exception <a 'java/lang/NoSuchMethodError'{0x00000000a49bab60}: 'void java.lang.invoke.DirectMethodHandle$Holder.invokeVirtual(java.lang.Object, java.lang.Object)'> (0x00000000a49bab60) 
thrown [s\open\src\hotspot\share\interpreter\linkResolver.cpp, line 759]

VM Operations (20 events):
Event: 31.022 Executing VM operation: HandshakeAllThreads done
Event: 31.136 Executing VM operation: HandshakeAllThreads
Event: 31.136 Executing VM operation: HandshakeAllThreads done
Event: 32.146 Executing VM operation: Cleanup
Event: 32.162 Executing VM operation: Cleanup done
Event: 32.374 Executing VM operation: G1CollectForAllocation
Event: 32.386 Executing VM operation: G1CollectForAllocation done
Event: 33.348 Executing VM operation: HandshakeAllThreads
Event: 33.348 Executing VM operation: HandshakeAllThreads done
Event: 34.214 Executing VM operation: G1CollectForAllocation
Event: 34.250 Executing VM operation: G1CollectForAllocation done
Event: 34.288 Executing VM operation: G1CollectForAllocation
Event: 34.356 Executing VM operation: G1CollectForAllocation done
Event: 34.444 Executing VM operation: G1CollectForAllocation
Event: 34.467 Executing VM operation: G1CollectForAllocation done
Event: 34.491 Executing VM operation: G1CollectForAllocation
Event: 34.507 Executing VM operation: G1CollectForAllocation done
Event: 34.510 Executing VM operation: G1Concurrent
Event: 34.534 Executing VM operation: G1Concurrent done
Event: 34.560 Executing VM operation: G1CollectForAllocation

Events (20 events):
Event: 34.034 loading class sun/nio/ch/SinkChannelImpl done
Event: 34.039 Thread 0x000001d57e9dd1a0 Thread added: 0x000001d57e9dd1a0
Event: 34.041 loading class java/nio/channels/spi/AbstractSelector$1
Event: 34.041 loading class java/nio/channels/spi/AbstractSelector$1 done
Event: 34.048 Thread 0x000001d57e9de5e0 Thread added: 0x000001d57e9de5e0
Event: 34.049 loading class java/util/TreeMap$ValueSpliterator
Event: 34.051 loading class java/util/TreeMap$ValueSpliterator done
Event: 34.119 loading class java/time/LocalDateTime$1
Event: 34.120 loading class java/time/LocalDateTime$1 done
Event: 34.121 Thread 0x000001d57e9d80a0 Thread added: 0x000001d57e9d80a0
Event: 34.142 loading class javax/management/ObjectName$PatternProperty
Event: 34.144 loading class javax/management/ObjectName$PatternProperty done
Event: 34.144 loading class com/sun/jmx/mbeanserver/Repository$ObjectNamePattern
Event: 34.145 loading class com/sun/jmx/mbeanserver/Repository$ObjectNamePattern done
Event: 34.151 loading class com/sun/jmx/interceptor/DefaultMBeanServerInterceptor$ListenerWrapper
Event: 34.152 loading class com/sun/jmx/interceptor/DefaultMBeanServerInterceptor$ListenerWrapper done
Event: 34.152 loading class javax/management/NotificationBroadcasterSupport$ListenerInfo
Event: 34.153 loading class javax/management/NotificationBroadcasterSupport$ListenerInfo done
Event: 34.172 loading class java/util/concurrent/ConcurrentHashMap$ValueSpliterator
Event: 34.173 loading class java/util/concurrent/ConcurrentHashMap$ValueSpliterator done


Dynamic libraries:
0x00007ff64d260000 - 0x00007ff64d270000 	C:\Java\jdk-17\bin\java.exe
0x00007ffc55250000 - 0x00007ffc55467000 	C:\WINDOWS\SYSTEM32\ntdll.dll
0x00007ffc53eb0000 - 0x00007ffc53f74000 	C:\WINDOWS\System32\KERNEL32.DLL
0x00007ffc52720000 - 0x00007ffc52ad7000 	C:\WINDOWS\System32\KERNELBASE.dll
0x00007ffc52ba0000 - 0x00007ffc52cb1000 	C:\WINDOWS\System32\ucrtbase.dll
0x00007ffc32020000 - 0x00007ffc3203b000 	C:\Java\jdk-17\bin\VCRUNTIME140.dll
0x00007ffc32040000 - 0x00007ffc32059000 	C:\Java\jdk-17\bin\jli.dll
0x00007ffc54a30000 - 0x00007ffc54ae2000 	C:\WINDOWS\System32\ADVAPI32.dll
0x00007ffc532c0000 - 0x00007ffc53367000 	C:\WINDOWS\System32\msvcrt.dll
0x00007ffc54af0000 - 0x00007ffc54b98000 	C:\WINDOWS\System32\sechost.dll
0x00007ffc526f0000 - 0x00007ffc52718000 	C:\WINDOWS\System32\bcrypt.dll
0x00007ffc54900000 - 0x00007ffc54a14000 	C:\WINDOWS\System32\RPCRT4.dll
0x00007ffc53760000 - 0x00007ffc5390f000 	C:\WINDOWS\System32\USER32.dll
0x00007ffc52cc0000 - 0x00007ffc52ce6000 	C:\WINDOWS\System32\win32u.dll
0x00007ffc551e0000 - 0x00007ffc55209000 	C:\WINDOWS\System32\GDI32.dll
0x00007ffc52cf0000 - 0x00007ffc52e08000 	C:\WINDOWS\System32\gdi32full.dll
0x00007ffc52650000 - 0x00007ffc526ea000 	C:\WINDOWS\System32\msvcp_win.dll
0x00007ffc3fc30000 - 0x00007ffc3fec3000 	C:\WINDOWS\WinSxS\amd64_microsoft.windows.common-controls_6595b64144ccf1df_6.0.22621.3672_none_2713b9d173822955\COMCTL32.dll
0x00007ffc47460000 - 0x00007ffc4746a000 	C:\WINDOWS\SYSTEM32\VERSION.dll
0x00007ffc54d20000 - 0x00007ffc54d51000 	C:\WINDOWS\System32\IMM32.DLL
0x00007ffc4e590000 - 0x00007ffc4e59c000 	C:\Java\jdk-17\bin\vcruntime140_1.dll
0x00007ffc10670000 - 0x00007ffc106fe000 	C:\Java\jdk-17\bin\msvcp140.dll
0x00007ffb5e350000 - 0x00007ffb5ef30000 	C:\Java\jdk-17\bin\server\jvm.dll
0x00007ffc53e50000 - 0x00007ffc53e58000 	C:\WINDOWS\System32\PSAPI.DLL
0x00007ffc3da10000 - 0x00007ffc3da19000 	C:\WINDOWS\SYSTEM32\WSOCK32.dll
0x00007ffc531a0000 - 0x00007ffc53211000 	C:\WINDOWS\System32\WS2_32.dll
0x00007ffc4db90000 - 0x00007ffc4dbc4000 	C:\WINDOWS\SYSTEM32\WINMM.dll
0x00007ffc515b0000 - 0x00007ffc515c8000 	C:\WINDOWS\SYSTEM32\kernel.appcore.dll
0x00007ffc4bbf0000 - 0x00007ffc4bbfa000 	C:\Java\jdk-17\bin\jimage.dll
0x00007ffc4c060000 - 0x00007ffc4c292000 	C:\WINDOWS\SYSTEM32\DBGHELP.DLL
0x00007ffc53ac0000 - 0x00007ffc53e4e000 	C:\WINDOWS\System32\combase.dll
0x00007ffc53620000 - 0x00007ffc536f7000 	C:\WINDOWS\System32\OLEAUT32.dll
0x00007ffc3e260000 - 0x00007ffc3e292000 	C:\WINDOWS\SYSTEM32\dbgcore.DLL
0x00007ffc525d0000 - 0x00007ffc5264b000 	C:\WINDOWS\System32\bcryptPrimitives.dll
0x00007ffc4ae30000 - 0x00007ffc4ae3e000 	C:\Java\jdk-17\bin\instrument.dll
0x00007ffc1dbe0000 - 0x00007ffc1dc05000 	C:\Java\jdk-17\bin\java.dll
0x00007ffc10590000 - 0x00007ffc10667000 	C:\Java\jdk-17\bin\jsvml.dll
0x00007ffc53f80000 - 0x00007ffc547e9000 	C:\WINDOWS\System32\SHELL32.dll
0x00007ffc504d0000 - 0x00007ffc50dcf000 	C:\WINDOWS\SYSTEM32\windows.storage.dll
0x00007ffc50390000 - 0x00007ffc504cf000 	C:\WINDOWS\SYSTEM32\wintypes.dll
0x00007ffc53520000 - 0x00007ffc53619000 	C:\WINDOWS\System32\SHCORE.dll
0x00007ffc53700000 - 0x00007ffc5375e000 	C:\WINDOWS\System32\shlwapi.dll
0x00007ffc52490000 - 0x00007ffc524b7000 	C:\WINDOWS\SYSTEM32\profapi.dll
0x00007ffc1ce70000 - 0x00007ffc1ce88000 	C:\Java\jdk-17\bin\zip.dll
0x00007ffc13510000 - 0x00007ffc13529000 	C:\java\jdk-17\bin\net.dll
0x00007ffc4d5c0000 - 0x00007ffc4d6f6000 	C:\WINDOWS\SYSTEM32\WINHTTP.dll
0x00007ffc51a20000 - 0x00007ffc51a89000 	C:\WINDOWS\system32\mswsock.dll
0x00007ffc134f0000 - 0x00007ffc13506000 	C:\java\jdk-17\bin\nio.dll
0x00007ffc0f8c0000 - 0x00007ffc0f8da000 	C:\Program Files\JetBrains\IntelliJ IDEA 2024.2.3\bin\breakgen64.dll
0x00007ffc510a0000 - 0x00007ffc511a2000 	C:\WINDOWS\SYSTEM32\DNSAPI.dll
0x00007ffc51030000 - 0x00007ffc5105d000 	C:\WINDOWS\SYSTEM32\IPHLPAPI.DLL
0x00007ffc532b0000 - 0x00007ffc532b9000 	C:\WINDOWS\System32\NSI.dll
0x0000000063400000 - 0x0000000063426000 	C:\Program Files\Bonjour\mdnsNSP.dll
0x00007ffc4d990000 - 0x00007ffc4d99a000 	C:\Windows\System32\rasadhlp.dll
0x00007ffc4bd00000 - 0x00007ffc4bd83000 	C:\WINDOWS\System32\fwpuclnt.dll
0x00007ffc41580000 - 0x00007ffc4158a000 	C:\java\jdk-17\bin\management.dll
0x00007ffc41420000 - 0x00007ffc4142b000 	C:\java\jdk-17\bin\management_ext.dll
0x00007ffc51c70000 - 0x00007ffc51c8b000 	C:\WINDOWS\SYSTEM32\CRYPTSP.dll
0x00007ffc51510000 - 0x00007ffc51545000 	C:\WINDOWS\system32\rsaenh.dll
0x00007ffc51b10000 - 0x00007ffc51b38000 	C:\WINDOWS\SYSTEM32\USERENV.dll
0x00007ffc51c90000 - 0x00007ffc51c9c000 	C:\WINDOWS\SYSTEM32\CRYPTBASE.dll
0x00007ffc4d9a0000 - 0x00007ffc4d9b9000 	C:\WINDOWS\SYSTEM32\dhcpcsvc6.DLL
0x00007ffc4d400000 - 0x00007ffc4d41f000 	C:\WINDOWS\SYSTEM32\dhcpcsvc.DLL
0x00007ffc3ee90000 - 0x00007ffc3eea7000 	C:\WINDOWS\system32\napinsp.dll
0x00007ffc3ee70000 - 0x00007ffc3ee8b000 	C:\WINDOWS\system32\pnrpnsp.dll
0x00007ffc3b930000 - 0x00007ffc3b941000 	C:\WINDOWS\System32\winrnr.dll
0x00007ffc4c000000 - 0x00007ffc4c015000 	C:\WINDOWS\system32\wshbth.dll
0x00007ffc3b0c0000 - 0x00007ffc3b0e7000 	C:\WINDOWS\system32\nlansp_c.dll
0x00007ffc49d50000 - 0x00007ffc49d60000 	C:\Java\jdk-17\bin\verify.dll
0x00007ffc41cd0000 - 0x00007ffc41d29000 	C:\WINDOWS\SYSTEM32\pdh.dll
0x00007ffc387c0000 - 0x00007ffc387d1000 	C:\WINDOWS\System32\perfproc.dll
0x00007ffc3ef70000 - 0x00007ffc3ef80000 	C:\WINDOWS\System32\perfos.dll
0x00007ffc4faa0000 - 0x00007ffc4fab0000 	C:\WINDOWS\SYSTEM32\pfclient.dll
0x00007ffc413f0000 - 0x00007ffc413fe000 	C:\java\jdk-17\bin\sunmscapi.dll
0x00007ffc52e10000 - 0x00007ffc52f76000 	C:\WINDOWS\System32\CRYPT32.dll
0x00007ffc51e30000 - 0x00007ffc51e5d000 	C:\WINDOWS\SYSTEM32\ncrypt.dll
0x00007ffc51df0000 - 0x00007ffc51e27000 	C:\WINDOWS\SYSTEM32\NTASN1.dll
0x00007ffbdeb40000 - 0x00007ffbdeb48000 	C:\WINDOWS\system32\wshunix.dll

dbghelp: loaded successfully - version: 4.0.5 - missing functions: none
symbol engine: initialized successfully - sym options: 0x614 - pdb path: .;C:\Java\jdk-17\bin;C:\WINDOWS\SYSTEM32;C:\WINDOWS\WinSxS\amd64_microsoft.windows.common-controls_6595b64144ccf1df_6.0.22621.3672_none_2713b9d173822955;C:\Java\jdk-17\bin\server;C:\Program Files\JetBrains\IntelliJ IDEA 2024.2.3\bin;C:\Program Files\Bonjour

VM Arguments:
jvm_args: -XX:TieredStopAtLevel=1 -Dspring.profiles.active=smok_init -Dspring.output.ansi.enabled=always -javaagent:C:\Program Files\JetBrains\IntelliJ IDEA 2024.2.3\lib\idea_rt.jar=61628:C:\Program Files\JetBrains\IntelliJ IDEA 2024.2.3\bin -Dfile.encoding=UTF-8 
java_command: com.smokpromotion.SmokProm.SmokApplication
java_class_path (initial): C:\Users\barry\src\SmokPromNew\build\classes\java\main;C:\Users\barry\src\SmokPromNew\build\resources\main;C:\Users\barry\src\SmokPromNew\libs\MajDbOrm-1.6.4-plain.jar;C:\Users\barry\src\SmokPromNew\libs\jakarta.validation-api-3.1.0.jar;C:\Users\barry\src\SmokPromNew\libs\jasperreports-fonts-6.16.0.jar;C:\gradle\gradle-8.4\caches\modules-2\files-2.1\org.springframework.boot\spring-boot-starter-web\2.7.18\dd62ea85098187b4604e78dc15a7ff87dba173d\spring-boot-starter-web-2.7.18.jar;C:\gradle\gradle-8.4\caches\modules-2\files-2.1\org.springframework.boot\spring-boot-starter-security\2.7.18\5d29a712fd0a5d7b77e348b660e2c0885b215bc4\spring-boot-starter-security-2.7.18.jar;C:\gradle\gradle-8.4\caches\modules-2\files-2.1\org.springframework.boot\spring-boot-starter-thymeleaf\2.7.18\c87a27e30720c43372ceb0476b5b00c6f5296df3\spring-boot-starter-thymeleaf-2.7.18.jar;C:\gradle\gradle-8.4\caches\modules-2\files-2.1\org.springframework.boot\spring-boot-starter-tomcat\3.1.3\af588c29407cd056296be081c281b3e196c4860a\spring-boot-starter-tomcat-3.1.3.jar;C:\gradle\gradle-8.4\caches\modules-2\files-2.1\net.bytebuddy\byte-buddy\1.14.12\6e37f743dc15a8d7a4feb3eb0025cbc612d5b9e1\byte-buddy-1.14.12.jar;C:\gradle\gradle-8.4\caches\modules-2\files-2.1\com.stripe\stripe-java\27.1.0\8deb76dcfda9d6bfc9a48a785f94f364ba2ca156\stripe-java-27.1.0.jar;C:\gradle\gradle-8.4\caches\modules-2\files-2.1\org.twitter4j\twitter4j-core\4.1.2\48fa821ad67644648d6a9cce9b793acc34cf3838\twitter4j-core-4.1.2.jar;C:\gradle\gradle-8.4\caches\modules-2\files-2.1\org.slf4j\slf4j-simple\2.0.12\5fb15030fb6158ef4f63ce4f889f72f4259a7bc3\slf4j-simple-2.0.12.jar;C:\gradle\gradle-8.4\caches\modules-2\files-2.1\org.thymeleaf.extras\thymeleaf-extras-springsecurity5\3.0.5.RELEASE\8ac42b63d03d7ccbfdcb4fc8c4322001e6081515\thymeleaf-extras-springsecurity5-3.0.5.RELEASE.jar;C:\gradle\gradle-8.4\caches\modules-2\files-2.1\org.springframework.data\spring-data-cassandra\4.1.3\dc7df29df2cf8b165fd87ec97644ce49a8
Launcher Type: SUN_STANDARD

[Global flags]
     intx CICompilerCount                          = 4                                         {product} {ergonomic}
     uint ConcGCThreads                            = 2                                         {product} {ergonomic}
     uint G1ConcRefinementThreads                  = 8                                         {product} {ergonomic}
   size_t G1HeapRegionSize                         = 1048576                                   {product} {ergonomic}
    uintx GCDrainStackTargetSize                   = 64                                        {product} {ergonomic}
   size_t InitialHeapSize                          = 100663296                                 {product} {ergonomic}
   size_t MarkStackSize                            = 4194304                                   {product} {ergonomic}
   size_t MaxHeapSize                              = 1598029824                                {product} {ergonomic}
   size_t MaxNewSize                               = 958398464                                 {product} {ergonomic}
   size_t MinHeapDeltaBytes                        = 1048576                                   {product} {ergonomic}
   size_t MinHeapSize                              = 8388608                                   {product} {ergonomic}
    uintx NonProfiledCodeHeapSize                  = 0                                      {pd product} {ergonomic}
     bool ProfileInterpreter                       = false                                  {pd product} {command line}
    uintx ProfiledCodeHeapSize                     = 0                                      {pd product} {ergonomic}
   size_t SoftMaxHeapSize                          = 1598029824                             {manageable} {ergonomic}
     intx TieredStopAtLevel                        = 1                                         {product} {command line}
     bool UseCompressedClassPointers               = true                           {product lp64_product} {ergonomic}
     bool UseCompressedOops                        = true                           {product lp64_product} {ergonomic}
     bool UseG1GC                                  = true                                      {product} {ergonomic}
     bool UseLargePagesIndividualAllocation        = false                                  {pd product} {ergonomic}

Logging:
Log output configuration:
 #0: stdout all=warning uptime,level,tags
 #1: stderr all=off uptime,level,tags

Environment Variables:
JAVA_HOME=C:\program files\java\jdk-17
PATH=C:\Program Files (x86)\Common Files\Oracle\Java\javapath;C:\Program Files\Python312\Scripts\;C:\Program Files\Python312\;C:\Python38\Scripts\;C:\Python38\;C:\Program Files\Common Files\Oracle\Java\javapath;C:\WINDOWS\system32;C:\WINDOWS;C:\WINDOWS\System32\Wbem;C:\WINDOWS\System32\WindowsPowerShell\v1.0\;C:\WINDOWS\System32\OpenSSH\;C:\Program Files\nodejs\;C:\ProgramData\chocolatey\bin;C:\Program Files\PuTTY\;c:\gradle\gradle-8.3-bin\gradle-8.3\bin;C:\Program Files\TortoiseSVN\bin;C:\Program Files\Git\cmd;C:\Program Files\MySQL\MySQL Shell 8.0\bin\;C:\Users\barry\AppData\Local\Microsoft\WindowsApps;C:\Users\barry\AppData\Roaming\npm;C:\Python27;:\Program Files\Java\jdk-11.0.8;C:\apache-cassandra-4.17.0\bin;C:\Users\barry\AppData\Local\Programs\MiKTeX\miktex\bin\x64\;C:\Users\barry\AppData\Roaming\Programs\Zero Install;C:\Program Files\JetBrains\PyCharm Community Edition 2024.2.0.1\bin;;C:\Program Files\JetBrains\IntelliJ IDEA 2024.2.3\bin;
USERNAME=barry
OS=Windows_NT
PROCESSOR_IDENTIFIER=AMD64 Family 23 Model 24 Stepping 1, AuthenticAMD



---------------  S Y S T E M  ---------------

OS:
 Windows 11 , 64 bit Build 22621 (10.0.22621.3958)
OS uptime: 2 days 8:53 hours

CPU: total 8 (initial active 8) (8 cores per cpu, 2 threads per core) family 23 model 24 stepping 1 microcode 0x0, cx8, cmov, fxsr, ht, mmx, 3dnowpref, sse, sse2, sse3, ssse3, sse4a, sse4.1, sse4.2, popcnt, lzcnt, tsc, tscinvbit, avx, avx2, aes, clmul, bmi1, bmi2, adx, sha, fma, vzeroupper, clflush, clflushopt

Memory: 4k page, system-wide physical 6090M (152M free)
TotalPageFile size 24522M (AvailPageFile size 167M)
current process WorkingSet (physical memory assigned to process): 184M, peak: 184M
current process commit charge ("private bytes"): 282M, peak: 502M

vm_info: Java HotSpot(TM) 64-Bit Server VM (17.0.11+7-LTS-207) for windows-amd64 JRE (17.0.11+7-LTS-207), built on Mar 11 2024 19:01:50 by "mach5one" with MS VC++ 17.6 (VS2022)

END.
